[2026-03-16 19:40:44] [INFO    ] [logger] Logger iniciado. Archivo de log: logs\launcher_20260316_194044.log
[2026-03-16 19:40:44] [DEBUG   ] [settings] Configuración cargada desde data\launcher_settings.json
[2026-03-16 19:40:44] [DEBUG   ] [settings] Configuración cargada desde data\launcher_settings.json
[2026-03-16 19:40:44] [INFO    ] [profile_manager] Perfiles cargados: 1
[2026-03-16 19:40:44] [DEBUG   ] [account_manager] accounts.json no encontrado, iniciando lista vacía.
[2026-03-16 19:40:44] [INFO    ] [version_manager] Actualizando caché de versiones disponibles...
[2026-03-16 19:40:44] [INFO    ] [installer] Descargando manifest de versiones de Mojang...
[2026-03-16 19:40:44] [INFO    ] [app] Interfaz iniciada
[2026-03-16 19:40:45] [INFO    ] [installer] Manifest cargado: 871 versiones disponibles
[2026-03-16 19:40:45] [INFO    ] [version_manager] Caché actualizado: 871 versiones disponibles
[2026-03-16 19:44:47] [INFO    ] [auth_service] Sesion offline creada para: Geronimin (UUID: 53f57021-5ef5-30dd-88a8-b0839da0642a)
[2026-03-16 19:44:47] [INFO    ] [launcher] === Lanzando Minecraft 1.21.11 para 'Geronimin' ===
[2026-03-16 19:44:47] [INFO    ] [launcher] Loader detectado: fabric (0.18.4) → versión '1.21.11-fabric-0.18.4'
[2026-03-16 19:44:47] [DEBUG   ] [launcher] Librerías fusionadas: 107 base + 8 loader = 115 total
[2026-03-16 19:44:47] [INFO    ] [launcher] Versión efectiva de lanzamiento: 1.21.11-fabric-0.18.4
[2026-03-16 19:44:52] [DEBUG   ] [system_utils] Error obteniendo version de Java en C:\Users\geron\.minecraft\runtime\java-runtime-delta\bin\java.exe: Command '['C:\\Users\\geron\\.minecraft\\runtime\\java-runtime-delta\\bin\\java.exe', '-version']' timed out after 5 seconds
[2026-03-16 19:44:54] [INFO    ] [system_utils] Java encontrado en PATH: C:\Program Files (x86)\Common Files\Oracle\Java\java8path\java.EXE v1.8.0_481
[2026-03-16 19:44:55] [INFO    ] [system_utils] Total instalaciones de Java encontradas: 3
[2026-03-16 19:44:57] [INFO    ] [java_manager] Instalaciones de Java válidas: 0
[2026-03-16 19:44:57] [INFO    ] [java_manager] No se encontró Java válido. Descargando desde Mojang...
[2026-03-16 19:44:57] [INFO    ] [java_manager] Descargando Java para windows-x64 desde Mojang...
[2026-03-16 19:44:57] [INFO    ] [java_manager] Componente seleccionado: java-runtime-delta
[2026-03-16 19:44:58] [INFO    ] [java_manager] Java descargado: 402 archivos, 0 errores
[2026-03-16 19:44:58] [INFO    ] [java_manager] Java listo en: C:\Users\geron\.minecraft\runtime\java-runtime-delta\bin\java.exe
[2026-03-16 19:44:58] [DEBUG   ] [launcher] JAR del loader no existe — usando JAR base: C:\Users\geron\.minecraft\versions\1.21.11\1.21.11.jar
[2026-03-16 19:44:58] [DEBUG   ] [launcher] Librería no encontrada: C:\Users\geron\.minecraft\libraries\ca\weblite\java-objc-bridge\1.1\java-objc-bridge-1.1.jar
[2026-03-16 19:44:58] [DEBUG   ] [launcher] Librería no encontrada: C:\Users\geron\.minecraft\libraries\com\mojang\jtracy\1.0.37\jtracy-1.0.37-natives-linux.jar
[2026-03-16 19:44:58] [DEBUG   ] [launcher] Librería no encontrada: C:\Users\geron\.minecraft\libraries\com\mojang\jtracy\1.0.37\jtracy-1.0.37-natives-macos.jar
[2026-03-16 19:44:58] [DEBUG   ] [launcher] Librería no encontrada: C:\Users\geron\.minecraft\libraries\com\mojang\jtracy\1.0.37\jtracy-1.0.37-natives-macos-arm64.jar
[2026-03-16 19:44:58] [DEBUG   ] [launcher] Librería no encontrada: C:\Users\geron\.minecraft\libraries\io\netty\netty-transport-native-epoll\4.2.7.Final\netty-transport-native-epoll-4.2.7.Final-linux-aarch_64.jar
[2026-03-16 19:44:58] [DEBUG   ] [launcher] Librería no encontrada: C:\Users\geron\.minecraft\libraries\io\netty\netty-transport-native-epoll\4.2.7.Final\netty-transport-native-epoll-4.2.7.Final-linux-x86_64.jar
[2026-03-16 19:44:58] [DEBUG   ] [launcher] Librería no encontrada: C:\Users\geron\.minecraft\libraries\io\netty\netty-transport-native-kqueue\4.2.7.Final\netty-transport-native-kqueue-4.2.7.Final-osx-aarch_64.jar
[2026-03-16 19:44:58] [DEBUG   ] [launcher] Librería no encontrada: C:\Users\geron\.minecraft\libraries\io\netty\netty-transport-native-kqueue\4.2.7.Final\netty-transport-native-kqueue-4.2.7.Final-osx-x86_64.jar
[2026-03-16 19:44:58] [DEBUG   ] [launcher] Librería no encontrada: C:\Users\geron\.minecraft\libraries\org\lwjgl\lwjgl-freetype\3.3.3\lwjgl-freetype-3.3.3-natives-linux.jar
[2026-03-16 19:44:58] [DEBUG   ] [launcher] Librería no encontrada: C:\Users\geron\.minecraft\libraries\org\lwjgl\lwjgl-freetype\3.3.3\lwjgl-freetype-3.3.3-natives-macos-arm64.jar
[2026-03-16 19:44:58] [DEBUG   ] [launcher] Librería no encontrada: C:\Users\geron\.minecraft\libraries\org\lwjgl\lwjgl-freetype\3.3.3\lwjgl-freetype-3.3.3-natives-macos-patch.jar
[2026-03-16 19:44:58] [DEBUG   ] [launcher] Librería no encontrada: C:\Users\geron\.minecraft\libraries\org\lwjgl\lwjgl-glfw\3.3.3\lwjgl-glfw-3.3.3-natives-linux.jar
[2026-03-16 19:44:58] [DEBUG   ] [launcher] Librería no encontrada: C:\Users\geron\.minecraft\libraries\org\lwjgl\lwjgl-glfw\3.3.3\lwjgl-glfw-3.3.3-natives-macos.jar
[2026-03-16 19:44:58] [DEBUG   ] [launcher] Librería no encontrada: C:\Users\geron\.minecraft\libraries\org\lwjgl\lwjgl-glfw\3.3.3\lwjgl-glfw-3.3.3-natives-macos-arm64.jar
[2026-03-16 19:44:58] [DEBUG   ] [launcher] Librería no encontrada: C:\Users\geron\.minecraft\libraries\org\lwjgl\lwjgl-jemalloc\3.3.3\lwjgl-jemalloc-3.3.3-natives-linux.jar
[2026-03-16 19:44:58] [DEBUG   ] [launcher] Librería no encontrada: C:\Users\geron\.minecraft\libraries\org\lwjgl\lwjgl-jemalloc\3.3.3\lwjgl-jemalloc-3.3.3-natives-macos.jar
[2026-03-16 19:44:58] [DEBUG   ] [launcher] Librería no encontrada: C:\Users\geron\.minecraft\libraries\org\lwjgl\lwjgl-jemalloc\3.3.3\lwjgl-jemalloc-3.3.3-natives-macos-arm64.jar
[2026-03-16 19:44:58] [DEBUG   ] [launcher] Librería no encontrada: C:\Users\geron\.minecraft\libraries\org\lwjgl\lwjgl-openal\3.3.3\lwjgl-openal-3.3.3-natives-linux.jar
[2026-03-16 19:44:58] [DEBUG   ] [launcher] Librería no encontrada: C:\Users\geron\.minecraft\libraries\org\lwjgl\lwjgl-openal\3.3.3\lwjgl-openal-3.3.3-natives-macos.jar
[2026-03-16 19:44:58] [DEBUG   ] [launcher] Librería no encontrada: C:\Users\geron\.minecraft\libraries\org\lwjgl\lwjgl-openal\3.3.3\lwjgl-openal-3.3.3-natives-macos-arm64.jar
[2026-03-16 19:44:58] [DEBUG   ] [launcher] Librería no encontrada: C:\Users\geron\.minecraft\libraries\org\lwjgl\lwjgl-opengl\3.3.3\lwjgl-opengl-3.3.3-natives-linux.jar
[2026-03-16 19:44:58] [DEBUG   ] [launcher] Librería no encontrada: C:\Users\geron\.minecraft\libraries\org\lwjgl\lwjgl-opengl\3.3.3\lwjgl-opengl-3.3.3-natives-macos.jar
[2026-03-16 19:44:58] [DEBUG   ] [launcher] Librería no encontrada: C:\Users\geron\.minecraft\libraries\org\lwjgl\lwjgl-opengl\3.3.3\lwjgl-opengl-3.3.3-natives-macos-arm64.jar
[2026-03-16 19:44:58] [DEBUG   ] [launcher] Librería no encontrada: C:\Users\geron\.minecraft\libraries\org\lwjgl\lwjgl-stb\3.3.3\lwjgl-stb-3.3.3-natives-linux.jar
[2026-03-16 19:44:58] [DEBUG   ] [launcher] Librería no encontrada: C:\Users\geron\.minecraft\libraries\org\lwjgl\lwjgl-stb\3.3.3\lwjgl-stb-3.3.3-natives-macos.jar
[2026-03-16 19:44:58] [DEBUG   ] [launcher] Librería no encontrada: C:\Users\geron\.minecraft\libraries\org\lwjgl\lwjgl-stb\3.3.3\lwjgl-stb-3.3.3-natives-macos-arm64.jar
[2026-03-16 19:44:58] [DEBUG   ] [launcher] Librería no encontrada: C:\Users\geron\.minecraft\libraries\org\lwjgl\lwjgl-tinyfd\3.3.3\lwjgl-tinyfd-3.3.3-natives-linux.jar
[2026-03-16 19:44:58] [DEBUG   ] [launcher] Librería no encontrada: C:\Users\geron\.minecraft\libraries\org\lwjgl\lwjgl-tinyfd\3.3.3\lwjgl-tinyfd-3.3.3-natives-macos.jar
[2026-03-16 19:44:58] [DEBUG   ] [launcher] Librería no encontrada: C:\Users\geron\.minecraft\libraries\org\lwjgl\lwjgl-tinyfd\3.3.3\lwjgl-tinyfd-3.3.3-natives-macos-arm64.jar
[2026-03-16 19:44:58] [DEBUG   ] [launcher] Librería no encontrada: C:\Users\geron\.minecraft\libraries\org\lwjgl\lwjgl\3.3.3\lwjgl-3.3.3-natives-linux.jar
[2026-03-16 19:44:58] [DEBUG   ] [launcher] Librería no encontrada: C:\Users\geron\.minecraft\libraries\org\lwjgl\lwjgl\3.3.3\lwjgl-3.3.3-natives-macos.jar
[2026-03-16 19:44:58] [DEBUG   ] [launcher] Librería no encontrada: C:\Users\geron\.minecraft\libraries\org\lwjgl\lwjgl\3.3.3\lwjgl-3.3.3-natives-macos-arm64.jar
[2026-03-16 19:44:58] [DEBUG   ] [launcher] JAR del loader no existe — usando JAR base: C:\Users\geron\.minecraft\versions\1.21.11\1.21.11.jar
[2026-03-16 19:44:58] [DEBUG   ] [launcher] Classpath con 84 entradas
[2026-03-16 19:44:58] [INFO    ] [launcher] Assets index usado: 29
[2026-03-16 19:44:58] [DEBUG   ] [launcher] Comando construido con 34 partes
[2026-03-16 19:44:58] [INFO    ] [launcher] Minecraft iniciado — PID: 6140
[2026-03-16 19:45:03] [DEBUG   ] [launcher] [MC] [19:45:03] [main/INFO]: Loading Minecraft 1.21.11 with Fabric Loader 0.18.4
[2026-03-16 19:45:03] [INFO    ] [home_view] [MC] [19:45:03] [main/INFO]: Loading Minecraft 1.21.11 with Fabric Loader 0.18.4
[2026-03-16 19:45:03] [DEBUG   ] [launcher] [MC] [19:45:03] [ForkJoinPool-1-worker-7/WARN]: Mod iris uses the version ${version} which isn't compatible with Loader's extended semantic version format (Could not parse version number component '${version}'!), SemVer is recommended for reliably evaluating dependencies and prioritizing newer version
[2026-03-16 19:45:03] [INFO    ] [home_view] [MC] [19:45:03] [ForkJoinPool-1-worker-7/WARN]: Mod iris uses the version ${version} which isn't compatible with Loader's extended semantic version format (Could not parse version number component '${version}'!), SemVer is recommended for reliably evaluating dependencies and prioritizing newer version
[2026-03-16 19:45:03] [DEBUG   ] [launcher] [MC] [19:45:03] [main/WARN]: Mod resolution failed
[2026-03-16 19:45:03] [INFO    ] [home_view] [MC] [19:45:03] [main/WARN]: Mod resolution failed
[2026-03-16 19:45:03] [DEBUG   ] [launcher] [MC] [19:45:03] [main/INFO]: Immediate reason: [HARD_DEP_NO_CANDIDATE fallingleaves 2.0.3 {depends cloth-config @ [>=10.0.0]}, ROOT_FORCELOAD_SINGLE fallingleaves 2.0.3]
[2026-03-16 19:45:03] [INFO    ] [home_view] [MC] [19:45:03] [main/INFO]: Immediate reason: [HARD_DEP_NO_CANDIDATE fallingleaves 2.0.3 {depends cloth-config @ [>=10.0.0]}, ROOT_FORCELOAD_SINGLE fallingleaves 2.0.3]
[2026-03-16 19:45:03] [DEBUG   ] [launcher] [MC] [19:45:03] [main/INFO]: Reason: [HARD_DEP fallingleaves 2.0.3 {depends cloth-config @ [>=10.0.0]}, HARD_DEP iris ${version} {depends sodium @ [0.8.x]}, HARD_DEP moreculling 1.6.2 {depends cloth-config @ [>=16.0.0]}, HARD_DEP reeses-sodium-options 2.0.3+mc1.21.11 {depends sodium @ [>=0.8.3]}, HARD_DEP sodium-extra 0.8.3+mc1.21.11 {depends sodium @ [>=0.8.1]}, HARD_DEP visuality 0.7.12+1.21.11 {depends cloth-config @ [*]}, HARD_DEP c2me-opts-natives-math 0.3.7+alpha.0.9+1.21.11 {depends java @ [>=22]}]
[2026-03-16 19:45:03] [INFO    ] [home_view] [MC] [19:45:03] [main/INFO]: Reason: [HARD_DEP fallingleaves 2.0.3 {depends cloth-config @ [>=10.0.0]}, HARD_DEP iris ${version} {depends sodium @ [0.8.x]}, HARD_DEP moreculling 1.6.2 {depends cloth-config @ [>=16.0.0]}, HARD_DEP reeses-sodium-options 2.0.3+mc1.21.11 {depends sodium @ [>=0.8.3]}, HARD_DEP sodium-extra 0.8.3+mc1.21.11 {depends sodium @ [>=0.8.1]}, HARD_DEP visuality 0.7.12+1.21.11 {depends cloth-config @ [*]}, HARD_DEP c2me-opts-natives-math 0.3.7+alpha.0.9+1.21.11 {depends java @ [>=22]}]
[2026-03-16 19:45:03] [DEBUG   ] [launcher] [MC] [19:45:03] [main/INFO]: Fix: add [add:cloth-config 16.0.0 ([[16.0.0,∞)]), add:sodium 0.8.3 ([[0.8.3,0.9-)])], remove [], replace []
[2026-03-16 19:45:03] [INFO    ] [home_view] [MC] [19:45:03] [main/INFO]: Fix: add [add:cloth-config 16.0.0 ([[16.0.0,∞)]), add:sodium 0.8.3 ([[0.8.3,0.9-)])], remove [], replace []
[2026-03-16 19:45:03] [DEBUG   ] [launcher] [MC] [19:45:03] [main/ERROR]: Incompatible mods found!
[2026-03-16 19:45:03] [INFO    ] [home_view] [MC] [19:45:03] [main/ERROR]: Incompatible mods found!
[2026-03-16 19:45:03] [DEBUG   ] [launcher] [MC] net.fabricmc.loader.impl.FormattedException: Some of your mods are incompatible with the game or each other!
[2026-03-16 19:45:03] [INFO    ] [home_view] [MC] net.fabricmc.loader.impl.FormattedException: Some of your mods are incompatible with the game or each other!
[2026-03-16 19:45:03] [DEBUG   ] [launcher] [MC] Hemos encontrado una solución prometedora:
[2026-03-16 19:45:03] [INFO    ] [home_view] [MC] Hemos encontrado una solución prometedora:
[2026-03-16 19:45:03] [DEBUG   ] [launcher] [MC] 	 - Instala cloth-config, la versión 16.0.0 o posterior.
[2026-03-16 19:45:03] [INFO    ] [home_view] [MC] 	 - Instala cloth-config, la versión 16.0.0 o posterior.
[2026-03-16 19:45:03] [DEBUG   ] [launcher] [MC] 	 - Instala sodium, cualquier versión entre 0.8.3 (incluida) y 0.9- (excluida).
[2026-03-16 19:45:03] [INFO    ] [home_view] [MC] 	 - Instala sodium, cualquier versión entre 0.8.3 (incluida) y 0.9- (excluida).
[2026-03-16 19:45:03] [DEBUG   ] [launcher] [MC] Dependencias no satisfechas:
[2026-03-16 19:45:03] [INFO    ] [home_view] [MC] Dependencias no satisfechas:
[2026-03-16 19:45:03] [DEBUG   ] [launcher] [MC] 	 - ¡El mod 'Falling Leaves' (fallingleaves) 2.0.3 necesita la versión 10.0.0 o posterior de cloth-config, que no tienes!
[2026-03-16 19:45:03] [INFO    ] [home_view] [MC] 	 - ¡El mod 'Falling Leaves' (fallingleaves) 2.0.3 necesita la versión 10.0.0 o posterior de cloth-config, que no tienes!
[2026-03-16 19:45:03] [DEBUG   ] [launcher] [MC] 	 - ¡El mod 'Iris' (iris) ${version} necesita cualquier versión 0.8.x de sodium, que no tienes!
[2026-03-16 19:45:03] [INFO    ] [home_view] [MC] 	 - ¡El mod 'Iris' (iris) ${version} necesita cualquier versión 0.8.x de sodium, que no tienes!
[2026-03-16 19:45:03] [DEBUG   ] [launcher] [MC] 	 - ¡El mod 'More Culling' (moreculling) 1.6.2 necesita la versión 16.0.0 o posterior de cloth-config, que no tienes!
[2026-03-16 19:45:03] [INFO    ] [home_view] [MC] 	 - ¡El mod 'More Culling' (moreculling) 1.6.2 necesita la versión 16.0.0 o posterior de cloth-config, que no tienes!
[2026-03-16 19:45:03] [DEBUG   ] [launcher] [MC] 	 - ¡El mod 'Reese's Sodium Options' (reeses-sodium-options) 2.0.3+mc1.21.11 necesita la versión 0.8.3 o posterior de sodium, que no tienes!
[2026-03-16 19:45:03] [INFO    ] [home_view] [MC] 	 - ¡El mod 'Reese's Sodium Options' (reeses-sodium-options) 2.0.3+mc1.21.11 necesita la versión 0.8.3 o posterior de sodium, que no tienes!
[2026-03-16 19:45:03] [DEBUG   ] [launcher] [MC] 	 - ¡El mod 'Sodium Extra' (sodium-extra) 0.8.3+mc1.21.11 necesita la versión 0.8.1 o posterior de sodium, que no tienes!
[2026-03-16 19:45:03] [INFO    ] [home_view] [MC] 	 - ¡El mod 'Sodium Extra' (sodium-extra) 0.8.3+mc1.21.11 necesita la versión 0.8.1 o posterior de sodium, que no tienes!
[2026-03-16 19:45:03] [DEBUG   ] [launcher] [MC] 	 - ¡El mod 'Visuality' (visuality) 0.7.12+1.21.11 necesita cualquier versión de cloth-config, que no tienes!
[2026-03-16 19:45:03] [INFO    ] [home_view] [MC] 	 - ¡El mod 'Visuality' (visuality) 0.7.12+1.21.11 necesita cualquier versión de cloth-config, que no tienes!
[2026-03-16 19:45:03] [DEBUG   ] [launcher] [MC] 	 - ¡El mod 'Concurrent Chunk Management Engine (Optimizations/Natives Math)' (c2me-opts-natives-math) 0.3.7+alpha.0.9+1.21.11 necesita la versión 22 o posterior de 'OpenJDK 64-Bit Server VM' (java), pero sólo tienes una versión incorrecta: 21!
[2026-03-16 19:45:03] [INFO    ] [home_view] [MC] 	 - ¡El mod 'Concurrent Chunk Management Engine (Optimizations/Natives Math)' (c2me-opts-natives-math) 0.3.7+alpha.0.9+1.21.11 necesita la versión 22 o posterior de 'OpenJDK 64-Bit Server VM' (java), pero sólo tienes una versión incorrecta: 21!
[2026-03-16 19:45:03] [DEBUG   ] [launcher] [MC] 	at net.fabricmc.loader.impl.FormattedException.ofLocalized(FormattedException.java:51)
[2026-03-16 19:45:03] [INFO    ] [home_view] [MC] 	at net.fabricmc.loader.impl.FormattedException.ofLocalized(FormattedException.java:51)
[2026-03-16 19:45:03] [DEBUG   ] [launcher] [MC] 	at net.fabricmc.loader.impl.FabricLoaderImpl.load(FabricLoaderImpl.java:202)
[2026-03-16 19:45:03] [INFO    ] [home_view] [MC] 	at net.fabricmc.loader.impl.FabricLoaderImpl.load(FabricLoaderImpl.java:202)
[2026-03-16 19:45:03] [DEBUG   ] [launcher] [MC] 	at net.fabricmc.loader.impl.launch.knot.Knot.init(Knot.java:142)
[2026-03-16 19:45:03] [INFO    ] [home_view] [MC] 	at net.fabricmc.loader.impl.launch.knot.Knot.init(Knot.java:142)
[2026-03-16 19:45:03] [DEBUG   ] [launcher] [MC] 	at net.fabricmc.loader.impl.launch.knot.Knot.launch(Knot.java:66)
[2026-03-16 19:45:03] [INFO    ] [home_view] [MC] 	at net.fabricmc.loader.impl.launch.knot.Knot.launch(Knot.java:66)
[2026-03-16 19:45:03] [DEBUG   ] [launcher] [MC] 	at net.fabricmc.loader.impl.launch.knot.KnotClient.main(KnotClient.java:23)
[2026-03-16 19:45:03] [INFO    ] [home_view] [MC] 	at net.fabricmc.loader.impl.launch.knot.KnotClient.main(KnotClient.java:23)
[2026-03-16 19:45:12] [INFO    ] [home_view] Minecraft cerrado con código: 1
