[2026-03-26 16:09:44] [INFO    ] [logger] Logger iniciado. Archivo de log: logs\launcher_20260326_160944.log
[2026-03-26 16:09:44] [DEBUG   ] [settings] Configuración cargada desde data\launcher_settings.json
[2026-03-26 16:09:44] [INFO    ] [profile_manager] Perfiles cargados: 3
[2026-03-26 16:09:44] [INFO    ] [account_manager] Cuentas cargadas: 1
[2026-03-26 16:09:44] [INFO    ] [version_manager] Actualizando caché de versiones disponibles...
[2026-03-26 16:09:44] [INFO    ] [installer] Descargando manifest de versiones de Mojang...
[2026-03-26 16:09:44] [INFO    ] [app] Interfaz iniciada
[2026-03-26 16:09:45] [INFO    ] [installer] Manifest cargado: 876 versiones disponibles
[2026-03-26 16:09:45] [INFO    ] [version_manager] Caché actualizado: 876 versiones disponibles
[2026-03-26 16:09:56] [INFO    ] [auth_service] Sesion offline creada para: Geronimin (UUID: 53f57021-5ef5-30dd-88a8-b0839da0642a)
[2026-03-26 16:09:56] [DEBUG   ] [account_manager] Cuentas guardadas: 1 cuenta(s)
[2026-03-26 16:09:56] [INFO    ] [account_manager] Cuenta activa: Geronimin
[2026-03-26 16:09:56] [INFO    ] [launcher] === Lanzando Minecraft 1.9.4 para 'Geronimin' ===
[2026-03-26 16:09:56] [INFO    ] [launcher] Sin loader activo — lanzando Minecraft vanilla
[2026-03-26 16:09:56] [INFO    ] [launcher] Versión efectiva de lanzamiento: 1.9.4
[2026-03-26 16:09:57] [INFO    ] [java_manager] Usando Java embebido: C:\Users\geron\.minecraft\runtime\java-runtime-delta\bin\java.exe
[2026-03-26 16:09:57] [DEBUG   ] [launcher] Librería no encontrada: C:\Users\geron\.minecraft\libraries\org\lwjgl\lwjgl\lwjgl\2.9.2-nightly-20140822\lwjgl-2.9.2-nightly-20140822.jar
[2026-03-26 16:09:57] [DEBUG   ] [launcher] Librería no encontrada: C:\Users\geron\.minecraft\libraries\org\lwjgl\lwjgl\lwjgl_util\2.9.2-nightly-20140822\lwjgl_util-2.9.2-nightly-20140822.jar
[2026-03-26 16:09:57] [DEBUG   ] [launcher] Librería no encontrada: C:\Users\geron\.minecraft\libraries\org\lwjgl\lwjgl\lwjgl-platform\2.9.2-nightly-20140822\lwjgl-platform-2.9.2-nightly-20140822.jar
[2026-03-26 16:09:57] [DEBUG   ] [launcher] Librería no encontrada: C:\Users\geron\.minecraft\libraries\net\java\jinput\jinput-platform\2.0.5\jinput-platform-2.0.5.jar
[2026-03-26 16:09:57] [DEBUG   ] [launcher] Classpath con 32 entradas
[2026-03-26 16:09:57] [DEBUG   ] [launcher] Extraído: OpenAL32.dll
[2026-03-26 16:09:57] [DEBUG   ] [launcher] Extraído: OpenAL64.dll
[2026-03-26 16:09:57] [DEBUG   ] [launcher] Extraído: lwjgl.dll
[2026-03-26 16:09:57] [DEBUG   ] [launcher] Extraído: lwjgl64.dll
[2026-03-26 16:09:57] [DEBUG   ] [launcher] JAR de natives no encontrado: lwjgl-platform-2.9.2-nightly-20140822-natives-windows.jar
[2026-03-26 16:09:57] [DEBUG   ] [launcher] Extraído: jinput-dx8.dll
[2026-03-26 16:09:57] [DEBUG   ] [launcher] Extraído: jinput-dx8_64.dll
[2026-03-26 16:09:57] [DEBUG   ] [launcher] Extraído: jinput-raw.dll
[2026-03-26 16:09:57] [DEBUG   ] [launcher] Extraído: jinput-raw_64.dll
[2026-03-26 16:09:57] [DEBUG   ] [launcher] Extraído: jinput-wintab.dll
[2026-03-26 16:09:57] [INFO    ] [launcher] Se extrajeron 9 archivos nativos para windows
[2026-03-26 16:09:57] [INFO    ] [launcher] Assets index usado: 1.9
[2026-03-26 16:09:57] [DEBUG   ] [launcher] Comando construido con 32 partes
[2026-03-26 16:09:57] [INFO    ] [launcher] Minecraft iniciado con PID: 23148
[2026-03-26 16:09:59] [DEBUG   ] [launcher] [MC] [16:09:59] [Client thread/INFO]: Setting user: Geronimin
[2026-03-26 16:09:59] [INFO    ] [home_view] [MC] [16:09:59] [Client thread/INFO]: Setting user: Geronimin
[2026-03-26 16:10:00] [DEBUG   ] [launcher] [MC] [16:10:00] [Client thread/INFO]: LWJGL Version: 2.9.4
[2026-03-26 16:10:00] [INFO    ] [home_view] [MC] [16:10:00] [Client thread/INFO]: LWJGL Version: 2.9.4
[2026-03-26 16:10:02] [DEBUG   ] [launcher] [MC] [16:10:02] [Client thread/INFO]: Reloading ResourceManager: Default
[2026-03-26 16:10:02] [INFO    ] [home_view] [MC] [16:10:02] [Client thread/INFO]: Reloading ResourceManager: Default
[2026-03-26 16:10:09] [DEBUG   ] [launcher] [MC] [16:10:09] [Sound Library Loader/INFO]: Starting up SoundSystem...
[2026-03-26 16:10:09] [INFO    ] [home_view] [MC] [16:10:09] [Sound Library Loader/INFO]: Starting up SoundSystem...
[2026-03-26 16:10:09] [DEBUG   ] [launcher] [MC] [16:10:09] [Thread-4/INFO]: Initializing LWJGL OpenAL
[2026-03-26 16:10:09] [INFO    ] [home_view] [MC] [16:10:09] [Thread-4/INFO]: Initializing LWJGL OpenAL
[2026-03-26 16:10:09] [DEBUG   ] [launcher] [MC] [16:10:09] [Thread-4/INFO]: (The LWJGL binding of OpenAL.  For more information, see http://www.lwjgl.org)
[2026-03-26 16:10:09] [INFO    ] [home_view] [MC] [16:10:09] [Thread-4/INFO]: (The LWJGL binding of OpenAL.  For more information, see http://www.lwjgl.org)
[2026-03-26 16:10:09] [DEBUG   ] [launcher] [MC] [16:10:09] [Thread-4/INFO]: OpenAL initialized.
[2026-03-26 16:10:09] [INFO    ] [home_view] [MC] [16:10:09] [Thread-4/INFO]: OpenAL initialized.
[2026-03-26 16:10:10] [DEBUG   ] [launcher] [MC] [16:10:10] [Sound Library Loader/INFO]: Sound engine started
[2026-03-26 16:10:10] [INFO    ] [home_view] [MC] [16:10:10] [Sound Library Loader/INFO]: Sound engine started
[2026-03-26 16:10:10] [DEBUG   ] [launcher] [MC] [16:10:10] [Client thread/INFO]: Created: 1024x512 textures-atlas
[2026-03-26 16:10:10] [INFO    ] [home_view] [MC] [16:10:10] [Client thread/INFO]: Created: 1024x512 textures-atlas
[2026-03-26 16:10:10] [DEBUG   ] [launcher] [MC] [16:10:10] [Client thread/INFO]: Stopping!
[2026-03-26 16:10:10] [INFO    ] [home_view] [MC] [16:10:10] [Client thread/INFO]: Stopping!
[2026-03-26 16:10:10] [DEBUG   ] [launcher] [MC] [16:10:10] [Client thread/INFO]: SoundSystem shutting down...
[2026-03-26 16:10:10] [INFO    ] [home_view] [MC] [16:10:10] [Client thread/INFO]: SoundSystem shutting down...
[2026-03-26 16:10:11] [DEBUG   ] [launcher] [MC] [16:10:11] [Client thread/WARN]: Author: Paul Lamb, www.paulscode.com
[2026-03-26 16:10:11] [INFO    ] [home_view] [MC] [16:10:11] [Client thread/WARN]: Author: Paul Lamb, www.paulscode.com
[2026-03-26 16:10:11] [INFO    ] [home_view] Minecraft cerrado con código: 0
