[2026-03-19 16:12:34] [INFO    ] [logger] Logger iniciado. Archivo de log: logs\launcher_20260319_161234.log
[2026-03-19 16:12:35] [DEBUG   ] [settings] Configuración cargada desde data\launcher_settings.json
[2026-03-19 16:12:35] [DEBUG   ] [settings] Configuración cargada desde data\launcher_settings.json
[2026-03-19 16:12:35] [INFO    ] [profile_manager] Perfiles cargados: 2
[2026-03-19 16:12:35] [DEBUG   ] [account_manager] accounts.json no encontrado, iniciando lista vacía.
[2026-03-19 16:12:35] [INFO    ] [version_manager] Actualizando caché de versiones disponibles...
[2026-03-19 16:12:35] [INFO    ] [installer] Descargando manifest de versiones de Mojang...
[2026-03-19 16:12:35] [INFO    ] [app] Interfaz iniciada
[2026-03-19 16:12:36] [INFO    ] [installer] Manifest cargado: 873 versiones disponibles
[2026-03-19 16:12:36] [INFO    ] [version_manager] Caché actualizado: 873 versiones disponibles
[2026-03-19 16:12:47] [DEBUG   ] [account_manager] Cuentas guardadas: 1 cuenta(s)
[2026-03-19 16:12:47] [INFO    ] [account_manager] Cuenta offline agregada: Geronimin (UUID: 866e1bb2-e3f5-3d92-80ac-a238ff380524)
[2026-03-19 16:12:47] [DEBUG   ] [account_manager] Cuentas guardadas: 1 cuenta(s)
[2026-03-19 16:12:47] [INFO    ] [account_manager] Cuenta activa: Geronimin
[2026-03-19 16:12:52] [INFO    ] [skin_service] Skin offline guardada: data/skins\offline_4382f107-2bcc-449e-bf7b-ac8fff519d77.png
[2026-03-19 16:12:52] [DEBUG   ] [account_manager] Cuentas guardadas: 1 cuenta(s)
[2026-03-19 16:12:52] [INFO    ] [account_manager] Skin actualizada para Geronimin: data/skins\offline_4382f107-2bcc-449e-bf7b-ac8fff519d77.png
[2026-03-19 16:13:01] [INFO    ] [auth_service] Sesion offline creada para: Geronimin (UUID: 53f57021-5ef5-30dd-88a8-b0839da0642a)
[2026-03-19 16:13:01] [DEBUG   ] [account_manager] Cuentas guardadas: 1 cuenta(s)
[2026-03-19 16:13:01] [INFO    ] [account_manager] Cuenta activa: Geronimin
[2026-03-19 16:13:01] [INFO    ] [launcher] === Lanzando Minecraft 1.21.11 para 'Geronimin' ===
[2026-03-19 16:13:01] [INFO    ] [launcher] Loader detectado: fabric (0.18.4) → versión '1.21.11-fabric-0.18.4'
[2026-03-19 16:13:01] [DEBUG   ] [launcher] Librerías fusionadas: 107 base + 8 loader = 115 total
[2026-03-19 16:13:01] [INFO    ] [launcher] Versión efectiva de lanzamiento: 1.21.11-fabric-0.18.4
[2026-03-19 16:13:06] [DEBUG   ] [system_utils] Error obteniendo version de Java en C:\Users\geron\.minecraft\runtime\java-runtime-delta\bin\java.exe: Command '['C:\\Users\\geron\\.minecraft\\runtime\\java-runtime-delta\\bin\\java.exe', '-version']' timed out after 5 seconds
[2026-03-19 16:13:07] [INFO    ] [system_utils] Java encontrado en PATH: C:\Program Files (x86)\Common Files\Oracle\Java\java8path\java.EXE v1.8.0_481
[2026-03-19 16:13:08] [INFO    ] [system_utils] Total instalaciones de Java encontradas: 3
[2026-03-19 16:13:10] [INFO    ] [java_manager] Instalaciones de Java válidas: 0
[2026-03-19 16:13:10] [INFO    ] [java_manager] No se encontró Java válido. Descargando desde Mojang...
[2026-03-19 16:13:10] [INFO    ] [java_manager] Descargando Java para windows-x64 desde Mojang...
[2026-03-19 16:13:10] [INFO    ] [java_manager] Componente seleccionado: java-runtime-delta
[2026-03-19 16:13:11] [INFO    ] [java_manager] Java descargado: 402 archivos, 0 errores
[2026-03-19 16:13:11] [INFO    ] [java_manager] Java listo en: C:\Users\geron\.minecraft\runtime\java-runtime-delta\bin\java.exe
[2026-03-19 16:13:11] [DEBUG   ] [launcher] JAR del loader no existe — usando JAR base: C:\Users\geron\.minecraft\versions\1.21.11\1.21.11.jar
[2026-03-19 16:13:11] [DEBUG   ] [launcher] Librería no encontrada: C:\Users\geron\.minecraft\libraries\ca\weblite\java-objc-bridge\1.1\java-objc-bridge-1.1.jar
[2026-03-19 16:13:11] [DEBUG   ] [launcher] Librería no encontrada: C:\Users\geron\.minecraft\libraries\com\mojang\jtracy\1.0.37\jtracy-1.0.37-natives-linux.jar
[2026-03-19 16:13:11] [DEBUG   ] [launcher] Librería no encontrada: C:\Users\geron\.minecraft\libraries\com\mojang\jtracy\1.0.37\jtracy-1.0.37-natives-macos.jar
[2026-03-19 16:13:11] [DEBUG   ] [launcher] Librería no encontrada: C:\Users\geron\.minecraft\libraries\com\mojang\jtracy\1.0.37\jtracy-1.0.37-natives-macos-arm64.jar
[2026-03-19 16:13:11] [DEBUG   ] [launcher] Librería no encontrada: C:\Users\geron\.minecraft\libraries\io\netty\netty-transport-native-epoll\4.2.7.Final\netty-transport-native-epoll-4.2.7.Final-linux-aarch_64.jar
[2026-03-19 16:13:11] [DEBUG   ] [launcher] Librería no encontrada: C:\Users\geron\.minecraft\libraries\io\netty\netty-transport-native-epoll\4.2.7.Final\netty-transport-native-epoll-4.2.7.Final-linux-x86_64.jar
[2026-03-19 16:13:11] [DEBUG   ] [launcher] Librería no encontrada: C:\Users\geron\.minecraft\libraries\io\netty\netty-transport-native-kqueue\4.2.7.Final\netty-transport-native-kqueue-4.2.7.Final-osx-aarch_64.jar
[2026-03-19 16:13:11] [DEBUG   ] [launcher] Librería no encontrada: C:\Users\geron\.minecraft\libraries\io\netty\netty-transport-native-kqueue\4.2.7.Final\netty-transport-native-kqueue-4.2.7.Final-osx-x86_64.jar
[2026-03-19 16:13:11] [DEBUG   ] [launcher] Librería no encontrada: C:\Users\geron\.minecraft\libraries\org\lwjgl\lwjgl-freetype\3.3.3\lwjgl-freetype-3.3.3-natives-linux.jar
[2026-03-19 16:13:11] [DEBUG   ] [launcher] Librería no encontrada: C:\Users\geron\.minecraft\libraries\org\lwjgl\lwjgl-freetype\3.3.3\lwjgl-freetype-3.3.3-natives-macos-arm64.jar
[2026-03-19 16:13:11] [DEBUG   ] [launcher] Librería no encontrada: C:\Users\geron\.minecraft\libraries\org\lwjgl\lwjgl-freetype\3.3.3\lwjgl-freetype-3.3.3-natives-macos-patch.jar
[2026-03-19 16:13:11] [DEBUG   ] [launcher] Librería no encontrada: C:\Users\geron\.minecraft\libraries\org\lwjgl\lwjgl-glfw\3.3.3\lwjgl-glfw-3.3.3-natives-linux.jar
[2026-03-19 16:13:11] [DEBUG   ] [launcher] Librería no encontrada: C:\Users\geron\.minecraft\libraries\org\lwjgl\lwjgl-glfw\3.3.3\lwjgl-glfw-3.3.3-natives-macos.jar
[2026-03-19 16:13:11] [DEBUG   ] [launcher] Librería no encontrada: C:\Users\geron\.minecraft\libraries\org\lwjgl\lwjgl-glfw\3.3.3\lwjgl-glfw-3.3.3-natives-macos-arm64.jar
[2026-03-19 16:13:11] [DEBUG   ] [launcher] Librería no encontrada: C:\Users\geron\.minecraft\libraries\org\lwjgl\lwjgl-jemalloc\3.3.3\lwjgl-jemalloc-3.3.3-natives-linux.jar
[2026-03-19 16:13:11] [DEBUG   ] [launcher] Librería no encontrada: C:\Users\geron\.minecraft\libraries\org\lwjgl\lwjgl-jemalloc\3.3.3\lwjgl-jemalloc-3.3.3-natives-macos.jar
[2026-03-19 16:13:11] [DEBUG   ] [launcher] Librería no encontrada: C:\Users\geron\.minecraft\libraries\org\lwjgl\lwjgl-jemalloc\3.3.3\lwjgl-jemalloc-3.3.3-natives-macos-arm64.jar
[2026-03-19 16:13:11] [DEBUG   ] [launcher] Librería no encontrada: C:\Users\geron\.minecraft\libraries\org\lwjgl\lwjgl-openal\3.3.3\lwjgl-openal-3.3.3-natives-linux.jar
[2026-03-19 16:13:11] [DEBUG   ] [launcher] Librería no encontrada: C:\Users\geron\.minecraft\libraries\org\lwjgl\lwjgl-openal\3.3.3\lwjgl-openal-3.3.3-natives-macos.jar
[2026-03-19 16:13:11] [DEBUG   ] [launcher] Librería no encontrada: C:\Users\geron\.minecraft\libraries\org\lwjgl\lwjgl-openal\3.3.3\lwjgl-openal-3.3.3-natives-macos-arm64.jar
[2026-03-19 16:13:11] [DEBUG   ] [launcher] Librería no encontrada: C:\Users\geron\.minecraft\libraries\org\lwjgl\lwjgl-opengl\3.3.3\lwjgl-opengl-3.3.3-natives-linux.jar
[2026-03-19 16:13:11] [DEBUG   ] [launcher] Librería no encontrada: C:\Users\geron\.minecraft\libraries\org\lwjgl\lwjgl-opengl\3.3.3\lwjgl-opengl-3.3.3-natives-macos.jar
[2026-03-19 16:13:11] [DEBUG   ] [launcher] Librería no encontrada: C:\Users\geron\.minecraft\libraries\org\lwjgl\lwjgl-opengl\3.3.3\lwjgl-opengl-3.3.3-natives-macos-arm64.jar
[2026-03-19 16:13:11] [DEBUG   ] [launcher] Librería no encontrada: C:\Users\geron\.minecraft\libraries\org\lwjgl\lwjgl-stb\3.3.3\lwjgl-stb-3.3.3-natives-linux.jar
[2026-03-19 16:13:11] [DEBUG   ] [launcher] Librería no encontrada: C:\Users\geron\.minecraft\libraries\org\lwjgl\lwjgl-stb\3.3.3\lwjgl-stb-3.3.3-natives-macos.jar
[2026-03-19 16:13:11] [DEBUG   ] [launcher] Librería no encontrada: C:\Users\geron\.minecraft\libraries\org\lwjgl\lwjgl-stb\3.3.3\lwjgl-stb-3.3.3-natives-macos-arm64.jar
[2026-03-19 16:13:11] [DEBUG   ] [launcher] Librería no encontrada: C:\Users\geron\.minecraft\libraries\org\lwjgl\lwjgl-tinyfd\3.3.3\lwjgl-tinyfd-3.3.3-natives-linux.jar
[2026-03-19 16:13:11] [DEBUG   ] [launcher] Librería no encontrada: C:\Users\geron\.minecraft\libraries\org\lwjgl\lwjgl-tinyfd\3.3.3\lwjgl-tinyfd-3.3.3-natives-macos.jar
[2026-03-19 16:13:11] [DEBUG   ] [launcher] Librería no encontrada: C:\Users\geron\.minecraft\libraries\org\lwjgl\lwjgl-tinyfd\3.3.3\lwjgl-tinyfd-3.3.3-natives-macos-arm64.jar
[2026-03-19 16:13:11] [DEBUG   ] [launcher] Librería no encontrada: C:\Users\geron\.minecraft\libraries\org\lwjgl\lwjgl\3.3.3\lwjgl-3.3.3-natives-linux.jar
[2026-03-19 16:13:11] [DEBUG   ] [launcher] Librería no encontrada: C:\Users\geron\.minecraft\libraries\org\lwjgl\lwjgl\3.3.3\lwjgl-3.3.3-natives-macos.jar
[2026-03-19 16:13:11] [DEBUG   ] [launcher] Librería no encontrada: C:\Users\geron\.minecraft\libraries\org\lwjgl\lwjgl\3.3.3\lwjgl-3.3.3-natives-macos-arm64.jar
[2026-03-19 16:13:11] [DEBUG   ] [launcher] JAR del loader no existe — usando JAR base: C:\Users\geron\.minecraft\versions\1.21.11\1.21.11.jar
[2026-03-19 16:13:11] [DEBUG   ] [launcher] Classpath con 84 entradas
[2026-03-19 16:13:11] [INFO    ] [launcher] Assets index usado: 29
[2026-03-19 16:13:11] [DEBUG   ] [launcher] Comando construido con 34 partes
[2026-03-19 16:13:11] [INFO    ] [launcher] Minecraft iniciado — PID: 20880
[2026-03-19 16:13:23] [DEBUG   ] [launcher] [MC] [16:13:23] [main/INFO]: Loading Minecraft 1.21.11 with Fabric Loader 0.18.4
[2026-03-19 16:13:23] [INFO    ] [home_view] [MC] [16:13:23] [main/INFO]: Loading Minecraft 1.21.11 with Fabric Loader 0.18.4
[2026-03-19 16:13:23] [DEBUG   ] [launcher] [MC] [16:13:23] [main/INFO]: Fabric is preparing JARs on first launch, this may take a few seconds...
[2026-03-19 16:13:23] [INFO    ] [home_view] [MC] [16:13:23] [main/INFO]: Fabric is preparing JARs on first launch, this may take a few seconds...
[2026-03-19 16:13:23] [DEBUG   ] [launcher] [MC] [16:13:23] [main/WARN]: Mod resolution failed
[2026-03-19 16:13:23] [INFO    ] [home_view] [MC] [16:13:23] [main/WARN]: Mod resolution failed
[2026-03-19 16:13:23] [DEBUG   ] [launcher] [MC] [16:13:23] [main/INFO]: Immediate reason: [HARD_DEP_NO_CANDIDATE zoomify 2.15.2+1.21.11 {depends fabric-language-kotlin @ [>=1.13.8+kotlin.2.3.0]}, ROOT_FORCELOAD_SINGLE zoomify 2.15.2+1.21.11]
[2026-03-19 16:13:23] [INFO    ] [home_view] [MC] [16:13:23] [main/INFO]: Immediate reason: [HARD_DEP_NO_CANDIDATE zoomify 2.15.2+1.21.11 {depends fabric-language-kotlin @ [>=1.13.8+kotlin.2.3.0]}, ROOT_FORCELOAD_SINGLE zoomify 2.15.2+1.21.11]
[2026-03-19 16:13:23] [DEBUG   ] [launcher] [MC] [16:13:23] [main/INFO]: Reason: [HARD_DEP zoomify 2.15.2+1.21.11 {depends fabric-language-kotlin @ [>=1.13.8+kotlin.2.3.0]}, HARD_DEP zoomify 2.15.2+1.21.11 {depends yet_another_config_lib_v3 @ [>=3.6.6]}, HARD_DEP c2me-opts-natives-math 0.3.7+alpha.0.9+1.21.11 {depends java @ [>=22]}]
[2026-03-19 16:13:23] [INFO    ] [home_view] [MC] [16:13:23] [main/INFO]: Reason: [HARD_DEP zoomify 2.15.2+1.21.11 {depends fabric-language-kotlin @ [>=1.13.8+kotlin.2.3.0]}, HARD_DEP zoomify 2.15.2+1.21.11 {depends yet_another_config_lib_v3 @ [>=3.6.6]}, HARD_DEP c2me-opts-natives-math 0.3.7+alpha.0.9+1.21.11 {depends java @ [>=22]}]
[2026-03-19 16:13:23] [DEBUG   ] [launcher] [MC] [16:13:23] [main/INFO]: Fix: add [add:fabric-language-kotlin 1.13.8+kotlin.2.3.0 ([[1.13.8+kotlin.2.3.0,∞)]), add:yet_another_config_lib_v3 3.6.6 ([[3.6.6,∞)])], remove [], replace []
[2026-03-19 16:13:23] [INFO    ] [home_view] [MC] [16:13:23] [main/INFO]: Fix: add [add:fabric-language-kotlin 1.13.8+kotlin.2.3.0 ([[1.13.8+kotlin.2.3.0,∞)]), add:yet_another_config_lib_v3 3.6.6 ([[3.6.6,∞)])], remove [], replace []
[2026-03-19 16:13:23] [DEBUG   ] [launcher] [MC] [16:13:23] [main/ERROR]: Incompatible mods found!
[2026-03-19 16:13:23] [INFO    ] [home_view] [MC] [16:13:23] [main/ERROR]: Incompatible mods found!
[2026-03-19 16:13:23] [DEBUG   ] [launcher] [MC] net.fabricmc.loader.impl.FormattedException: Some of your mods are incompatible with the game or each other!
[2026-03-19 16:13:23] [INFO    ] [home_view] [MC] net.fabricmc.loader.impl.FormattedException: Some of your mods are incompatible with the game or each other!
[2026-03-19 16:13:23] [DEBUG   ] [launcher] [MC] Hemos encontrado una solución prometedora:
[2026-03-19 16:13:23] [INFO    ] [home_view] [MC] Hemos encontrado una solución prometedora:
[2026-03-19 16:13:23] [DEBUG   ] [launcher] [MC] 	 - Instala fabric-language-kotlin, la versión 1.13.8+kotlin.2.3.0 o posterior.
[2026-03-19 16:13:23] [INFO    ] [home_view] [MC] 	 - Instala fabric-language-kotlin, la versión 1.13.8+kotlin.2.3.0 o posterior.
[2026-03-19 16:13:23] [DEBUG   ] [launcher] [MC] 	 - Instala yet_another_config_lib_v3, la versión 3.6.6 o posterior.
[2026-03-19 16:13:23] [INFO    ] [home_view] [MC] 	 - Instala yet_another_config_lib_v3, la versión 3.6.6 o posterior.
[2026-03-19 16:13:23] [DEBUG   ] [launcher] [MC] Dependencias no satisfechas:
[2026-03-19 16:13:23] [INFO    ] [home_view] [MC] Dependencias no satisfechas:
[2026-03-19 16:13:23] [DEBUG   ] [launcher] [MC] 	 - ¡El mod 'Zoomify' (zoomify) 2.15.2+1.21.11 necesita la versión 1.13.8+kotlin.2.3.0 o posterior de fabric-language-kotlin, que no tienes!
[2026-03-19 16:13:23] [INFO    ] [home_view] [MC] 	 - ¡El mod 'Zoomify' (zoomify) 2.15.2+1.21.11 necesita la versión 1.13.8+kotlin.2.3.0 o posterior de fabric-language-kotlin, que no tienes!
[2026-03-19 16:13:23] [DEBUG   ] [launcher] [MC] 	 - ¡El mod 'Zoomify' (zoomify) 2.15.2+1.21.11 necesita la versión 3.6.6 o posterior de yet_another_config_lib_v3, que no tienes!
[2026-03-19 16:13:23] [INFO    ] [home_view] [MC] 	 - ¡El mod 'Zoomify' (zoomify) 2.15.2+1.21.11 necesita la versión 3.6.6 o posterior de yet_another_config_lib_v3, que no tienes!
[2026-03-19 16:13:23] [DEBUG   ] [launcher] [MC] 	 - ¡El mod 'Concurrent Chunk Management Engine (Optimizations/Natives Math)' (c2me-opts-natives-math) 0.3.7+alpha.0.9+1.21.11 necesita la versión 22 o posterior de 'OpenJDK 64-Bit Server VM' (java), pero sólo tienes una versión incorrecta: 21!
[2026-03-19 16:13:23] [INFO    ] [home_view] [MC] 	 - ¡El mod 'Concurrent Chunk Management Engine (Optimizations/Natives Math)' (c2me-opts-natives-math) 0.3.7+alpha.0.9+1.21.11 necesita la versión 22 o posterior de 'OpenJDK 64-Bit Server VM' (java), pero sólo tienes una versión incorrecta: 21!
[2026-03-19 16:13:23] [DEBUG   ] [launcher] [MC] 	at net.fabricmc.loader.impl.FormattedException.ofLocalized(FormattedException.java:51)
[2026-03-19 16:13:23] [INFO    ] [home_view] [MC] 	at net.fabricmc.loader.impl.FormattedException.ofLocalized(FormattedException.java:51)
[2026-03-19 16:13:23] [DEBUG   ] [launcher] [MC] 	at net.fabricmc.loader.impl.FabricLoaderImpl.load(FabricLoaderImpl.java:202)
[2026-03-19 16:13:23] [INFO    ] [home_view] [MC] 	at net.fabricmc.loader.impl.FabricLoaderImpl.load(FabricLoaderImpl.java:202)
[2026-03-19 16:13:23] [DEBUG   ] [launcher] [MC] 	at net.fabricmc.loader.impl.launch.knot.Knot.init(Knot.java:142)
[2026-03-19 16:13:23] [INFO    ] [home_view] [MC] 	at net.fabricmc.loader.impl.launch.knot.Knot.init(Knot.java:142)
[2026-03-19 16:13:23] [DEBUG   ] [launcher] [MC] 	at net.fabricmc.loader.impl.launch.knot.Knot.launch(Knot.java:66)
[2026-03-19 16:13:23] [INFO    ] [home_view] [MC] 	at net.fabricmc.loader.impl.launch.knot.Knot.launch(Knot.java:66)
[2026-03-19 16:13:23] [DEBUG   ] [launcher] [MC] 	at net.fabricmc.loader.impl.launch.knot.KnotClient.main(KnotClient.java:23)
[2026-03-19 16:13:23] [INFO    ] [home_view] [MC] 	at net.fabricmc.loader.impl.launch.knot.KnotClient.main(KnotClient.java:23)
[2026-03-19 16:13:32] [INFO    ] [home_view] Minecraft cerrado con código: 1
[2026-03-19 16:13:46] [INFO    ] [modrinth_service] Mod descargado: fabric-language-kotlin-1.13.9+kotlin.2.3.10.jar -> C:\Users\geron\.minecraft\profiles\Creativo\mods
[2026-03-19 16:13:46] [INFO    ] [modrinth_service] Mod descargado: yet_another_config_lib_v3-3.8.2+1.21.11-fabric.jar -> C:\Users\geron\.minecraft\profiles\Creativo\mods
[2026-03-19 16:13:48] [INFO    ] [auth_service] Sesion offline creada para: Geronimin (UUID: 53f57021-5ef5-30dd-88a8-b0839da0642a)
[2026-03-19 16:13:48] [DEBUG   ] [account_manager] Cuentas guardadas: 1 cuenta(s)
[2026-03-19 16:13:48] [INFO    ] [account_manager] Cuenta activa: Geronimin
[2026-03-19 16:13:48] [INFO    ] [launcher] === Lanzando Minecraft 1.21.11 para 'Geronimin' ===
[2026-03-19 16:13:48] [INFO    ] [launcher] Loader detectado: fabric (0.18.4) → versión '1.21.11-fabric-0.18.4'
[2026-03-19 16:13:48] [DEBUG   ] [launcher] Librerías fusionadas: 107 base + 8 loader = 115 total
[2026-03-19 16:13:48] [INFO    ] [launcher] Versión efectiva de lanzamiento: 1.21.11-fabric-0.18.4
[2026-03-19 16:13:53] [DEBUG   ] [system_utils] Error obteniendo version de Java en C:\Users\geron\.minecraft\runtime\java-runtime-delta\bin\java.exe: Command '['C:\\Users\\geron\\.minecraft\\runtime\\java-runtime-delta\\bin\\java.exe', '-version']' timed out after 5 seconds
[2026-03-19 16:13:54] [INFO    ] [system_utils] Java encontrado en PATH: C:\Program Files (x86)\Common Files\Oracle\Java\java8path\java.EXE v1.8.0_481
[2026-03-19 16:13:55] [INFO    ] [system_utils] Total instalaciones de Java encontradas: 3
[2026-03-19 16:13:57] [INFO    ] [java_manager] Instalaciones de Java válidas: 0
[2026-03-19 16:13:57] [INFO    ] [java_manager] No se encontró Java válido. Descargando desde Mojang...
[2026-03-19 16:13:57] [INFO    ] [java_manager] Descargando Java para windows-x64 desde Mojang...
[2026-03-19 16:13:57] [INFO    ] [java_manager] Componente seleccionado: java-runtime-delta
[2026-03-19 16:13:58] [INFO    ] [java_manager] Java descargado: 402 archivos, 0 errores
[2026-03-19 16:13:58] [INFO    ] [java_manager] Java listo en: C:\Users\geron\.minecraft\runtime\java-runtime-delta\bin\java.exe
[2026-03-19 16:13:58] [DEBUG   ] [launcher] JAR del loader no existe — usando JAR base: C:\Users\geron\.minecraft\versions\1.21.11\1.21.11.jar
[2026-03-19 16:13:58] [DEBUG   ] [launcher] Librería no encontrada: C:\Users\geron\.minecraft\libraries\ca\weblite\java-objc-bridge\1.1\java-objc-bridge-1.1.jar
[2026-03-19 16:13:58] [DEBUG   ] [launcher] Librería no encontrada: C:\Users\geron\.minecraft\libraries\com\mojang\jtracy\1.0.37\jtracy-1.0.37-natives-linux.jar
[2026-03-19 16:13:58] [DEBUG   ] [launcher] Librería no encontrada: C:\Users\geron\.minecraft\libraries\com\mojang\jtracy\1.0.37\jtracy-1.0.37-natives-macos.jar
[2026-03-19 16:13:58] [DEBUG   ] [launcher] Librería no encontrada: C:\Users\geron\.minecraft\libraries\com\mojang\jtracy\1.0.37\jtracy-1.0.37-natives-macos-arm64.jar
[2026-03-19 16:13:58] [DEBUG   ] [launcher] Librería no encontrada: C:\Users\geron\.minecraft\libraries\io\netty\netty-transport-native-epoll\4.2.7.Final\netty-transport-native-epoll-4.2.7.Final-linux-aarch_64.jar
[2026-03-19 16:13:58] [DEBUG   ] [launcher] Librería no encontrada: C:\Users\geron\.minecraft\libraries\io\netty\netty-transport-native-epoll\4.2.7.Final\netty-transport-native-epoll-4.2.7.Final-linux-x86_64.jar
[2026-03-19 16:13:58] [DEBUG   ] [launcher] Librería no encontrada: C:\Users\geron\.minecraft\libraries\io\netty\netty-transport-native-kqueue\4.2.7.Final\netty-transport-native-kqueue-4.2.7.Final-osx-aarch_64.jar
[2026-03-19 16:13:58] [DEBUG   ] [launcher] Librería no encontrada: C:\Users\geron\.minecraft\libraries\io\netty\netty-transport-native-kqueue\4.2.7.Final\netty-transport-native-kqueue-4.2.7.Final-osx-x86_64.jar
[2026-03-19 16:13:58] [DEBUG   ] [launcher] Librería no encontrada: C:\Users\geron\.minecraft\libraries\org\lwjgl\lwjgl-freetype\3.3.3\lwjgl-freetype-3.3.3-natives-linux.jar
[2026-03-19 16:13:58] [DEBUG   ] [launcher] Librería no encontrada: C:\Users\geron\.minecraft\libraries\org\lwjgl\lwjgl-freetype\3.3.3\lwjgl-freetype-3.3.3-natives-macos-arm64.jar
[2026-03-19 16:13:58] [DEBUG   ] [launcher] Librería no encontrada: C:\Users\geron\.minecraft\libraries\org\lwjgl\lwjgl-freetype\3.3.3\lwjgl-freetype-3.3.3-natives-macos-patch.jar
[2026-03-19 16:13:58] [DEBUG   ] [launcher] Librería no encontrada: C:\Users\geron\.minecraft\libraries\org\lwjgl\lwjgl-glfw\3.3.3\lwjgl-glfw-3.3.3-natives-linux.jar
[2026-03-19 16:13:58] [DEBUG   ] [launcher] Librería no encontrada: C:\Users\geron\.minecraft\libraries\org\lwjgl\lwjgl-glfw\3.3.3\lwjgl-glfw-3.3.3-natives-macos.jar
[2026-03-19 16:13:58] [DEBUG   ] [launcher] Librería no encontrada: C:\Users\geron\.minecraft\libraries\org\lwjgl\lwjgl-glfw\3.3.3\lwjgl-glfw-3.3.3-natives-macos-arm64.jar
[2026-03-19 16:13:58] [DEBUG   ] [launcher] Librería no encontrada: C:\Users\geron\.minecraft\libraries\org\lwjgl\lwjgl-jemalloc\3.3.3\lwjgl-jemalloc-3.3.3-natives-linux.jar
[2026-03-19 16:13:58] [DEBUG   ] [launcher] Librería no encontrada: C:\Users\geron\.minecraft\libraries\org\lwjgl\lwjgl-jemalloc\3.3.3\lwjgl-jemalloc-3.3.3-natives-macos.jar
[2026-03-19 16:13:58] [DEBUG   ] [launcher] Librería no encontrada: C:\Users\geron\.minecraft\libraries\org\lwjgl\lwjgl-jemalloc\3.3.3\lwjgl-jemalloc-3.3.3-natives-macos-arm64.jar
[2026-03-19 16:13:58] [DEBUG   ] [launcher] Librería no encontrada: C:\Users\geron\.minecraft\libraries\org\lwjgl\lwjgl-openal\3.3.3\lwjgl-openal-3.3.3-natives-linux.jar
[2026-03-19 16:13:58] [DEBUG   ] [launcher] Librería no encontrada: C:\Users\geron\.minecraft\libraries\org\lwjgl\lwjgl-openal\3.3.3\lwjgl-openal-3.3.3-natives-macos.jar
[2026-03-19 16:13:58] [DEBUG   ] [launcher] Librería no encontrada: C:\Users\geron\.minecraft\libraries\org\lwjgl\lwjgl-openal\3.3.3\lwjgl-openal-3.3.3-natives-macos-arm64.jar
[2026-03-19 16:13:58] [DEBUG   ] [launcher] Librería no encontrada: C:\Users\geron\.minecraft\libraries\org\lwjgl\lwjgl-opengl\3.3.3\lwjgl-opengl-3.3.3-natives-linux.jar
[2026-03-19 16:13:58] [DEBUG   ] [launcher] Librería no encontrada: C:\Users\geron\.minecraft\libraries\org\lwjgl\lwjgl-opengl\3.3.3\lwjgl-opengl-3.3.3-natives-macos.jar
[2026-03-19 16:13:58] [DEBUG   ] [launcher] Librería no encontrada: C:\Users\geron\.minecraft\libraries\org\lwjgl\lwjgl-opengl\3.3.3\lwjgl-opengl-3.3.3-natives-macos-arm64.jar
[2026-03-19 16:13:58] [DEBUG   ] [launcher] Librería no encontrada: C:\Users\geron\.minecraft\libraries\org\lwjgl\lwjgl-stb\3.3.3\lwjgl-stb-3.3.3-natives-linux.jar
[2026-03-19 16:13:58] [DEBUG   ] [launcher] Librería no encontrada: C:\Users\geron\.minecraft\libraries\org\lwjgl\lwjgl-stb\3.3.3\lwjgl-stb-3.3.3-natives-macos.jar
[2026-03-19 16:13:58] [DEBUG   ] [launcher] Librería no encontrada: C:\Users\geron\.minecraft\libraries\org\lwjgl\lwjgl-stb\3.3.3\lwjgl-stb-3.3.3-natives-macos-arm64.jar
[2026-03-19 16:13:58] [DEBUG   ] [launcher] Librería no encontrada: C:\Users\geron\.minecraft\libraries\org\lwjgl\lwjgl-tinyfd\3.3.3\lwjgl-tinyfd-3.3.3-natives-linux.jar
[2026-03-19 16:13:58] [DEBUG   ] [launcher] Librería no encontrada: C:\Users\geron\.minecraft\libraries\org\lwjgl\lwjgl-tinyfd\3.3.3\lwjgl-tinyfd-3.3.3-natives-macos.jar
[2026-03-19 16:13:58] [DEBUG   ] [launcher] Librería no encontrada: C:\Users\geron\.minecraft\libraries\org\lwjgl\lwjgl-tinyfd\3.3.3\lwjgl-tinyfd-3.3.3-natives-macos-arm64.jar
[2026-03-19 16:13:58] [DEBUG   ] [launcher] Librería no encontrada: C:\Users\geron\.minecraft\libraries\org\lwjgl\lwjgl\3.3.3\lwjgl-3.3.3-natives-linux.jar
[2026-03-19 16:13:58] [DEBUG   ] [launcher] Librería no encontrada: C:\Users\geron\.minecraft\libraries\org\lwjgl\lwjgl\3.3.3\lwjgl-3.3.3-natives-macos.jar
[2026-03-19 16:13:58] [DEBUG   ] [launcher] Librería no encontrada: C:\Users\geron\.minecraft\libraries\org\lwjgl\lwjgl\3.3.3\lwjgl-3.3.3-natives-macos-arm64.jar
[2026-03-19 16:13:58] [DEBUG   ] [launcher] JAR del loader no existe — usando JAR base: C:\Users\geron\.minecraft\versions\1.21.11\1.21.11.jar
[2026-03-19 16:13:58] [DEBUG   ] [launcher] Classpath con 84 entradas
[2026-03-19 16:13:58] [INFO    ] [launcher] Assets index usado: 29
[2026-03-19 16:13:58] [DEBUG   ] [launcher] Comando construido con 34 partes
[2026-03-19 16:13:58] [INFO    ] [launcher] Minecraft iniciado — PID: 22504
[2026-03-19 16:14:00] [DEBUG   ] [launcher] [MC] [16:14:00] [main/INFO]: Loading Minecraft 1.21.11 with Fabric Loader 0.18.4
[2026-03-19 16:14:00] [INFO    ] [home_view] [MC] [16:14:00] [main/INFO]: Loading Minecraft 1.21.11 with Fabric Loader 0.18.4
[2026-03-19 16:14:00] [DEBUG   ] [launcher] [MC] [16:14:00] [main/WARN]: Warnings were found!
[2026-03-19 16:14:00] [INFO    ] [home_view] [MC] [16:14:00] [main/WARN]: Warnings were found!
[2026-03-19 16:14:00] [DEBUG   ] [launcher] [MC]  - ¡El mod 'BetterF3' (betterf3) 17.0.0 recomienda la versión 17.0.0 o posterior de el mod 'Mod Menu' (modmenu), pero sólo una incorrecta está presente: 17.0.0-beta.2!
[2026-03-19 16:14:00] [INFO    ] [home_view] [MC]  - ¡El mod 'BetterF3' (betterf3) 17.0.0 recomienda la versión 17.0.0 o posterior de el mod 'Mod Menu' (modmenu), pero sólo una incorrecta está presente: 17.0.0-beta.2!
[2026-03-19 16:14:00] [DEBUG   ] [launcher] [MC] 	 - Debería instalar la versión 17.0.0 o posterior de el mod 'Mod Menu' (modmenu) para una experiencia óptima.
[2026-03-19 16:14:00] [INFO    ] [home_view] [MC] 	 - Debería instalar la versión 17.0.0 o posterior de el mod 'Mod Menu' (modmenu) para una experiencia óptima.
[2026-03-19 16:14:00] [DEBUG   ] [launcher] [MC] [16:14:00] [main/INFO]: Loading 135 mods:
[2026-03-19 16:14:00] [INFO    ] [home_view] [MC] [16:14:00] [main/INFO]: Loading 135 mods:
[2026-03-19 16:14:00] [DEBUG   ] [launcher] [MC] 	- betterf3 17.0.0
[2026-03-19 16:14:00] [INFO    ] [home_view] [MC] 	- betterf3 17.0.0
[2026-03-19 16:14:00] [DEBUG   ] [launcher] [MC] 	- c2me 0.3.7+alpha.0.9+1.21.11
[2026-03-19 16:14:00] [INFO    ] [home_view] [MC] 	- c2me 0.3.7+alpha.0.9+1.21.11
[2026-03-19 16:14:00] [DEBUG   ] [launcher] [MC] 	   |-- c2me-base 0.3.7+alpha.0.9+1.21.11
[2026-03-19 16:14:00] [INFO    ] [home_view] [MC] 	   |-- c2me-base 0.3.7+alpha.0.9+1.21.11
[2026-03-19 16:14:00] [DEBUG   ] [launcher] [MC] 	   |-- c2me-client-uncapvd 0.3.7+alpha.0.9+1.21.11
[2026-03-19 16:14:00] [INFO    ] [home_view] [MC] 	   |-- c2me-client-uncapvd 0.3.7+alpha.0.9+1.21.11
[2026-03-19 16:14:00] [DEBUG   ] [launcher] [MC] 	   |-- c2me-fixes-chunkio-threading-issues 0.3.7+alpha.0.9+1.21.11
[2026-03-19 16:14:00] [INFO    ] [home_view] [MC] 	   |-- c2me-fixes-chunkio-threading-issues 0.3.7+alpha.0.9+1.21.11
[2026-03-19 16:14:00] [DEBUG   ] [launcher] [MC] 	   |-- c2me-fixes-general-threading-issues 0.3.7+alpha.0.9+1.21.11
[2026-03-19 16:14:00] [INFO    ] [home_view] [MC] 	   |-- c2me-fixes-general-threading-issues 0.3.7+alpha.0.9+1.21.11
[2026-03-19 16:14:00] [DEBUG   ] [launcher] [MC] 	   |-- c2me-fixes-worldgen-threading-issues 0.3.7+alpha.0.9+1.21.11
[2026-03-19 16:14:00] [INFO    ] [home_view] [MC] 	   |-- c2me-fixes-worldgen-threading-issues 0.3.7+alpha.0.9+1.21.11
[2026-03-19 16:14:00] [DEBUG   ] [launcher] [MC] 	   |-- c2me-fixes-worldgen-vanilla-bugs 0.3.7+alpha.0.9+1.21.11
[2026-03-19 16:14:00] [INFO    ] [home_view] [MC] 	   |-- c2me-fixes-worldgen-vanilla-bugs 0.3.7+alpha.0.9+1.21.11
[2026-03-19 16:14:00] [DEBUG   ] [launcher] [MC] 	   |-- c2me-notickvd 0.3.7+alpha.0.9+1.21.11
[2026-03-19 16:14:00] [INFO    ] [home_view] [MC] 	   |-- c2me-notickvd 0.3.7+alpha.0.9+1.21.11
[2026-03-19 16:14:00] [DEBUG   ] [launcher] [MC] 	   |-- c2me-opts-allocs 0.3.7+alpha.0.9+1.21.11
[2026-03-19 16:14:00] [INFO    ] [home_view] [MC] 	   |-- c2me-opts-allocs 0.3.7+alpha.0.9+1.21.11
[2026-03-19 16:14:00] [DEBUG   ] [launcher] [MC] 	   |-- c2me-opts-chunkio 0.3.7+alpha.0.9+1.21.11
[2026-03-19 16:14:00] [INFO    ] [home_view] [MC] 	   |-- c2me-opts-chunkio 0.3.7+alpha.0.9+1.21.11
[2026-03-19 16:14:00] [DEBUG   ] [launcher] [MC] 	   |-- c2me-opts-dfc 0.3.7+alpha.0.9+1.21.11
[2026-03-19 16:14:00] [INFO    ] [home_view] [MC] 	   |-- c2me-opts-dfc 0.3.7+alpha.0.9+1.21.11
[2026-03-19 16:14:00] [DEBUG   ] [launcher] [MC] 	   |-- c2me-opts-math 0.3.7+alpha.0.9+1.21.11
[2026-03-19 16:14:00] [INFO    ] [home_view] [MC] 	   |-- c2me-opts-math 0.3.7+alpha.0.9+1.21.11
[2026-03-19 16:14:00] [DEBUG   ] [launcher] [MC] 	   |-- c2me-opts-scheduling 0.3.7+alpha.0.9+1.21.11
[2026-03-19 16:14:00] [INFO    ] [home_view] [MC] 	   |-- c2me-opts-scheduling 0.3.7+alpha.0.9+1.21.11
[2026-03-19 16:14:00] [DEBUG   ] [launcher] [MC] 	   |-- c2me-opts-worldgen-general 0.3.7+alpha.0.9+1.21.11
[2026-03-19 16:14:00] [INFO    ] [home_view] [MC] 	   |-- c2me-opts-worldgen-general 0.3.7+alpha.0.9+1.21.11
[2026-03-19 16:14:00] [DEBUG   ] [launcher] [MC] 	   |-- c2me-opts-worldgen-vanilla 0.3.7+alpha.0.9+1.21.11
[2026-03-19 16:14:00] [INFO    ] [home_view] [MC] 	   |-- c2me-opts-worldgen-vanilla 0.3.7+alpha.0.9+1.21.11
[2026-03-19 16:14:00] [DEBUG   ] [launcher] [MC] 	   |-- c2me-rewrites-chunk-serializer 0.3.7+alpha.0.9+1.21.11
[2026-03-19 16:14:00] [INFO    ] [home_view] [MC] 	   |-- c2me-rewrites-chunk-serializer 0.3.7+alpha.0.9+1.21.11
[2026-03-19 16:14:00] [DEBUG   ] [launcher] [MC] 	   |-- c2me-rewrites-chunk-system 0.3.7+alpha.0.9+1.21.11
[2026-03-19 16:14:00] [INFO    ] [home_view] [MC] 	   |-- c2me-rewrites-chunk-system 0.3.7+alpha.0.9+1.21.11
[2026-03-19 16:14:00] [DEBUG   ] [launcher] [MC] 	   |-- c2me-rewrites-chunkio 0.3.7+alpha.0.9+1.21.11
[2026-03-19 16:14:00] [INFO    ] [home_view] [MC] 	   |-- c2me-rewrites-chunkio 0.3.7+alpha.0.9+1.21.11
[2026-03-19 16:14:00] [DEBUG   ] [launcher] [MC] 	   |-- c2me-server-utils 0.3.7+alpha.0.9+1.21.11
[2026-03-19 16:14:00] [INFO    ] [home_view] [MC] 	   |-- c2me-server-utils 0.3.7+alpha.0.9+1.21.11
[2026-03-19 16:14:00] [DEBUG   ] [launcher] [MC] 	   |-- c2me-threading-lighting 0.3.7+alpha.0.9+1.21.11
[2026-03-19 16:14:00] [INFO    ] [home_view] [MC] 	   |-- c2me-threading-lighting 0.3.7+alpha.0.9+1.21.11
[2026-03-19 16:14:00] [DEBUG   ] [launcher] [MC] 	   |-- com_electronwill_night-config_core 3.6.5
[2026-03-19 16:14:00] [INFO    ] [home_view] [MC] 	   |-- com_electronwill_night-config_core 3.6.5
[2026-03-19 16:14:00] [DEBUG   ] [launcher] [MC] 	   |-- com_electronwill_night-config_toml 3.6.5
[2026-03-19 16:14:00] [INFO    ] [home_view] [MC] 	   |-- com_electronwill_night-config_toml 3.6.5
[2026-03-19 16:14:00] [DEBUG   ] [launcher] [MC] 	   |-- com_ibm_async_asyncutil 0.1.0
[2026-03-19 16:14:00] [INFO    ] [home_view] [MC] 	   |-- com_ibm_async_asyncutil 0.1.0
[2026-03-19 16:14:00] [DEBUG   ] [launcher] [MC] 	   |-- io_reactivex_rxjava3_rxjava 3.1.12
[2026-03-19 16:14:00] [INFO    ] [home_view] [MC] 	   |-- io_reactivex_rxjava3_rxjava 3.1.12
[2026-03-19 16:14:00] [DEBUG   ] [launcher] [MC] 	   |-- net_objecthunter_exp4j 0.4.8
[2026-03-19 16:14:00] [INFO    ] [home_view] [MC] 	   |-- net_objecthunter_exp4j 0.4.8
[2026-03-19 16:14:00] [DEBUG   ] [launcher] [MC] 	   |-- org_jctools_jctools-core 4.0.5
[2026-03-19 16:14:00] [INFO    ] [home_view] [MC] 	   |-- org_jctools_jctools-core 4.0.5
[2026-03-19 16:14:00] [DEBUG   ] [launcher] [MC] 	   \-- org_reactivestreams_reactive-streams 1.0.4
[2026-03-19 16:14:00] [INFO    ] [home_view] [MC] 	   \-- org_reactivestreams_reactive-streams 1.0.4
[2026-03-19 16:14:00] [DEBUG   ] [launcher] [MC] 	- cloth-config 21.11.153
[2026-03-19 16:14:00] [INFO    ] [home_view] [MC] 	- cloth-config 21.11.153
[2026-03-19 16:14:00] [DEBUG   ] [launcher] [MC] 	   \-- cloth-basic-math 0.6.1
[2026-03-19 16:14:00] [INFO    ] [home_view] [MC] 	   \-- cloth-basic-math 0.6.1
[2026-03-19 16:14:00] [DEBUG   ] [launcher] [MC] 	- continuity 3.0.1-beta.1+1.21.11
[2026-03-19 16:14:00] [INFO    ] [home_view] [MC] 	- continuity 3.0.1-beta.1+1.21.11
[2026-03-19 16:14:00] [DEBUG   ] [launcher] [MC] 	- entityculling 1.9.5
[2026-03-19 16:14:00] [INFO    ] [home_view] [MC] 	- entityculling 1.9.5
[2026-03-19 16:14:00] [DEBUG   ] [launcher] [MC] 	   \-- trender 1.0.10
[2026-03-19 16:14:00] [INFO    ] [home_view] [MC] 	   \-- trender 1.0.10
[2026-03-19 16:14:00] [DEBUG   ] [launcher] [MC] 	- fabric-api 0.141.3+1.21.11
[2026-03-19 16:14:00] [INFO    ] [home_view] [MC] 	- fabric-api 0.141.3+1.21.11
[2026-03-19 16:14:00] [DEBUG   ] [launcher] [MC] 	   |-- fabric-api-base 1.0.5+4ebb5c083e
[2026-03-19 16:14:00] [INFO    ] [home_view] [MC] 	   |-- fabric-api-base 1.0.5+4ebb5c083e
[2026-03-19 16:14:00] [DEBUG   ] [launcher] [MC] 	   |-- fabric-api-lookup-api-v1 1.6.114+20dc27073e
[2026-03-19 16:14:00] [INFO    ] [home_view] [MC] 	   |-- fabric-api-lookup-api-v1 1.6.114+20dc27073e
[2026-03-19 16:14:00] [DEBUG   ] [launcher] [MC] 	   |-- fabric-biome-api-v1 17.1.1+4fc5413f3e
[2026-03-19 16:14:00] [INFO    ] [home_view] [MC] 	   |-- fabric-biome-api-v1 17.1.1+4fc5413f3e
[2026-03-19 16:14:00] [DEBUG   ] [launcher] [MC] 	   |-- fabric-block-api-v1 1.1.10+4ebb5c083e
[2026-03-19 16:14:00] [INFO    ] [home_view] [MC] 	   |-- fabric-block-api-v1 1.1.10+4ebb5c083e
[2026-03-19 16:14:00] [DEBUG   ] [launcher] [MC] 	   |-- fabric-block-view-api-v2 1.0.39+4ebb5c083e
[2026-03-19 16:14:00] [INFO    ] [home_view] [MC] 	   |-- fabric-block-view-api-v2 1.0.39+4ebb5c083e
[2026-03-19 16:14:00] [DEBUG   ] [launcher] [MC] 	   |-- fabric-command-api-v2 2.4.7+6b42a6003e
[2026-03-19 16:14:00] [INFO    ] [home_view] [MC] 	   |-- fabric-command-api-v2 2.4.7+6b42a6003e
[2026-03-19 16:14:00] [DEBUG   ] [launcher] [MC] 	   |-- fabric-content-registries-v0 10.2.14+4fc5413f3e
[2026-03-19 16:14:00] [INFO    ] [home_view] [MC] 	   |-- fabric-content-registries-v0 10.2.14+4fc5413f3e
[2026-03-19 16:14:00] [DEBUG   ] [launcher] [MC] 	   |-- fabric-convention-tags-v1 2.1.55+7f945d5b3e
[2026-03-19 16:14:00] [INFO    ] [home_view] [MC] 	   |-- fabric-convention-tags-v1 2.1.55+7f945d5b3e
[2026-03-19 16:14:00] [DEBUG   ] [launcher] [MC] 	   |-- fabric-convention-tags-v2 2.17.3+8ef948ba3e
[2026-03-19 16:14:00] [INFO    ] [home_view] [MC] 	   |-- fabric-convention-tags-v2 2.17.3+8ef948ba3e
[2026-03-19 16:14:00] [DEBUG   ] [launcher] [MC] 	   |-- fabric-crash-report-info-v1 0.3.23+4ebb5c083e
[2026-03-19 16:14:00] [INFO    ] [home_view] [MC] 	   |-- fabric-crash-report-info-v1 0.3.23+4ebb5c083e
[2026-03-19 16:14:00] [DEBUG   ] [launcher] [MC] 	   |-- fabric-data-attachment-api-v1 1.8.47+eed0806f3e
[2026-03-19 16:14:00] [INFO    ] [home_view] [MC] 	   |-- fabric-data-attachment-api-v1 1.8.47+eed0806f3e
[2026-03-19 16:14:00] [DEBUG   ] [launcher] [MC] 	   |-- fabric-data-generation-api-v1 23.4.0+69974c4e3e
[2026-03-19 16:14:00] [INFO    ] [home_view] [MC] 	   |-- fabric-data-generation-api-v1 23.4.0+69974c4e3e
[2026-03-19 16:14:00] [DEBUG   ] [launcher] [MC] 	   |-- fabric-dimensions-v1 4.0.28+4fc5413f3e
[2026-03-19 16:14:00] [INFO    ] [home_view] [MC] 	   |-- fabric-dimensions-v1 4.0.28+4fc5413f3e
[2026-03-19 16:14:00] [DEBUG   ] [launcher] [MC] 	   |-- fabric-entity-events-v1 3.1.1+1d0ab4303e
[2026-03-19 16:14:00] [INFO    ] [home_view] [MC] 	   |-- fabric-entity-events-v1 3.1.1+1d0ab4303e
[2026-03-19 16:14:00] [DEBUG   ] [launcher] [MC] 	   |-- fabric-events-interaction-v0 4.1.0+3b89ecf63e
[2026-03-19 16:14:00] [INFO    ] [home_view] [MC] 	   |-- fabric-events-interaction-v0 4.1.0+3b89ecf63e
[2026-03-19 16:14:00] [DEBUG   ] [launcher] [MC] 	   |-- fabric-game-rule-api-v1 2.0.3+4fc5413f3e
[2026-03-19 16:14:00] [INFO    ] [home_view] [MC] 	   |-- fabric-game-rule-api-v1 2.0.3+4fc5413f3e
[2026-03-19 16:14:00] [DEBUG   ] [launcher] [MC] 	   |-- fabric-item-api-v1 11.5.20+d0c46b9e3e
[2026-03-19 16:14:00] [INFO    ] [home_view] [MC] 	   |-- fabric-item-api-v1 11.5.20+d0c46b9e3e
[2026-03-19 16:14:00] [DEBUG   ] [launcher] [MC] 	   |-- fabric-item-group-api-v1 4.2.36+4fc5413f3e
[2026-03-19 16:14:00] [INFO    ] [home_view] [MC] 	   |-- fabric-item-group-api-v1 4.2.36+4fc5413f3e
[2026-03-19 16:14:00] [DEBUG   ] [launcher] [MC] 	   |-- fabric-key-binding-api-v1 1.1.7+4fc5413f3e
[2026-03-19 16:14:00] [INFO    ] [home_view] [MC] 	   |-- fabric-key-binding-api-v1 1.1.7+4fc5413f3e
[2026-03-19 16:14:00] [DEBUG   ] [launcher] [MC] 	   |-- fabric-lifecycle-events-v1 2.6.15+4ebb5c083e
[2026-03-19 16:14:00] [INFO    ] [home_view] [MC] 	   |-- fabric-lifecycle-events-v1 2.6.15+4ebb5c083e
[2026-03-19 16:14:00] [DEBUG   ] [launcher] [MC] 	   |-- fabric-loot-api-v2 3.0.73+3f89f5a53e
[2026-03-19 16:14:00] [INFO    ] [home_view] [MC] 	   |-- fabric-loot-api-v2 3.0.73+3f89f5a53e
[2026-03-19 16:14:00] [DEBUG   ] [launcher] [MC] 	   |-- fabric-loot-api-v3 2.0.20+78c8b4663e
[2026-03-19 16:14:00] [INFO    ] [home_view] [MC] 	   |-- fabric-loot-api-v3 2.0.20+78c8b4663e
[2026-03-19 16:14:00] [DEBUG   ] [launcher] [MC] 	   |-- fabric-message-api-v1 6.1.12+4ebb5c083e
[2026-03-19 16:14:00] [INFO    ] [home_view] [MC] 	   |-- fabric-message-api-v1 6.1.12+4ebb5c083e
[2026-03-19 16:14:00] [DEBUG   ] [launcher] [MC] 	   |-- fabric-model-loading-api-v1 6.0.15+4fc5413f3e
[2026-03-19 16:14:00] [INFO    ] [home_view] [MC] 	   |-- fabric-model-loading-api-v1 6.0.15+4fc5413f3e
[2026-03-19 16:14:00] [DEBUG   ] [launcher] [MC] 	   |-- fabric-networking-api-v1 5.1.5+ae1e07683e
[2026-03-19 16:14:00] [INFO    ] [home_view] [MC] 	   |-- fabric-networking-api-v1 5.1.5+ae1e07683e
[2026-03-19 16:14:00] [DEBUG   ] [launcher] [MC] 	   |-- fabric-object-builder-api-v1 21.1.39+4fc5413f3e
[2026-03-19 16:14:00] [INFO    ] [home_view] [MC] 	   |-- fabric-object-builder-api-v1 21.1.39+4fc5413f3e
[2026-03-19 16:14:00] [DEBUG   ] [launcher] [MC] 	   |-- fabric-particles-v1 4.2.11+4fc5413f3e
[2026-03-19 16:14:00] [INFO    ] [home_view] [MC] 	   |-- fabric-particles-v1 4.2.11+4fc5413f3e
[2026-03-19 16:14:00] [DEBUG   ] [launcher] [MC] 	   |-- fabric-recipe-api-v1 8.2.3+4ebb5c083e
[2026-03-19 16:14:00] [INFO    ] [home_view] [MC] 	   |-- fabric-recipe-api-v1 8.2.3+4ebb5c083e
[2026-03-19 16:14:00] [DEBUG   ] [launcher] [MC] 	   |-- fabric-registry-sync-v0 6.2.5+1718722b3e
[2026-03-19 16:14:00] [INFO    ] [home_view] [MC] 	   |-- fabric-registry-sync-v0 6.2.5+1718722b3e
[2026-03-19 16:14:00] [DEBUG   ] [launcher] [MC] 	   |-- fabric-renderer-api-v1 8.0.3+f4ffd2e53e
[2026-03-19 16:14:00] [INFO    ] [home_view] [MC] 	   |-- fabric-renderer-api-v1 8.0.3+f4ffd2e53e
[2026-03-19 16:14:00] [DEBUG   ] [launcher] [MC] 	   |-- fabric-renderer-indigo 5.0.3+f4ffd2e53e
[2026-03-19 16:14:00] [INFO    ] [home_view] [MC] 	   |-- fabric-renderer-indigo 5.0.3+f4ffd2e53e
[2026-03-19 16:14:00] [DEBUG   ] [launcher] [MC] 	   |-- fabric-rendering-fluids-v1 3.1.43+4ebb5c083e
[2026-03-19 16:14:00] [INFO    ] [home_view] [MC] 	   |-- fabric-rendering-fluids-v1 3.1.43+4ebb5c083e
[2026-03-19 16:14:00] [DEBUG   ] [launcher] [MC] 	   |-- fabric-rendering-v1 16.2.10+0290ad933e
[2026-03-19 16:14:00] [INFO    ] [home_view] [MC] 	   |-- fabric-rendering-v1 16.2.10+0290ad933e
[2026-03-19 16:14:00] [DEBUG   ] [launcher] [MC] 	   |-- fabric-resource-conditions-api-v1 5.0.35+4fc5413f3e
[2026-03-19 16:14:00] [INFO    ] [home_view] [MC] 	   |-- fabric-resource-conditions-api-v1 5.0.35+4fc5413f3e
[2026-03-19 16:14:00] [DEBUG   ] [launcher] [MC] 	   |-- fabric-resource-loader-v0 3.3.4+4fc5413f3e
[2026-03-19 16:14:00] [INFO    ] [home_view] [MC] 	   |-- fabric-resource-loader-v0 3.3.4+4fc5413f3e
[2026-03-19 16:14:00] [DEBUG   ] [launcher] [MC] 	   |-- fabric-resource-loader-v1 1.0.10+78c8b4663e
[2026-03-19 16:14:00] [INFO    ] [home_view] [MC] 	   |-- fabric-resource-loader-v1 1.0.10+78c8b4663e
[2026-03-19 16:14:00] [DEBUG   ] [launcher] [MC] 	   |-- fabric-screen-api-v1 3.1.7+4ebb5c083e
[2026-03-19 16:14:00] [INFO    ] [home_view] [MC] 	   |-- fabric-screen-api-v1 3.1.7+4ebb5c083e
[2026-03-19 16:14:00] [DEBUG   ] [launcher] [MC] 	   |-- fabric-screen-handler-api-v1 1.3.161+4fc5413f3e
[2026-03-19 16:14:00] [INFO    ] [home_view] [MC] 	   |-- fabric-screen-handler-api-v1 1.3.161+4fc5413f3e
[2026-03-19 16:14:00] [DEBUG   ] [launcher] [MC] 	   |-- fabric-serialization-api-v1 1.0.5+4ebb5c083e
[2026-03-19 16:14:00] [INFO    ] [home_view] [MC] 	   |-- fabric-serialization-api-v1 1.0.5+4ebb5c083e
[2026-03-19 16:14:00] [DEBUG   ] [launcher] [MC] 	   |-- fabric-sound-api-v1 1.0.51+4fc5413f3e
[2026-03-19 16:14:00] [INFO    ] [home_view] [MC] 	   |-- fabric-sound-api-v1 1.0.51+4fc5413f3e
[2026-03-19 16:14:00] [DEBUG   ] [launcher] [MC] 	   |-- fabric-tag-api-v1 1.2.20+4fc5413f3e
[2026-03-19 16:14:00] [INFO    ] [home_view] [MC] 	   |-- fabric-tag-api-v1 1.2.20+4fc5413f3e
[2026-03-19 16:14:00] [DEBUG   ] [launcher] [MC] 	   |-- fabric-transfer-api-v1 6.0.25+4fc5413f3e
[2026-03-19 16:14:00] [INFO    ] [home_view] [MC] 	   |-- fabric-transfer-api-v1 6.0.25+4fc5413f3e
[2026-03-19 16:14:00] [DEBUG   ] [launcher] [MC] 	   \-- fabric-transitive-access-wideners-v1 7.1.0+014c8cec3e
[2026-03-19 16:14:00] [INFO    ] [home_view] [MC] 	   \-- fabric-transitive-access-wideners-v1 7.1.0+014c8cec3e
[2026-03-19 16:14:00] [DEBUG   ] [launcher] [MC] 	- fabric-language-kotlin 1.13.9+kotlin.2.3.10
[2026-03-19 16:14:00] [INFO    ] [home_view] [MC] 	- fabric-language-kotlin 1.13.9+kotlin.2.3.10
[2026-03-19 16:14:00] [DEBUG   ] [launcher] [MC] 	   |-- org_jetbrains_kotlin_kotlin-reflect 2.3.10
[2026-03-19 16:14:00] [INFO    ] [home_view] [MC] 	   |-- org_jetbrains_kotlin_kotlin-reflect 2.3.10
[2026-03-19 16:14:00] [DEBUG   ] [launcher] [MC] 	   |-- org_jetbrains_kotlin_kotlin-stdlib 2.3.10
[2026-03-19 16:14:00] [INFO    ] [home_view] [MC] 	   |-- org_jetbrains_kotlin_kotlin-stdlib 2.3.10
[2026-03-19 16:14:00] [DEBUG   ] [launcher] [MC] 	   |-- org_jetbrains_kotlin_kotlin-stdlib-jdk7 2.3.10
[2026-03-19 16:14:00] [INFO    ] [home_view] [MC] 	   |-- org_jetbrains_kotlin_kotlin-stdlib-jdk7 2.3.10
[2026-03-19 16:14:00] [DEBUG   ] [launcher] [MC] 	   |-- org_jetbrains_kotlin_kotlin-stdlib-jdk8 2.3.10
[2026-03-19 16:14:00] [INFO    ] [home_view] [MC] 	   |-- org_jetbrains_kotlin_kotlin-stdlib-jdk8 2.3.10
[2026-03-19 16:14:00] [DEBUG   ] [launcher] [MC] 	   |-- org_jetbrains_kotlinx_atomicfu-jvm 0.31.0
[2026-03-19 16:14:00] [INFO    ] [home_view] [MC] 	   |-- org_jetbrains_kotlinx_atomicfu-jvm 0.31.0
[2026-03-19 16:14:00] [DEBUG   ] [launcher] [MC] 	   |-- org_jetbrains_kotlinx_kotlinx-coroutines-core-jvm 1.10.2
[2026-03-19 16:14:00] [INFO    ] [home_view] [MC] 	   |-- org_jetbrains_kotlinx_kotlinx-coroutines-core-jvm 1.10.2
[2026-03-19 16:14:00] [DEBUG   ] [launcher] [MC] 	   |-- org_jetbrains_kotlinx_kotlinx-coroutines-jdk8 1.10.2
[2026-03-19 16:14:00] [INFO    ] [home_view] [MC] 	   |-- org_jetbrains_kotlinx_kotlinx-coroutines-jdk8 1.10.2
[2026-03-19 16:14:00] [DEBUG   ] [launcher] [MC] 	   |-- org_jetbrains_kotlinx_kotlinx-datetime-jvm 0.7.1
[2026-03-19 16:14:00] [INFO    ] [home_view] [MC] 	   |-- org_jetbrains_kotlinx_kotlinx-datetime-jvm 0.7.1
[2026-03-19 16:14:00] [DEBUG   ] [launcher] [MC] 	   |-- org_jetbrains_kotlinx_kotlinx-io-bytestring-jvm 0.8.2
[2026-03-19 16:14:00] [INFO    ] [home_view] [MC] 	   |-- org_jetbrains_kotlinx_kotlinx-io-bytestring-jvm 0.8.2
[2026-03-19 16:14:00] [DEBUG   ] [launcher] [MC] 	   |-- org_jetbrains_kotlinx_kotlinx-io-core-jvm 0.8.2
[2026-03-19 16:14:00] [INFO    ] [home_view] [MC] 	   |-- org_jetbrains_kotlinx_kotlinx-io-core-jvm 0.8.2
[2026-03-19 16:14:00] [DEBUG   ] [launcher] [MC] 	   |-- org_jetbrains_kotlinx_kotlinx-serialization-cbor-jvm 1.10.0
[2026-03-19 16:14:00] [INFO    ] [home_view] [MC] 	   |-- org_jetbrains_kotlinx_kotlinx-serialization-cbor-jvm 1.10.0
[2026-03-19 16:14:00] [DEBUG   ] [launcher] [MC] 	   |-- org_jetbrains_kotlinx_kotlinx-serialization-core-jvm 1.10.0
[2026-03-19 16:14:00] [INFO    ] [home_view] [MC] 	   |-- org_jetbrains_kotlinx_kotlinx-serialization-core-jvm 1.10.0
[2026-03-19 16:14:00] [DEBUG   ] [launcher] [MC] 	   \-- org_jetbrains_kotlinx_kotlinx-serialization-json-jvm 1.10.0
[2026-03-19 16:14:00] [INFO    ] [home_view] [MC] 	   \-- org_jetbrains_kotlinx_kotlinx-serialization-json-jvm 1.10.0
[2026-03-19 16:14:00] [DEBUG   ] [launcher] [MC] 	- fabricloader 0.18.4
[2026-03-19 16:14:00] [INFO    ] [home_view] [MC] 	- fabricloader 0.18.4
[2026-03-19 16:14:00] [DEBUG   ] [launcher] [MC] 	   \-- mixinextras 0.5.0
[2026-03-19 16:14:00] [INFO    ] [home_view] [MC] 	   \-- mixinextras 0.5.0
[2026-03-19 16:14:00] [DEBUG   ] [launcher] [MC] 	- fallingleaves 2.0.3
[2026-03-19 16:14:00] [INFO    ] [home_view] [MC] 	- fallingleaves 2.0.3
[2026-03-19 16:14:00] [DEBUG   ] [launcher] [MC] 	- ferritecore 8.2.0
[2026-03-19 16:14:00] [INFO    ] [home_view] [MC] 	- ferritecore 8.2.0
[2026-03-19 16:14:00] [DEBUG   ] [launcher] [MC] 	- immediatelyfast 1.14.2+1.21.11
[2026-03-19 16:14:00] [INFO    ] [home_view] [MC] 	- immediatelyfast 1.14.2+1.21.11
[2026-03-19 16:14:00] [DEBUG   ] [launcher] [MC] 	   \-- net_lenni0451_reflect 1.6.1+curseforge
[2026-03-19 16:14:00] [INFO    ] [home_view] [MC] 	   \-- net_lenni0451_reflect 1.6.1+curseforge
[2026-03-19 16:14:00] [DEBUG   ] [launcher] [MC] 	- iris 1.10.6+mc1.21.11
[2026-03-19 16:14:00] [INFO    ] [home_view] [MC] 	- iris 1.10.6+mc1.21.11
[2026-03-19 16:14:00] [DEBUG   ] [launcher] [MC] 	   |-- io_github_douira_glsl-transformer 3.0.0-pre3
[2026-03-19 16:14:00] [INFO    ] [home_view] [MC] 	   |-- io_github_douira_glsl-transformer 3.0.0-pre3
[2026-03-19 16:14:00] [DEBUG   ] [launcher] [MC] 	   |-- org_anarres_jcpp 1.4.14
[2026-03-19 16:14:00] [INFO    ] [home_view] [MC] 	   |-- org_anarres_jcpp 1.4.14
[2026-03-19 16:14:00] [DEBUG   ] [launcher] [MC] 	   \-- org_antlr_antlr4-runtime 4.13.1
[2026-03-19 16:14:00] [INFO    ] [home_view] [MC] 	   \-- org_antlr_antlr4-runtime 4.13.1
[2026-03-19 16:14:00] [DEBUG   ] [launcher] [MC] 	- java 21
[2026-03-19 16:14:00] [INFO    ] [home_view] [MC] 	- java 21
[2026-03-19 16:14:00] [DEBUG   ] [launcher] [MC] 	- lambdynlights 4.9.1+1.21.11
[2026-03-19 16:14:00] [INFO    ] [home_view] [MC] 	- lambdynlights 4.9.1+1.21.11
[2026-03-19 16:14:00] [DEBUG   ] [launcher] [MC] 	   \-- lambdynlights_runtime 4.9.1+1.21.11
[2026-03-19 16:14:00] [INFO    ] [home_view] [MC] 	   \-- lambdynlights_runtime 4.9.1+1.21.11
[2026-03-19 16:14:00] [DEBUG   ] [launcher] [MC] 	        |-- lambdynlights_api 4.9.1+1.21.11
[2026-03-19 16:14:00] [INFO    ] [home_view] [MC] 	        |-- lambdynlights_api 4.9.1+1.21.11
[2026-03-19 16:14:00] [DEBUG   ] [launcher] [MC] 	        |    |-- yumi_commons_collections 1.0.0
[2026-03-19 16:14:00] [INFO    ] [home_view] [MC] 	        |    |-- yumi_commons_collections 1.0.0
[2026-03-19 16:14:00] [DEBUG   ] [launcher] [MC] 	        |    |-- yumi_commons_core 1.0.0
[2026-03-19 16:14:00] [INFO    ] [home_view] [MC] 	        |    |-- yumi_commons_core 1.0.0
[2026-03-19 16:14:00] [DEBUG   ] [launcher] [MC] 	        |    \-- yumi_commons_event 1.0.0
[2026-03-19 16:14:00] [INFO    ] [home_view] [MC] 	        |    \-- yumi_commons_event 1.0.0
[2026-03-19 16:14:00] [DEBUG   ] [launcher] [MC] 	        |-- pride 1.5.1+1.21.11
[2026-03-19 16:14:00] [INFO    ] [home_view] [MC] 	        |-- pride 1.5.1+1.21.11
[2026-03-19 16:14:00] [DEBUG   ] [launcher] [MC] 	        |-- spruceui 9.1.0+1.21.11
[2026-03-19 16:14:00] [INFO    ] [home_view] [MC] 	        |-- spruceui 9.1.0+1.21.11
[2026-03-19 16:14:00] [DEBUG   ] [launcher] [MC] 	        \-- yumi_mc_core 1.0.0-beta.1+1.21.11
[2026-03-19 16:14:00] [INFO    ] [home_view] [MC] 	        \-- yumi_mc_core 1.0.0-beta.1+1.21.11
[2026-03-19 16:14:00] [DEBUG   ] [launcher] [MC] 	             |-- yumi_commons_collections 1.0.0
[2026-03-19 16:14:00] [INFO    ] [home_view] [MC] 	             |-- yumi_commons_collections 1.0.0
[2026-03-19 16:14:00] [DEBUG   ] [launcher] [MC] 	             |-- yumi_commons_core 1.0.0
[2026-03-19 16:14:00] [INFO    ] [home_view] [MC] 	             |-- yumi_commons_core 1.0.0
[2026-03-19 16:14:00] [DEBUG   ] [launcher] [MC] 	             \-- yumi_commons_event 1.0.0
[2026-03-19 16:14:00] [INFO    ] [home_view] [MC] 	             \-- yumi_commons_event 1.0.0
[2026-03-19 16:14:00] [DEBUG   ] [launcher] [MC] 	- lithium 0.21.4+mc1.21.11
[2026-03-19 16:14:00] [INFO    ] [home_view] [MC] 	- lithium 0.21.4+mc1.21.11
[2026-03-19 16:14:00] [DEBUG   ] [launcher] [MC] 	- minecraft 1.21.11
[2026-03-19 16:14:00] [INFO    ] [home_view] [MC] 	- minecraft 1.21.11
[2026-03-19 16:14:00] [DEBUG   ] [launcher] [MC] 	- modmenu 17.0.0-beta.2
[2026-03-19 16:14:00] [INFO    ] [home_view] [MC] 	- modmenu 17.0.0-beta.2
[2026-03-19 16:14:00] [DEBUG   ] [launcher] [MC] 	   \-- placeholder-api 2.8.1+1.21.10
[2026-03-19 16:14:00] [INFO    ] [home_view] [MC] 	   \-- placeholder-api 2.8.1+1.21.10
[2026-03-19 16:14:00] [DEBUG   ] [launcher] [MC] 	- moreculling 1.6.2
[2026-03-19 16:14:00] [INFO    ] [home_view] [MC] 	- moreculling 1.6.2
[2026-03-19 16:14:00] [DEBUG   ] [launcher] [MC] 	   |-- conditional-mixin 0.6.3
[2026-03-19 16:14:00] [INFO    ] [home_view] [MC] 	   |-- conditional-mixin 0.6.3
[2026-03-19 16:14:00] [DEBUG   ] [launcher] [MC] 	   \-- mixinsquared 0.2.0
[2026-03-19 16:14:00] [INFO    ] [home_view] [MC] 	   \-- mixinsquared 0.2.0
[2026-03-19 16:14:00] [DEBUG   ] [launcher] [MC] 	- mousetweaks 2.30
[2026-03-19 16:14:00] [INFO    ] [home_view] [MC] 	- mousetweaks 2.30
[2026-03-19 16:14:00] [DEBUG   ] [launcher] [MC] 	- shulkerboxtooltip 5.2.16+1.21.11
[2026-03-19 16:14:00] [INFO    ] [home_view] [MC] 	- shulkerboxtooltip 5.2.16+1.21.11
[2026-03-19 16:14:00] [DEBUG   ] [launcher] [MC] 	- skinlayers3d 1.10.2
[2026-03-19 16:14:00] [INFO    ] [home_view] [MC] 	- skinlayers3d 1.10.2
[2026-03-19 16:14:00] [DEBUG   ] [launcher] [MC] 	   |-- transition 1.0.13
[2026-03-19 16:14:00] [INFO    ] [home_view] [MC] 	   |-- transition 1.0.13
[2026-03-19 16:14:00] [DEBUG   ] [launcher] [MC] 	   \-- trender 1.0.10
[2026-03-19 16:14:00] [INFO    ] [home_view] [MC] 	   \-- trender 1.0.10
[2026-03-19 16:14:00] [DEBUG   ] [launcher] [MC] 	- sodium 0.8.6+mc1.21.11
[2026-03-19 16:14:00] [INFO    ] [home_view] [MC] 	- sodium 0.8.6+mc1.21.11
[2026-03-19 16:14:00] [DEBUG   ] [launcher] [MC] 	- visuality 0.7.13+1.21.11
[2026-03-19 16:14:00] [INFO    ] [home_view] [MC] 	- visuality 0.7.13+1.21.11
[2026-03-19 16:14:00] [DEBUG   ] [launcher] [MC] 	- yet_another_config_lib_v3 3.8.2+1.21.11-fabric
[2026-03-19 16:14:00] [INFO    ] [home_view] [MC] 	- yet_another_config_lib_v3 3.8.2+1.21.11-fabric
[2026-03-19 16:14:00] [DEBUG   ] [launcher] [MC] 	   |-- com_twelvemonkeys_common_common-image 3.12.0
[2026-03-19 16:14:00] [INFO    ] [home_view] [MC] 	   |-- com_twelvemonkeys_common_common-image 3.12.0
[2026-03-19 16:14:00] [DEBUG   ] [launcher] [MC] 	   |-- com_twelvemonkeys_common_common-io 3.12.0
[2026-03-19 16:14:00] [INFO    ] [home_view] [MC] 	   |-- com_twelvemonkeys_common_common-io 3.12.0
[2026-03-19 16:14:00] [DEBUG   ] [launcher] [MC] 	   |-- com_twelvemonkeys_common_common-lang 3.12.0
[2026-03-19 16:14:00] [INFO    ] [home_view] [MC] 	   |-- com_twelvemonkeys_common_common-lang 3.12.0
[2026-03-19 16:14:00] [DEBUG   ] [launcher] [MC] 	   |-- com_twelvemonkeys_imageio_imageio-core 3.12.0
[2026-03-19 16:14:00] [INFO    ] [home_view] [MC] 	   |-- com_twelvemonkeys_imageio_imageio-core 3.12.0
[2026-03-19 16:14:00] [DEBUG   ] [launcher] [MC] 	   |-- com_twelvemonkeys_imageio_imageio-metadata 3.12.0
[2026-03-19 16:14:00] [INFO    ] [home_view] [MC] 	   |-- com_twelvemonkeys_imageio_imageio-metadata 3.12.0
[2026-03-19 16:14:00] [DEBUG   ] [launcher] [MC] 	   |-- com_twelvemonkeys_imageio_imageio-webp 3.12.0
[2026-03-19 16:14:00] [INFO    ] [home_view] [MC] 	   |-- com_twelvemonkeys_imageio_imageio-webp 3.12.0
[2026-03-19 16:14:00] [DEBUG   ] [launcher] [MC] 	   |-- org_quiltmc_parsers_gson 0.2.1
[2026-03-19 16:14:00] [INFO    ] [home_view] [MC] 	   |-- org_quiltmc_parsers_gson 0.2.1
[2026-03-19 16:14:00] [DEBUG   ] [launcher] [MC] 	   \-- org_quiltmc_parsers_json 0.2.1
[2026-03-19 16:14:00] [INFO    ] [home_view] [MC] 	   \-- org_quiltmc_parsers_json 0.2.1
[2026-03-19 16:14:00] [DEBUG   ] [launcher] [MC] 	- zoomify 2.15.2+1.21.11
[2026-03-19 16:14:00] [INFO    ] [home_view] [MC] 	- zoomify 2.15.2+1.21.11
[2026-03-19 16:14:00] [DEBUG   ] [launcher] [MC] 	   \-- com_akuleshov7_ktoml-core-jvm 0.7.1
[2026-03-19 16:14:00] [INFO    ] [home_view] [MC] 	   \-- com_akuleshov7_ktoml-core-jvm 0.7.1
[2026-03-19 16:14:07] [DEBUG   ] [launcher] [MC] [16:14:07] [main/INFO]: SpongePowered MIXIN Subsystem Version=0.8.7 Source=file:/C:/Users/geron/.minecraft/libraries/net/fabricmc/sponge-mixin/0.17.0+mixin.0.8.7/sponge-mixin-0.17.0+mixin.0.8.7.jar Service=Knot/Fabric Env=CLIENT
[2026-03-19 16:14:07] [INFO    ] [home_view] [MC] [16:14:07] [main/INFO]: SpongePowered MIXIN Subsystem Version=0.8.7 Source=file:/C:/Users/geron/.minecraft/libraries/net/fabricmc/sponge-mixin/0.17.0+mixin.0.8.7/sponge-mixin-0.17.0+mixin.0.8.7.jar Service=Knot/Fabric Env=CLIENT
[2026-03-19 16:14:07] [DEBUG   ] [launcher] [MC] [16:14:07] [main/INFO]: Compatibility level set to JAVA_17
[2026-03-19 16:14:07] [INFO    ] [home_view] [MC] [16:14:07] [main/INFO]: Compatibility level set to JAVA_17
[2026-03-19 16:14:07] [DEBUG   ] [launcher] [MC] [16:14:07] [main/INFO]: Compatibility level set to JAVA_21
[2026-03-19 16:14:07] [INFO    ] [home_view] [MC] [16:14:07] [main/INFO]: Compatibility level set to JAVA_21
[2026-03-19 16:14:08] [DEBUG   ] [launcher] [MC] [16:14:08] [main/INFO]: Initializing com.ishland.c2me.base.mixin
[2026-03-19 16:14:08] [INFO    ] [home_view] [MC] [16:14:08] [main/INFO]: Initializing com.ishland.c2me.base.mixin
[2026-03-19 16:14:08] [DEBUG   ] [launcher] [MC] [16:14:08] [main/INFO]: Updating config from 0 to 1
[2026-03-19 16:14:08] [INFO    ] [home_view] [MC] [16:14:08] [main/INFO]: Updating config from 0 to 1
[2026-03-19 16:14:08] [DEBUG   ] [launcher] [MC] [16:14:08] [main/INFO]: Updating config from 1 to 2
[2026-03-19 16:14:08] [INFO    ] [home_view] [MC] [16:14:08] [main/INFO]: Updating config from 1 to 2
[2026-03-19 16:14:08] [DEBUG   ] [launcher] [MC] [16:14:08] [main/INFO]: Updating config from 2 to 3
[2026-03-19 16:14:08] [INFO    ] [home_view] [MC] [16:14:08] [main/INFO]: Updating config from 2 to 3
[2026-03-19 16:14:08] [DEBUG   ] [launcher] [MC] [16:14:08] [main/INFO]: Global Executor Parallelism: 4 configured, 4 evaluated, 4 default evaluated
[2026-03-19 16:14:08] [INFO    ] [home_view] [MC] [16:14:08] [main/INFO]: Global Executor Parallelism: 4 configured, 4 evaluated, 4 default evaluated
[2026-03-19 16:14:08] [DEBUG   ] [launcher] [MC] [16:14:08] [main/INFO]: Initializing com.ishland.c2me.client.uncapvd.mixin
[2026-03-19 16:14:08] [INFO    ] [home_view] [MC] [16:14:08] [main/INFO]: Initializing com.ishland.c2me.client.uncapvd.mixin
[2026-03-19 16:14:08] [DEBUG   ] [launcher] [MC] [16:14:08] [main/INFO]: Initializing com.ishland.c2me.fixes.chunkio.threading_issues.mixin
[2026-03-19 16:14:08] [INFO    ] [home_view] [MC] [16:14:08] [main/INFO]: Initializing com.ishland.c2me.fixes.chunkio.threading_issues.mixin
[2026-03-19 16:14:08] [DEBUG   ] [launcher] [MC] [16:14:08] [main/INFO]: Initializing com.ishland.c2me.fixes.general.threading_issues.mixin
[2026-03-19 16:14:08] [INFO    ] [home_view] [MC] [16:14:08] [main/INFO]: Initializing com.ishland.c2me.fixes.general.threading_issues.mixin
[2026-03-19 16:14:08] [DEBUG   ] [launcher] [MC] [16:14:08] [main/INFO]: Initializing com.ishland.c2me.fixes.worldgen.threading_issues.mixin
[2026-03-19 16:14:08] [INFO    ] [home_view] [MC] [16:14:08] [main/INFO]: Initializing com.ishland.c2me.fixes.worldgen.threading_issues.mixin
[2026-03-19 16:14:08] [DEBUG   ] [launcher] [MC] [16:14:08] [main/INFO]: Initializing com.ishland.c2me.fixes.worldgen.vanilla_bugs.mixin
[2026-03-19 16:14:08] [INFO    ] [home_view] [MC] [16:14:08] [main/INFO]: Initializing com.ishland.c2me.fixes.worldgen.vanilla_bugs.mixin
[2026-03-19 16:14:08] [DEBUG   ] [launcher] [MC] [16:14:08] [main/INFO]: Initializing com.ishland.c2me.notickvd.mixin
[2026-03-19 16:14:08] [INFO    ] [home_view] [MC] [16:14:08] [main/INFO]: Initializing com.ishland.c2me.notickvd.mixin
[2026-03-19 16:14:08] [DEBUG   ] [launcher] [MC] [16:14:08] [main/INFO]: Initializing com.ishland.c2me.opts.allocs.mixin
[2026-03-19 16:14:08] [INFO    ] [home_view] [MC] [16:14:08] [main/INFO]: Initializing com.ishland.c2me.opts.allocs.mixin
[2026-03-19 16:14:08] [DEBUG   ] [launcher] [MC] [16:14:08] [main/INFO]: Initializing com.ishland.c2me.opts.chunkio.mixin
[2026-03-19 16:14:08] [INFO    ] [home_view] [MC] [16:14:08] [main/INFO]: Initializing com.ishland.c2me.opts.chunkio.mixin
[2026-03-19 16:14:08] [DEBUG   ] [launcher] [MC] [16:14:08] [main/INFO]: Initializing com.ishland.c2me.opts.dfc.mixin
[2026-03-19 16:14:08] [INFO    ] [home_view] [MC] [16:14:08] [main/INFO]: Initializing com.ishland.c2me.opts.dfc.mixin
[2026-03-19 16:14:08] [DEBUG   ] [launcher] [MC] [16:14:08] [main/INFO]: Initializing com.ishland.c2me.opts.math.mixin
[2026-03-19 16:14:08] [INFO    ] [home_view] [MC] [16:14:08] [main/INFO]: Initializing com.ishland.c2me.opts.math.mixin
[2026-03-19 16:14:08] [DEBUG   ] [launcher] [MC] [16:14:08] [main/INFO]: Initializing com.ishland.c2me.opts.scheduling.mixin
[2026-03-19 16:14:08] [INFO    ] [home_view] [MC] [16:14:08] [main/INFO]: Initializing com.ishland.c2me.opts.scheduling.mixin
[2026-03-19 16:14:08] [DEBUG   ] [launcher] [MC] [16:14:08] [main/INFO]: Initializing com.ishland.c2me.opts.worldgen.general.mixin
[2026-03-19 16:14:08] [INFO    ] [home_view] [MC] [16:14:08] [main/INFO]: Initializing com.ishland.c2me.opts.worldgen.general.mixin
[2026-03-19 16:14:08] [DEBUG   ] [launcher] [MC] [16:14:08] [main/INFO]: Initializing com.ishland.c2me.opts.worldgen.vanilla.mixin
[2026-03-19 16:14:08] [INFO    ] [home_view] [MC] [16:14:08] [main/INFO]: Initializing com.ishland.c2me.opts.worldgen.vanilla.mixin
[2026-03-19 16:14:08] [DEBUG   ] [launcher] [MC] [16:14:08] [main/INFO]: Initializing com.ishland.c2me.rewrites.chunk_serializer.mixin
[2026-03-19 16:14:08] [INFO    ] [home_view] [MC] [16:14:08] [main/INFO]: Initializing com.ishland.c2me.rewrites.chunk_serializer.mixin
[2026-03-19 16:14:08] [DEBUG   ] [launcher] [MC] [16:14:08] [main/INFO]: Disabling com.ishland.c2me.rewrites.chunk_serializer.mixin
[2026-03-19 16:14:08] [INFO    ] [home_view] [MC] [16:14:08] [main/INFO]: Disabling com.ishland.c2me.rewrites.chunk_serializer.mixin
[2026-03-19 16:14:08] [DEBUG   ] [launcher] [MC] [16:14:08] [main/INFO]: Initializing com.ishland.c2me.rewrites.chunksystem.mixin
[2026-03-19 16:14:08] [INFO    ] [home_view] [MC] [16:14:08] [main/INFO]: Initializing com.ishland.c2me.rewrites.chunksystem.mixin
[2026-03-19 16:14:08] [DEBUG   ] [launcher] [MC] [16:14:08] [main/INFO]: Initializing com.ishland.c2me.rewrites.chunkio.mixin
[2026-03-19 16:14:08] [INFO    ] [home_view] [MC] [16:14:08] [main/INFO]: Initializing com.ishland.c2me.rewrites.chunkio.mixin
[2026-03-19 16:14:08] [DEBUG   ] [launcher] [MC] [16:14:08] [main/INFO]: Initializing com.ishland.c2me.server.utils.mixin
[2026-03-19 16:14:08] [INFO    ] [home_view] [MC] [16:14:08] [main/INFO]: Initializing com.ishland.c2me.server.utils.mixin
[2026-03-19 16:14:08] [DEBUG   ] [launcher] [MC] [16:14:08] [main/INFO]: Initializing com.ishland.c2me.threading.lighting.mixin
[2026-03-19 16:14:08] [INFO    ] [home_view] [MC] [16:14:08] [main/INFO]: Initializing com.ishland.c2me.threading.lighting.mixin
[2026-03-19 16:14:08] [DEBUG   ] [launcher] [MC] [16:14:08] [main/WARN]: Reference map 'iris.refmap.json' for mixins.iris.json could not be read. If this is a development environment you can ignore this message
[2026-03-19 16:14:08] [INFO    ] [home_view] [MC] [16:14:08] [main/WARN]: Reference map 'iris.refmap.json' for mixins.iris.json could not be read. If this is a development environment you can ignore this message
[2026-03-19 16:14:08] [DEBUG   ] [launcher] [MC] [16:14:08] [main/WARN]: Reference map 'iris-fabric.refmap.json' for mixins.iris.fabric.json could not be read. If this is a development environment you can ignore this message
[2026-03-19 16:14:08] [INFO    ] [home_view] [MC] [16:14:08] [main/WARN]: Reference map 'iris-fabric.refmap.json' for mixins.iris.fabric.json could not be read. If this is a development environment you can ignore this message
[2026-03-19 16:14:08] [DEBUG   ] [launcher] [MC] [16:14:08] [main/WARN]: Reference map 'iris.refmap.json' for mixins.iris.fantastic.json could not be read. If this is a development environment you can ignore this message
[2026-03-19 16:14:08] [INFO    ] [home_view] [MC] [16:14:08] [main/WARN]: Reference map 'iris.refmap.json' for mixins.iris.fantastic.json could not be read. If this is a development environment you can ignore this message
[2026-03-19 16:14:08] [DEBUG   ] [launcher] [MC] [16:14:08] [main/WARN]: Reference map 'iris.refmap.json' for mixins.iris.vertexformat.json could not be read. If this is a development environment you can ignore this message
[2026-03-19 16:14:08] [INFO    ] [home_view] [MC] [16:14:08] [main/WARN]: Reference map 'iris.refmap.json' for mixins.iris.vertexformat.json could not be read. If this is a development environment you can ignore this message
[2026-03-19 16:14:08] [DEBUG   ] [launcher] [MC] [16:14:08] [main/WARN]: Reference map 'iris.refmap.json' for mixins.iris.bettermipmaps.json could not be read. If this is a development environment you can ignore this message
[2026-03-19 16:14:08] [INFO    ] [home_view] [MC] [16:14:08] [main/WARN]: Reference map 'iris.refmap.json' for mixins.iris.bettermipmaps.json could not be read. If this is a development environment you can ignore this message
[2026-03-19 16:14:08] [DEBUG   ] [launcher] [MC] [16:14:08] [main/WARN]: Reference map 'iris.refmap.json' for mixins.iris.compat.sodium.json could not be read. If this is a development environment you can ignore this message
[2026-03-19 16:14:08] [INFO    ] [home_view] [MC] [16:14:08] [main/WARN]: Reference map 'iris.refmap.json' for mixins.iris.compat.sodium.json could not be read. If this is a development environment you can ignore this message
[2026-03-19 16:14:08] [DEBUG   ] [launcher] [MC] [16:14:08] [main/WARN]: Reference map 'iris.refmap.json' for mixins.iris.fixes.maxfpscrash.json could not be read. If this is a development environment you can ignore this message
[2026-03-19 16:14:08] [INFO    ] [home_view] [MC] [16:14:08] [main/WARN]: Reference map 'iris.refmap.json' for mixins.iris.fixes.maxfpscrash.json could not be read. If this is a development environment you can ignore this message
[2026-03-19 16:14:08] [DEBUG   ] [launcher] [MC] [16:14:08] [main/INFO]: Loaded configuration file for Lithium: 171 options available, 0 override(s) found.
[2026-03-19 16:14:08] [INFO    ] [home_view] [MC] [16:14:08] [main/INFO]: Loaded configuration file for Lithium: 171 options available, 0 override(s) found.
[2026-03-19 16:14:08] [DEBUG   ] [launcher] [MC] [16:14:08] [main/WARN]: Reference map 'moreculling.refmap.json' for moreculling.mixins.json could not be read. If this is a development environment you can ignore this message
[2026-03-19 16:14:08] [INFO    ] [home_view] [MC] [16:14:08] [main/WARN]: Reference map 'moreculling.refmap.json' for moreculling.mixins.json could not be read. If this is a development environment you can ignore this message
[2026-03-19 16:14:08] [DEBUG   ] [launcher] [MC] [16:14:08] [main/WARN]: Reference map 'moreculling.refmap.json' for moreculling.fabric.mixins.json could not be read. If this is a development environment you can ignore this message
[2026-03-19 16:14:08] [INFO    ] [home_view] [MC] [16:14:08] [main/WARN]: Reference map 'moreculling.refmap.json' for moreculling.fabric.mixins.json could not be read. If this is a development environment you can ignore this message
[2026-03-19 16:14:08] [DEBUG   ] [launcher] [MC] [16:14:08] [main/INFO]: Loaded configuration file for Sodium: 35 options available, 1 override(s) found
[2026-03-19 16:14:08] [INFO    ] [home_view] [MC] [16:14:08] [main/INFO]: Loaded configuration file for Sodium: 35 options available, 1 override(s) found
[2026-03-19 16:14:08] [DEBUG   ] [launcher] [MC] [16:14:08] [main/WARN]: Reference map 'yet_another_config_lib_v3.refmap.json' for yacl.mixins.json could not be read. If this is a development environment you can ignore this message
[2026-03-19 16:14:08] [INFO    ] [home_view] [MC] [16:14:08] [main/WARN]: Reference map 'yet_another_config_lib_v3.refmap.json' for yacl.mixins.json could not be read. If this is a development environment you can ignore this message
[2026-03-19 16:14:08] [DEBUG   ] [launcher] [MC] [16:14:08] [main/WARN]: Reference map 'yet_another_config_lib_v3.refmap.json' for yacl-fabric.mixins.json could not be read. If this is a development environment you can ignore this message
[2026-03-19 16:14:08] [INFO    ] [home_view] [MC] [16:14:08] [main/WARN]: Reference map 'yet_another_config_lib_v3.refmap.json' for yacl-fabric.mixins.json could not be read. If this is a development environment you can ignore this message
[2026-03-19 16:14:08] [DEBUG   ] [launcher] [MC] [16:14:08] [main/WARN]: Error loading class: net/vulkanmod/config/option/Options (java.lang.ClassNotFoundException: net/vulkanmod/config/option/Options)
[2026-03-19 16:14:08] [INFO    ] [home_view] [MC] [16:14:08] [main/WARN]: Error loading class: net/vulkanmod/config/option/Options (java.lang.ClassNotFoundException: net/vulkanmod/config/option/Options)
[2026-03-19 16:14:08] [DEBUG   ] [launcher] [MC] [16:14:08] [main/WARN]: Error loading class: ca/spottedleaf/starlight/common/thread/SchedulingUtil (java.lang.ClassNotFoundException: ca/spottedleaf/starlight/common/thread/SchedulingUtil)
[2026-03-19 16:14:08] [INFO    ] [home_view] [MC] [16:14:08] [main/WARN]: Error loading class: ca/spottedleaf/starlight/common/thread/SchedulingUtil (java.lang.ClassNotFoundException: ca/spottedleaf/starlight/common/thread/SchedulingUtil)
[2026-03-19 16:14:09] [DEBUG   ] [launcher] [MC] [16:14:09] [main/WARN]: Error loading class: traben/entity_model_features/models/parts/EMFModelPart (java.lang.ClassNotFoundException: traben/entity_model_features/models/parts/EMFModelPart)
[2026-03-19 16:14:09] [INFO    ] [home_view] [MC] [16:14:09] [main/WARN]: Error loading class: traben/entity_model_features/models/parts/EMFModelPart (java.lang.ClassNotFoundException: traben/entity_model_features/models/parts/EMFModelPart)
[2026-03-19 16:14:09] [DEBUG   ] [launcher] [MC] [16:14:09] [main/WARN]: Force-disabling mixin 'features.render.world.sky.LevelRendererMixin' as rule 'mixin.features.render.world.sky' (added by mods [iris]) disables it and children
[2026-03-19 16:14:09] [INFO    ] [home_view] [MC] [16:14:09] [main/WARN]: Force-disabling mixin 'features.render.world.sky.LevelRendererMixin' as rule 'mixin.features.render.world.sky' (added by mods [iris]) disables it and children
[2026-03-19 16:14:09] [DEBUG   ] [launcher] [MC] [16:14:09] [main/INFO]: Searching for graphics cards...
[2026-03-19 16:14:09] [INFO    ] [home_view] [MC] [16:14:09] [main/INFO]: Searching for graphics cards...
[2026-03-19 16:14:09] [DEBUG   ] [launcher] [MC] [16:14:09] [main/INFO]: Found graphics adapter: AdapterInfo{vendor=NVIDIA, description='NVIDIA GeForce GTX 1650 Ti', adapterType=0x00002313, openglIcdFilePath='C:\Windows\System32\DriverStore\FileRepository\nvlti.inf_amd64_9e5338078fc8d2f9\nvoglv64.dll', openglIcdVersion=32.0.15.8129}
[2026-03-19 16:14:09] [INFO    ] [home_view] [MC] [16:14:09] [main/INFO]: Found graphics adapter: AdapterInfo{vendor=NVIDIA, description='NVIDIA GeForce GTX 1650 Ti', adapterType=0x00002313, openglIcdFilePath='C:\Windows\System32\DriverStore\FileRepository\nvlti.inf_amd64_9e5338078fc8d2f9\nvoglv64.dll', openglIcdVersion=32.0.15.8129}
[2026-03-19 16:14:09] [DEBUG   ] [launcher] [MC] [16:14:09] [main/INFO]: Found graphics adapter: AdapterInfo{vendor=INTEL, description='Intel(R) UHD Graphics', adapterType=0x0000232B, openglIcdFilePath='C:\Windows\System32\DriverStore\FileRepository\iigd_dch.inf_amd64_e6980897e3126266\ig9icd64.dll', openglIcdVersion=27.20.100.9664}
[2026-03-19 16:14:09] [INFO    ] [home_view] [MC] [16:14:09] [main/INFO]: Found graphics adapter: AdapterInfo{vendor=INTEL, description='Intel(R) UHD Graphics', adapterType=0x0000232B, openglIcdFilePath='C:\Windows\System32\DriverStore\FileRepository\iigd_dch.inf_amd64_e6980897e3126266\ig9icd64.dll', openglIcdVersion=27.20.100.9664}
[2026-03-19 16:14:09] [DEBUG   ] [launcher] [MC] [16:14:09] [main/WARN]: Sodium has applied one or more workarounds to prevent crashes or other issues on your system: [NVIDIA_THREADED_OPTIMIZATIONS_BROKEN]
[2026-03-19 16:14:09] [INFO    ] [home_view] [MC] [16:14:09] [main/WARN]: Sodium has applied one or more workarounds to prevent crashes or other issues on your system: [NVIDIA_THREADED_OPTIMIZATIONS_BROKEN]
[2026-03-19 16:14:09] [DEBUG   ] [launcher] [MC] [16:14:09] [main/WARN]: This is not necessarily an issue, but it may result in certain features or optimizations being disabled. You can sometimes fix these issues by upgrading your graphics driver.
[2026-03-19 16:14:09] [INFO    ] [home_view] [MC] [16:14:09] [main/WARN]: This is not necessarily an issue, but it may result in certain features or optimizations being disabled. You can sometimes fix these issues by upgrading your graphics driver.
[2026-03-19 16:14:10] [DEBUG   ] [launcher] [MC] [16:14:10] [main/INFO]: Initializing MixinExtras via com.llamalad7.mixinextras.service.MixinExtrasServiceImpl(version=0.5.0).
[2026-03-19 16:14:10] [INFO    ] [home_view] [MC] [16:14:10] [main/INFO]: Initializing MixinExtras via com.llamalad7.mixinextras.service.MixinExtrasServiceImpl(version=0.5.0).
[2026-03-19 16:14:12] [DEBUG   ] [launcher] [MC] [16:14:12] [Datafixer Bootstrap/INFO]: 287 Datafixer optimizations took 720 milliseconds
[2026-03-19 16:14:12] [INFO    ] [home_view] [MC] [16:14:12] [Datafixer Bootstrap/INFO]: 287 Datafixer optimizations took 720 milliseconds
[2026-03-19 16:14:12] [DEBUG   ] [launcher] [MC] [16:14:12] [main/INFO]: trender.mixins.json:client.ScreenAccessor from mod trender->@Invoker[METHOD_PROXY]::libgui$defaultHandleGameClickEvent(Lnet/minecraft/class_2558;Lnet/minecraft/class_310;Lnet/minecraft/class_437;)V should be static as its target is
[2026-03-19 16:14:12] [INFO    ] [home_view] [MC] [16:14:12] [main/INFO]: trender.mixins.json:client.ScreenAccessor from mod trender->@Invoker[METHOD_PROXY]::libgui$defaultHandleGameClickEvent(Lnet/minecraft/class_2558;Lnet/minecraft/class_310;Lnet/minecraft/class_437;)V should be static as its target is
[2026-03-19 16:14:19] [DEBUG   ] [launcher] [MC] [16:14:19] [Render thread/INFO]: Environment: Environment[sessionHost=https://sessionserver.mojang.com, servicesHost=https://api.minecraftservices.com, profilesHost=https://api.mojang.com, name=PROD]
[2026-03-19 16:14:19] [INFO    ] [home_view] [MC] [16:14:19] [Render thread/INFO]: Environment: Environment[sessionHost=https://sessionserver.mojang.com, servicesHost=https://api.minecraftservices.com, profilesHost=https://api.mojang.com, name=PROD]
[2026-03-19 16:14:19] [DEBUG   ] [launcher] [MC] [16:14:19] [Render thread/INFO]: Setting user: Geronimin
[2026-03-19 16:14:19] [INFO    ] [home_view] [MC] [16:14:19] [Render thread/INFO]: Setting user: Geronimin
[2026-03-19 16:14:20] [DEBUG   ] [launcher] [MC] [16:14:20] [Render thread/INFO]: [ShulkerBoxTooltip] Could not find configuration file, creating default file
[2026-03-19 16:14:20] [INFO    ] [home_view] [MC] [16:14:20] [Render thread/INFO]: [ShulkerBoxTooltip] Could not find configuration file, creating default file
[2026-03-19 16:14:20] [DEBUG   ] [launcher] [MC] [16:14:20] [Render thread/INFO]: [BetterF3] Loading...
[2026-03-19 16:14:20] [INFO    ] [home_view] [MC] [16:14:20] [Render thread/INFO]: [BetterF3] Loading...
[2026-03-19 16:14:20] [DEBUG   ] [launcher] [MC] [16:14:20] [Render thread/INFO]: [BetterF3] All done!
[2026-03-19 16:14:20] [INFO    ] [home_view] [MC] [16:14:20] [Render thread/INFO]: [BetterF3] All done!
[2026-03-19 16:14:20] [DEBUG   ] [launcher] [MC] [16:14:20] [Render thread/INFO]: [Indigo] Different rendering plugin detected; not applying Indigo.
[2026-03-19 16:14:20] [INFO    ] [home_view] [MC] [16:14:20] [Render thread/INFO]: [Indigo] Different rendering plugin detected; not applying Indigo.
[2026-03-19 16:14:20] [DEBUG   ] [launcher] [MC] [16:14:20] [Download-2/ERROR]: Failed to fetch user properties
[2026-03-19 16:14:20] [INFO    ] [home_view] [MC] [16:14:20] [Download-2/ERROR]: Failed to fetch user properties
[2026-03-19 16:14:20] [DEBUG   ] [launcher] [MC] com.mojang.authlib.exceptions.InvalidCredentialsException: Status: 401
[2026-03-19 16:14:20] [INFO    ] [home_view] [MC] com.mojang.authlib.exceptions.InvalidCredentialsException: Status: 401
[2026-03-19 16:14:20] [DEBUG   ] [launcher] [MC] 	at knot//com.mojang.authlib.exceptions.MinecraftClientHttpException.toAuthenticationException(MinecraftClientHttpException.java:59)
[2026-03-19 16:14:20] [INFO    ] [home_view] [MC] 	at knot//com.mojang.authlib.exceptions.MinecraftClientHttpException.toAuthenticationException(MinecraftClientHttpException.java:59)
[2026-03-19 16:14:20] [DEBUG   ] [launcher] [MC] 	at knot//com.mojang.authlib.yggdrasil.YggdrasilUserApiService.fetchProperties(YggdrasilUserApiService.java:150)
[2026-03-19 16:14:20] [INFO    ] [home_view] [MC] 	at knot//com.mojang.authlib.yggdrasil.YggdrasilUserApiService.fetchProperties(YggdrasilUserApiService.java:150)
[2026-03-19 16:14:20] [DEBUG   ] [launcher] [MC] 	at knot//net.minecraft.class_310.method_55608(class_310.java:457)
[2026-03-19 16:14:20] [INFO    ] [home_view] [MC] 	at knot//net.minecraft.class_310.method_55608(class_310.java:457)
[2026-03-19 16:14:20] [DEBUG   ] [launcher] [MC] 	at java.base/java.util.concurrent.CompletableFuture$AsyncSupply.run(CompletableFuture.java:1768)
[2026-03-19 16:14:20] [INFO    ] [home_view] [MC] 	at java.base/java.util.concurrent.CompletableFuture$AsyncSupply.run(CompletableFuture.java:1768)
[2026-03-19 16:14:20] [DEBUG   ] [launcher] [MC] 	at java.base/java.util.concurrent.ThreadPoolExecutor.runWorker(ThreadPoolExecutor.java:1144)
[2026-03-19 16:14:20] [INFO    ] [home_view] [MC] 	at java.base/java.util.concurrent.ThreadPoolExecutor.runWorker(ThreadPoolExecutor.java:1144)
[2026-03-19 16:14:20] [DEBUG   ] [launcher] [MC] 	at java.base/java.util.concurrent.ThreadPoolExecutor$Worker.run(ThreadPoolExecutor.java:642)
[2026-03-19 16:14:20] [INFO    ] [home_view] [MC] 	at java.base/java.util.concurrent.ThreadPoolExecutor$Worker.run(ThreadPoolExecutor.java:642)
[2026-03-19 16:14:20] [DEBUG   ] [launcher] [MC] 	at java.base/java.lang.Thread.run(Thread.java:1583)
[2026-03-19 16:14:20] [INFO    ] [home_view] [MC] 	at java.base/java.lang.Thread.run(Thread.java:1583)
[2026-03-19 16:14:20] [DEBUG   ] [launcher] [MC] Caused by: com.mojang.authlib.exceptions.MinecraftClientHttpException: Status: 401
[2026-03-19 16:14:20] [INFO    ] [home_view] [MC] Caused by: com.mojang.authlib.exceptions.MinecraftClientHttpException: Status: 401
[2026-03-19 16:14:20] [DEBUG   ] [launcher] [MC] 	at knot//com.mojang.authlib.minecraft.client.MinecraftClient.readInputStream(MinecraftClient.java:103)
[2026-03-19 16:14:20] [INFO    ] [home_view] [MC] 	at knot//com.mojang.authlib.minecraft.client.MinecraftClient.readInputStream(MinecraftClient.java:103)
[2026-03-19 16:14:20] [DEBUG   ] [launcher] [MC] 	at knot//com.mojang.authlib.minecraft.client.MinecraftClient.get(MinecraftClient.java:56)
[2026-03-19 16:14:20] [INFO    ] [home_view] [MC] 	at knot//com.mojang.authlib.minecraft.client.MinecraftClient.get(MinecraftClient.java:56)
[2026-03-19 16:14:20] [DEBUG   ] [launcher] [MC] 	at knot//com.mojang.authlib.yggdrasil.YggdrasilUserApiService.fetchProperties(YggdrasilUserApiService.java:121)
[2026-03-19 16:14:20] [INFO    ] [home_view] [MC] 	at knot//com.mojang.authlib.yggdrasil.YggdrasilUserApiService.fetchProperties(YggdrasilUserApiService.java:121)
[2026-03-19 16:14:20] [DEBUG   ] [launcher] [MC] 	... 5 more
[2026-03-19 16:14:20] [INFO    ] [home_view] [MC] 	... 5 more
[2026-03-19 16:14:20] [DEBUG   ] [launcher] [MC] [16:14:20] [Render thread/INFO]: Registering leaf particles.
[2026-03-19 16:14:20] [INFO    ] [home_view] [MC] [16:14:20] [Render thread/INFO]: Registering leaf particles.
[2026-03-19 16:14:21] [DEBUG   ] [launcher] [MC] [16:14:21] [Render thread/INFO]: Checking mod updates...
[2026-03-19 16:14:21] [INFO    ] [home_view] [MC] [16:14:21] [Render thread/INFO]: Checking mod updates...
[2026-03-19 16:14:21] [DEBUG   ] [launcher] [MC] [16:14:21] [Render thread/INFO]: [STDOUT]: [Mouse Tweaks] Main.initialize()
[2026-03-19 16:14:21] [INFO    ] [home_view] [MC] [16:14:21] [Render thread/INFO]: [STDOUT]: [Mouse Tweaks] Main.initialize()
[2026-03-19 16:14:21] [DEBUG   ] [launcher] [MC] [16:14:21] [Render thread/INFO]: [STDOUT]: [Mouse Tweaks] Generating the config file at: C:\Users\geron\.minecraft\profiles\Creativo\config\MouseTweaks.cfg
[2026-03-19 16:14:21] [INFO    ] [home_view] [MC] [16:14:21] [Render thread/INFO]: [STDOUT]: [Mouse Tweaks] Generating the config file at: C:\Users\geron\.minecraft\profiles\Creativo\config\MouseTweaks.cfg
[2026-03-19 16:14:21] [DEBUG   ] [launcher] [MC] [16:14:21] [Render thread/INFO]: [STDOUT]: [Mouse Tweaks] Created the config file.
[2026-03-19 16:14:21] [INFO    ] [home_view] [MC] [16:14:21] [Render thread/INFO]: [STDOUT]: [Mouse Tweaks] Created the config file.
[2026-03-19 16:14:21] [DEBUG   ] [launcher] [MC] [16:14:21] [Render thread/INFO]: [STDOUT]: [Mouse Tweaks] Initialized.
[2026-03-19 16:14:21] [INFO    ] [home_view] [MC] [16:14:21] [Render thread/INFO]: [STDOUT]: [Mouse Tweaks] Initialized.
[2026-03-19 16:14:21] [DEBUG   ] [launcher] [MC] [16:14:21] [Render thread/INFO]: [STDOUT]: [LibGui] Initializing Client...
[2026-03-19 16:14:21] [INFO    ] [home_view] [MC] [16:14:21] [Render thread/INFO]: [STDOUT]: [LibGui] Initializing Client...
[2026-03-19 16:14:21] [DEBUG   ] [launcher] [MC] [16:14:21] [Render thread/INFO]: Config file 'C:\Users\geron\.minecraft\profiles\Creativo\config\yacl.json5' does not exist. Creating it with default values.
[2026-03-19 16:14:21] [INFO    ] [home_view] [MC] [16:14:21] [Render thread/INFO]: Config file 'C:\Users\geron\.minecraft\profiles\Creativo\config\yacl.json5' does not exist. Creating it with default values.
[2026-03-19 16:14:21] [DEBUG   ] [launcher] [MC] [16:14:21] [Render thread/INFO]: Serializing class dev.isxander.yacl3.platform.YACLConfig to 'C:\Users\geron\.minecraft\profiles\Creativo\config\yacl.json5'
[2026-03-19 16:14:21] [INFO    ] [home_view] [MC] [16:14:21] [Render thread/INFO]: Serializing class dev.isxander.yacl3.platform.YACLConfig to 'C:\Users\geron\.minecraft\profiles\Creativo\config\yacl.json5'
[2026-03-19 16:14:21] [DEBUG   ] [launcher] [MC] [16:14:21] [Render thread/INFO]: Initializing mods (entrypoint yumi:init)...
[2026-03-19 16:14:21] [INFO    ] [home_view] [MC] [16:14:21] [Render thread/INFO]: Initializing mods (entrypoint yumi:init)...
[2026-03-19 16:14:21] [DEBUG   ] [launcher] [MC] [16:14:21] [Render thread/INFO]: [LambDynLights] Initializing LambDynamicLights...
[2026-03-19 16:14:21] [INFO    ] [home_view] [MC] [16:14:21] [Render thread/INFO]: [LambDynLights] Initializing LambDynamicLights...
[2026-03-19 16:14:21] [DEBUG   ] [launcher] [MC] [16:14:21] [Render thread/INFO]: [LambDynLights] Copied default configuration file.
[2026-03-19 16:14:21] [INFO    ] [home_view] [MC] [16:14:21] [Render thread/INFO]: [LambDynLights] Copied default configuration file.
[2026-03-19 16:14:21] [DEBUG   ] [launcher] [MC] [16:14:21] [Render thread/INFO]: [LambDynLights] Configuration loaded.
[2026-03-19 16:14:21] [INFO    ] [home_view] [MC] [16:14:21] [Render thread/INFO]: [LambDynLights] Configuration loaded.
[2026-03-19 16:14:22] [DEBUG   ] [launcher] [MC] [16:14:22] [ForkJoinPool.commonPool-worker-1/WARN]: [Iris Update Check] This version doesn't have an update index, skipping.
[2026-03-19 16:14:22] [INFO    ] [home_view] [MC] [16:14:22] [ForkJoinPool.commonPool-worker-1/WARN]: [Iris Update Check] This version doesn't have an update index, skipping.
[2026-03-19 16:14:22] [DEBUG   ] [launcher] [MC] [16:14:22] [Render thread/INFO]: Backend library: LWJGL version 3.3.3-snapshot
[2026-03-19 16:14:22] [INFO    ] [home_view] [MC] [16:14:22] [Render thread/INFO]: Backend library: LWJGL version 3.3.3-snapshot
[2026-03-19 16:14:22] [DEBUG   ] [launcher] [MC] [16:14:22] [Render thread/INFO]: Modifying process environment to apply workarounds for the NVIDIA graphics driver...
[2026-03-19 16:14:22] [INFO    ] [home_view] [MC] [16:14:22] [Render thread/INFO]: Modifying process environment to apply workarounds for the NVIDIA graphics driver...
[2026-03-19 16:14:24] [DEBUG   ] [launcher] [MC] [16:14:24] [Render thread/INFO]: Initializing ImmediatelyFast 1.14.2+1.21.11 on NVIDIA GeForce GTX 1650 Ti/PCIe/SSE2 (NVIDIA Corporation) with OpenGL 3.3.0 NVIDIA 581.29
[2026-03-19 16:14:24] [INFO    ] [home_view] [MC] [16:14:24] [Render thread/INFO]: Initializing ImmediatelyFast 1.14.2+1.21.11 on NVIDIA GeForce GTX 1650 Ti/PCIe/SSE2 (NVIDIA Corporation) with OpenGL 3.3.0 NVIDIA 581.29
[2026-03-19 16:14:24] [DEBUG   ] [launcher] [MC] [16:14:24] [Render thread/INFO]: Found Iris 1.10.6+mc1.21.11. Enabling compatibility.
[2026-03-19 16:14:24] [INFO    ] [home_view] [MC] [16:14:24] [Render thread/INFO]: Found Iris 1.10.6+mc1.21.11. Enabling compatibility.
[2026-03-19 16:14:24] [DEBUG   ] [launcher] [MC] [16:14:24] [Render thread/INFO]: Debug functionality is disabled.
[2026-03-19 16:14:24] [INFO    ] [home_view] [MC] [16:14:24] [Render thread/INFO]: Debug functionality is disabled.
[2026-03-19 16:14:24] [DEBUG   ] [launcher] [MC] [16:14:24] [Render thread/INFO]: ARB_direct_state_access detected, enabling DSA.
[2026-03-19 16:14:24] [INFO    ] [home_view] [MC] [16:14:24] [Render thread/INFO]: ARB_direct_state_access detected, enabling DSA.
[2026-03-19 16:14:24] [DEBUG   ] [launcher] [MC] [16:14:24] [Render thread/INFO]: Shaders are disabled because no valid shaderpack is selected
[2026-03-19 16:14:24] [INFO    ] [home_view] [MC] [16:14:24] [Render thread/INFO]: Shaders are disabled because no valid shaderpack is selected
[2026-03-19 16:14:24] [DEBUG   ] [launcher] [MC] [16:14:24] [Render thread/INFO]: OpenGL Vendor: NVIDIA Corporation
[2026-03-19 16:14:24] [INFO    ] [home_view] [MC] [16:14:24] [Render thread/INFO]: OpenGL Vendor: NVIDIA Corporation
[2026-03-19 16:14:24] [DEBUG   ] [launcher] [MC] [16:14:24] [Render thread/INFO]: OpenGL Renderer: NVIDIA GeForce GTX 1650 Ti/PCIe/SSE2
[2026-03-19 16:14:24] [INFO    ] [home_view] [MC] [16:14:24] [Render thread/INFO]: OpenGL Renderer: NVIDIA GeForce GTX 1650 Ti/PCIe/SSE2
[2026-03-19 16:14:24] [DEBUG   ] [launcher] [MC] [16:14:24] [Render thread/INFO]: OpenGL Version: 3.3.0 NVIDIA 581.29
[2026-03-19 16:14:24] [INFO    ] [home_view] [MC] [16:14:24] [Render thread/INFO]: OpenGL Version: 3.3.0 NVIDIA 581.29
[2026-03-19 16:14:24] [DEBUG   ] [launcher] [MC] [16:14:24] [Render thread/INFO]: Modifying OpenGL context to apply workarounds for the NVIDIA graphics driver...
[2026-03-19 16:14:24] [INFO    ] [home_view] [MC] [16:14:24] [Render thread/INFO]: Modifying OpenGL context to apply workarounds for the NVIDIA graphics driver...
[2026-03-19 16:14:24] [DEBUG   ] [launcher] [MC] [16:14:24] [Render thread/INFO]: Enabling GL_DEBUG_OUTPUT_SYNCHRONOUS to force the NVIDIA driver to disable threaded command submission
[2026-03-19 16:14:24] [INFO    ] [home_view] [MC] [16:14:24] [Render thread/INFO]: Enabling GL_DEBUG_OUTPUT_SYNCHRONOUS to force the NVIDIA driver to disable threaded command submission
[2026-03-19 16:14:25] [DEBUG   ] [launcher] [MC] [16:14:25] [Render thread/INFO]: Using optional rendering extensions: GL_ARB_buffer_storage, GL_KHR_debug, GL_ARB_vertex_attrib_binding, GL_ARB_direct_state_access, GL_EXT_texture_filter_anisotropic
[2026-03-19 16:14:25] [INFO    ] [home_view] [MC] [16:14:25] [Render thread/INFO]: Using optional rendering extensions: GL_ARB_buffer_storage, GL_KHR_debug, GL_ARB_vertex_attrib_binding, GL_ARB_direct_state_access, GL_EXT_texture_filter_anisotropic
[2026-03-19 16:14:25] [DEBUG   ] [launcher] [MC] [16:14:25] [Render thread/ERROR]: Couldn't load file/NewGlowingOres-§6[Border]§r.zip pack metadata: Pack declares support for version newer than 64, but is missing mandatory fields min_format and max_format
[2026-03-19 16:14:25] [INFO    ] [home_view] [MC] [16:14:25] [Render thread/ERROR]: Couldn't load file/NewGlowingOres-§6[Border]§r.zip pack metadata: Pack declares support for version newer than 64, but is missing mandatory fields min_format and max_format
[2026-03-19 16:14:25] [DEBUG   ] [launcher] [MC] [16:14:25] [Render thread/INFO]: Hardware information:
[2026-03-19 16:14:25] [INFO    ] [home_view] [MC] [16:14:25] [Render thread/INFO]: Hardware information:
[2026-03-19 16:14:25] [DEBUG   ] [launcher] [MC] [16:14:25] [Render thread/INFO]: CPU: 8x Intel(R) Core(TM) i5-10300H CPU @ 2.50GHz
[2026-03-19 16:14:25] [INFO    ] [home_view] [MC] [16:14:25] [Render thread/INFO]: CPU: 8x Intel(R) Core(TM) i5-10300H CPU @ 2.50GHz
[2026-03-19 16:14:25] [DEBUG   ] [launcher] [MC] [16:14:25] [Render thread/INFO]: GPU: NVIDIA GeForce GTX 1650 Ti/PCIe/SSE2 (Supports OpenGL 3.3.0 NVIDIA 581.29)
[2026-03-19 16:14:25] [INFO    ] [home_view] [MC] [16:14:25] [Render thread/INFO]: GPU: NVIDIA GeForce GTX 1650 Ti/PCIe/SSE2 (Supports OpenGL 3.3.0 NVIDIA 581.29)
[2026-03-19 16:14:25] [DEBUG   ] [launcher] [MC] [16:14:25] [Render thread/INFO]: OS: Windows 11 (10.0)
[2026-03-19 16:14:25] [INFO    ] [home_view] [MC] [16:14:25] [Render thread/INFO]: OS: Windows 11 (10.0)
[2026-03-19 16:14:26] [INFO    ] [home_view] Minecraft cerrado con código: 3221225786
