[2026-03-28 09:56:38] [INFO    ] [logger] Logger iniciado. Archivo de log: logs\launcher_20260328_095638.log
[2026-03-28 09:56:38] [DEBUG   ] [settings] Configuración cargada desde data\launcher_settings.json
[2026-03-28 09:56:38] [INFO    ] [profile_manager] Perfiles cargados: 2
[2026-03-28 09:56:38] [INFO    ] [account_manager] Cuentas cargadas: 1
[2026-03-28 09:56:38] [INFO    ] [version_manager] Actualizando caché de versiones disponibles...
[2026-03-28 09:56:38] [INFO    ] [app] Interfaz Flet iniciada
[2026-03-28 09:56:38] [INFO    ] [installer] Descargando manifest de versiones de Mojang...
[2026-03-28 09:56:39] [INFO    ] [installer] Manifest cargado: 876 versiones disponibles
[2026-03-28 09:56:39] [INFO    ] [version_manager] Caché actualizado: 876 versiones disponibles
[2026-03-28 09:56:54] [INFO    ] [modrinth_service] Modrinth: 20 resultados (type=mod, sort=relevance, offset=0)
[2026-03-28 09:57:20] [INFO    ] [profile_manager] Perfil actualizado: '1.9.4'
[2026-03-28 09:57:20] [INFO    ] [loader_manager] OptiFine: guardando metadata…
[2026-03-28 09:57:20] [INFO    ] [loader_manager] OptiFine: descarga el jar manualmente desde optifine.net → mods/
[2026-03-28 09:57:30] [INFO    ] [auth_service] Sesion offline creada para: Geronimin (UUID: 53f57021-5ef5-30dd-88a8-b0839da0642a)
[2026-03-28 09:57:30] [INFO    ] [launcher] === Lanzando Minecraft 1.9.4 para 'Geronimin' ===
[2026-03-28 09:57:30] [INFO    ] [launcher] Sin install_id en loader_meta — lanzando vanilla
[2026-03-28 09:57:30] [INFO    ] [launcher] Versión efectiva de lanzamiento: 1.9.4
[2026-03-28 09:57:30] [INFO    ] [java_manager] Usando Java embebido: C:\Users\geron\.minecraft\runtime\java-runtime-delta\bin\java.exe
[2026-03-28 09:57:30] [DEBUG   ] [launcher] Librería no encontrada: C:\Users\geron\.minecraft\libraries\org\lwjgl\lwjgl\lwjgl\2.9.2-nightly-20140822\lwjgl-2.9.2-nightly-20140822.jar
[2026-03-28 09:57:30] [DEBUG   ] [launcher] Librería no encontrada: C:\Users\geron\.minecraft\libraries\org\lwjgl\lwjgl\lwjgl_util\2.9.2-nightly-20140822\lwjgl_util-2.9.2-nightly-20140822.jar
[2026-03-28 09:57:30] [DEBUG   ] [launcher] Librería no encontrada: C:\Users\geron\.minecraft\libraries\org\lwjgl\lwjgl\lwjgl-platform\2.9.2-nightly-20140822\lwjgl-platform-2.9.2-nightly-20140822.jar
[2026-03-28 09:57:30] [DEBUG   ] [launcher] Librería no encontrada: C:\Users\geron\.minecraft\libraries\net\java\jinput\jinput-platform\2.0.5\jinput-platform-2.0.5.jar
[2026-03-28 09:57:30] [DEBUG   ] [launcher] Classpath con 32 entradas
[2026-03-28 09:57:30] [INFO    ] [launcher] Assets index usado: 1.9
[2026-03-28 09:57:30] [DEBUG   ] [launcher] Comando construido con 32 partes
[2026-03-28 09:57:30] [INFO    ] [launcher] Minecraft iniciado con PID: 7428
[2026-03-28 09:57:31] [DEBUG   ] [launcher] [MC] [09:57:31] [Client thread/INFO]: Setting user: Geronimin
[2026-03-28 09:57:31] [INFO    ] [home_view] [MC] [09:57:31] [Client thread/INFO]: Setting user: Geronimin
[2026-03-28 09:57:32] [DEBUG   ] [launcher] [MC] [09:57:32] [Client thread/INFO]: LWJGL Version: 2.9.4
[2026-03-28 09:57:32] [INFO    ] [home_view] [MC] [09:57:32] [Client thread/INFO]: LWJGL Version: 2.9.4
[2026-03-28 09:57:34] [DEBUG   ] [launcher] [MC] [09:57:34] [Client thread/INFO]: Reloading ResourceManager: Default
[2026-03-28 09:57:34] [INFO    ] [home_view] [MC] [09:57:34] [Client thread/INFO]: Reloading ResourceManager: Default
[2026-03-28 09:57:38] [DEBUG   ] [launcher] [MC] [09:57:38] [Sound Library Loader/INFO]: Starting up SoundSystem...
[2026-03-28 09:57:38] [INFO    ] [home_view] [MC] [09:57:38] [Sound Library Loader/INFO]: Starting up SoundSystem...
[2026-03-28 09:57:38] [DEBUG   ] [launcher] [MC] [09:57:38] [Thread-4/INFO]: Initializing LWJGL OpenAL
[2026-03-28 09:57:38] [INFO    ] [home_view] [MC] [09:57:38] [Thread-4/INFO]: Initializing LWJGL OpenAL
[2026-03-28 09:57:39] [DEBUG   ] [launcher] [MC] [09:57:38] [Thread-4/INFO]: (The LWJGL binding of OpenAL.  For more information, see http://www.lwjgl.org)
[2026-03-28 09:57:39] [INFO    ] [home_view] [MC] [09:57:38] [Thread-4/INFO]: (The LWJGL binding of OpenAL.  For more information, see http://www.lwjgl.org)
[2026-03-28 09:57:39] [DEBUG   ] [launcher] [MC] [09:57:39] [Thread-4/INFO]: OpenAL initialized.
[2026-03-28 09:57:39] [INFO    ] [home_view] [MC] [09:57:39] [Thread-4/INFO]: OpenAL initialized.
[2026-03-28 09:57:39] [DEBUG   ] [launcher] [MC] [09:57:39] [Sound Library Loader/INFO]: Sound engine started
[2026-03-28 09:57:39] [INFO    ] [home_view] [MC] [09:57:39] [Sound Library Loader/INFO]: Sound engine started
[2026-03-28 09:57:39] [DEBUG   ] [launcher] [MC] [09:57:39] [Client thread/INFO]: Created: 1024x512 textures-atlas
[2026-03-28 09:57:39] [INFO    ] [home_view] [MC] [09:57:39] [Client thread/INFO]: Created: 1024x512 textures-atlas
[2026-03-28 09:57:42] [DEBUG   ] [launcher] [MC] [09:57:42] [Realms Notification Availability checker #1/ERROR]: Could not parse RealmsError: com.google.gson.stream.MalformedJsonException: Use JsonReader.setLenient(true) to accept malformed JSON at line 1 column 12
[2026-03-28 09:57:42] [INFO    ] [home_view] [MC] [09:57:42] [Realms Notification Availability checker #1/ERROR]: Could not parse RealmsError: com.google.gson.stream.MalformedJsonException: Use JsonReader.setLenient(true) to accept malformed JSON at line 1 column 12
[2026-03-28 09:57:42] [DEBUG   ] [launcher] [MC] [09:57:42] [Realms Notification Availability checker #1/ERROR]: The error was: <!DOCTYPE HTML PUBLIC "-//IETF//DTD HTML 2.0//EN">
[2026-03-28 09:57:42] [INFO    ] [home_view] [MC] [09:57:42] [Realms Notification Availability checker #1/ERROR]: The error was: <!DOCTYPE HTML PUBLIC "-//IETF//DTD HTML 2.0//EN">
[2026-03-28 09:57:42] [DEBUG   ] [launcher] [MC] <html><head>
[2026-03-28 09:57:42] [INFO    ] [home_view] [MC] <html><head>
[2026-03-28 09:57:42] [DEBUG   ] [launcher] [MC] <title>404 Not Found</title>
[2026-03-28 09:57:42] [INFO    ] [home_view] [MC] <title>404 Not Found</title>
[2026-03-28 09:57:42] [DEBUG   ] [launcher] [MC] </head><body>
[2026-03-28 09:57:42] [INFO    ] [home_view] [MC] </head><body>
[2026-03-28 09:57:42] [DEBUG   ] [launcher] [MC] <h1>Not Found</h1>
[2026-03-28 09:57:42] [INFO    ] [home_view] [MC] <h1>Not Found</h1>
[2026-03-28 09:57:42] [DEBUG   ] [launcher] [MC] <p>The requested URL was not found on this server.</p>
[2026-03-28 09:57:42] [INFO    ] [home_view] [MC] <p>The requested URL was not found on this server.</p>
[2026-03-28 09:57:42] [DEBUG   ] [launcher] [MC] <hr>
[2026-03-28 09:57:42] [INFO    ] [home_view] [MC] <hr>
[2026-03-28 09:57:42] [DEBUG   ] [launcher] [MC] <address>Apache Server at mcoapi.minecraft.net Port 443</address>
[2026-03-28 09:57:42] [INFO    ] [home_view] [MC] <address>Apache Server at mcoapi.minecraft.net Port 443</address>
[2026-03-28 09:57:42] [DEBUG   ] [launcher] [MC] </body></html>
[2026-03-28 09:57:42] [INFO    ] [home_view] [MC] </body></html>
[2026-03-28 09:57:42] [DEBUG   ] [launcher] [MC] [09:57:42] [Realms Notification Availability checker #1/ERROR]: Realms http code: 404 -  error code: 0 -  message: null - raw body: <!DOCTYPE HTML PUBLIC "-//IETF//DTD HTML 2.0//EN">
[2026-03-28 09:57:42] [INFO    ] [home_view] [MC] [09:57:42] [Realms Notification Availability checker #1/ERROR]: Realms http code: 404 -  error code: 0 -  message: null - raw body: <!DOCTYPE HTML PUBLIC "-//IETF//DTD HTML 2.0//EN">
[2026-03-28 09:57:42] [DEBUG   ] [launcher] [MC] <html><head>
[2026-03-28 09:57:42] [INFO    ] [home_view] [MC] <html><head>
[2026-03-28 09:57:42] [DEBUG   ] [launcher] [MC] <title>404 Not Found</title>
[2026-03-28 09:57:42] [INFO    ] [home_view] [MC] <title>404 Not Found</title>
[2026-03-28 09:57:42] [DEBUG   ] [launcher] [MC] </head><body>
[2026-03-28 09:57:42] [INFO    ] [home_view] [MC] </head><body>
[2026-03-28 09:57:42] [DEBUG   ] [launcher] [MC] <h1>Not Found</h1>
[2026-03-28 09:57:42] [INFO    ] [home_view] [MC] <h1>Not Found</h1>
[2026-03-28 09:57:42] [DEBUG   ] [launcher] [MC] <p>The requested URL was not found on this server.</p>
[2026-03-28 09:57:42] [INFO    ] [home_view] [MC] <p>The requested URL was not found on this server.</p>
[2026-03-28 09:57:42] [DEBUG   ] [launcher] [MC] <hr>
[2026-03-28 09:57:42] [INFO    ] [home_view] [MC] <hr>
[2026-03-28 09:57:42] [DEBUG   ] [launcher] [MC] <address>Apache Server at mcoapi.minecraft.net Port 443</address>
[2026-03-28 09:57:42] [INFO    ] [home_view] [MC] <address>Apache Server at mcoapi.minecraft.net Port 443</address>
[2026-03-28 09:57:42] [DEBUG   ] [launcher] [MC] </body></html>
[2026-03-28 09:57:42] [INFO    ] [home_view] [MC] </body></html>
[2026-03-28 09:57:42] [DEBUG   ] [launcher] [MC] [09:57:42] [Client thread/INFO]: Stopping!
[2026-03-28 09:57:42] [INFO    ] [home_view] [MC] [09:57:42] [Client thread/INFO]: Stopping!
[2026-03-28 09:57:42] [DEBUG   ] [launcher] [MC] [09:57:42] [Client thread/INFO]: SoundSystem shutting down...
[2026-03-28 09:57:42] [INFO    ] [home_view] [MC] [09:57:42] [Client thread/INFO]: SoundSystem shutting down...
[2026-03-28 09:57:42] [DEBUG   ] [launcher] [MC] [09:57:42] [Client thread/WARN]: Author: Paul Lamb, www.paulscode.com
[2026-03-28 09:57:42] [INFO    ] [home_view] [MC] [09:57:42] [Client thread/WARN]: Author: Paul Lamb, www.paulscode.com
[2026-03-28 09:57:42] [INFO    ] [home_view] Minecraft cerrado con código: 0
