[2026-03-28 10:56:42] [INFO    ] [logger] Logger iniciado. Archivo de log: logs\launcher_20260328_105642.log
[2026-03-28 10:56:42] [DEBUG   ] [settings] Configuración cargada desde data\launcher_settings.json
[2026-03-28 10:56:42] [INFO    ] [profile_manager] Perfiles cargados: 2
[2026-03-28 10:56:42] [INFO    ] [account_manager] Cuentas cargadas: 1
[2026-03-28 10:56:42] [INFO    ] [version_manager] Actualizando caché de versiones disponibles...
[2026-03-28 10:56:42] [INFO    ] [installer] Descargando manifest de versiones de Mojang...
[2026-03-28 10:56:42] [INFO    ] [app] Interfaz Flet iniciada
[2026-03-28 10:56:43] [INFO    ] [installer] Manifest cargado: 876 versiones disponibles
[2026-03-28 10:56:43] [INFO    ] [version_manager] Caché actualizado: 876 versiones disponibles
[2026-03-28 10:56:52] [INFO    ] [installer] === Iniciando instalación de Minecraft 1.12.2 ===
[2026-03-28 10:56:52] [INFO    ] [installer] Descargando cliente JAR de Minecraft 1.12.2...
[2026-03-28 10:56:53] [INFO    ] [installer] Descargando 34 librerías en paralelo...
[2026-03-28 10:56:53] [DEBUG   ] [downloader] Ya válido, omitiendo: oshi-core-1.1.jar
[2026-03-28 10:56:53] [DEBUG   ] [downloader] Ya válido, omitiendo: codecjorbis-20101023.jar
[2026-03-28 10:56:53] [DEBUG   ] [downloader] Ya válido, omitiendo: codecwav-20101023.jar
[2026-03-28 10:56:53] [DEBUG   ] [downloader] Ya válido, omitiendo: libraryjavasound-20101123.jar
[2026-03-28 10:56:53] [DEBUG   ] [downloader] Ya válido, omitiendo: librarylwjglopenal-20100824.jar
[2026-03-28 10:56:53] [DEBUG   ] [downloader] Ya válido, omitiendo: soundsystem-20120107.jar
[2026-03-28 10:56:53] [DEBUG   ] [downloader] Ya válido, omitiendo: jutils-1.0.0.jar
[2026-03-28 10:56:53] [DEBUG   ] [downloader] Ya válido, omitiendo: jinput-2.0.5.jar
[2026-03-28 10:56:53] [DEBUG   ] [downloader] Ya válido, omitiendo: commons-logging-1.1.3.jar
[2026-03-28 10:56:53] [DEBUG   ] [downloader] Ya válido, omitiendo: platform-3.4.0.jar
[2026-03-28 10:56:53] [DEBUG   ] [downloader] Ya válido, omitiendo: commons-compress-1.8.1.jar
[2026-03-28 10:56:53] [DEBUG   ] [downloader] Ya válido, omitiendo: httpcore-4.3.2.jar
[2026-03-28 10:56:53] [DEBUG   ] [downloader] Ya válido, omitiendo: lwjgl-platform-2.9.4-nightly-20150209.jar
[2026-03-28 10:56:53] [DEBUG   ] [downloader] Ya válido, omitiendo: lwjgl_util-2.9.4-nightly-20150209.jar
[2026-03-28 10:56:53] [DEBUG   ] [downloader] Ya válido, omitiendo: lwjgl-2.9.4-nightly-20150209.jar
[2026-03-28 10:56:53] [DEBUG   ] [downloader] Ya válido, omitiendo: icu4j-core-mojang-51.2.jar
[2026-03-28 10:56:53] [DEBUG   ] [downloader] Ya válido, omitiendo: httpclient-4.3.3.jar
[2026-03-28 10:56:53] [DEBUG   ] [downloader] Ya válido, omitiendo: jinput-platform-2.0.5-natives-windows.jar
[2026-03-28 10:56:53] [DEBUG   ] [installer] Native JAR descargado: jinput-platform-2.0.5-natives-windows.jar
[2026-03-28 10:56:53] [DEBUG   ] [downloader] Ya válido, omitiendo: lwjgl-platform-2.9.4-nightly-20150209-natives-windows.jar
[2026-03-28 10:56:53] [DEBUG   ] [installer] Native JAR descargado: lwjgl-platform-2.9.4-nightly-20150209-natives-windows.jar
[2026-03-28 10:56:54] [DEBUG   ] [installer] Native JAR descargado: text2speech-1.10.3-natives-windows.jar
[2026-03-28 10:56:55] [INFO    ] [installer] ✓ 34 librerías descargadas
[2026-03-28 10:56:55] [INFO    ] [installer] Descargando 1305 assets en paralelo...
[2026-03-28 10:57:09] [INFO    ] [installer] ✓ 1305 assets descargados
[2026-03-28 10:57:09] [DEBUG   ] [installer] Extraído: OpenAL32.dll
[2026-03-28 10:57:09] [DEBUG   ] [installer] Extraído: OpenAL64.dll
[2026-03-28 10:57:09] [DEBUG   ] [installer] Extraído: lwjgl.dll
[2026-03-28 10:57:09] [DEBUG   ] [installer] Extraído: lwjgl64.dll
[2026-03-28 10:57:09] [DEBUG   ] [installer] JAR de natives no encontrado: lwjgl-platform-2.9.2-nightly-20140822-natives-windows.jar
[2026-03-28 10:57:09] [DEBUG   ] [installer] Extraído: jinput-dx8.dll
[2026-03-28 10:57:09] [DEBUG   ] [installer] Extraído: jinput-dx8_64.dll
[2026-03-28 10:57:09] [DEBUG   ] [installer] Extraído: jinput-raw.dll
[2026-03-28 10:57:09] [DEBUG   ] [installer] Extraído: jinput-raw_64.dll
[2026-03-28 10:57:09] [DEBUG   ] [installer] Extraído: jinput-wintab.dll
[2026-03-28 10:57:09] [DEBUG   ] [installer] Extraído: SAPIWrapper_x64.dll
[2026-03-28 10:57:09] [DEBUG   ] [installer] Extraído: SAPIWrapper_x86.dll
[2026-03-28 10:57:09] [INFO    ] [installer] Se extrajeron 11 archivos nativos para windows en 1.12.2
[2026-03-28 10:57:09] [INFO    ] [installer] === Minecraft 1.12.2 instalado correctamente ===
