[2026-03-29 16:30:57] [INFO    ] [logger] Logger iniciado. Archivo de log: logs\launcher_20260329_163057.log
[2026-03-29 16:30:58] [DEBUG   ] [settings] Configuración cargada desde data\launcher_settings.json
[2026-03-29 16:30:58] [INFO    ] [profile_manager] Perfiles cargados: 1
[2026-03-29 16:30:58] [INFO    ] [account_manager] Cuentas cargadas: 1
[2026-03-29 16:30:58] [INFO    ] [app] Interfaz Flet iniciada
[2026-03-29 16:31:13] [INFO    ] [modrinth_service] Modrinth: 20 resultados (type=mod, sort=relevance, offset=0)
[2026-03-29 16:31:28] [INFO    ] [version_manager] Actualizando caché de versiones disponibles...
[2026-03-29 16:31:28] [INFO    ] [installer] Descargando manifest de versiones de Mojang...
[2026-03-29 16:31:28] [INFO    ] [installer] Manifest cargado: 876 versiones disponibles
[2026-03-29 16:31:28] [INFO    ] [version_manager] Caché actualizado: 876 versiones disponibles
[2026-03-29 16:32:00] [INFO    ] [modrinth_service] Modrinth: 20 resultados (type=mod, sort=relevance, offset=0)
[2026-03-29 16:32:02] [INFO    ] [modrinth_service] Modrinth: 20 resultados (type=resourcepack, sort=relevance, offset=0)
[2026-03-29 16:32:05] [INFO    ] [modrinth_service] Modrinth: 20 resultados (type=modpack, sort=relevance, offset=0)
[2026-03-29 16:32:07] [INFO    ] [modrinth_service] Modrinth: 20 resultados (type=shader, sort=relevance, offset=0)
[2026-03-29 16:32:14] [INFO    ] [modrinth_service] Modrinth: 19 versiones para 'R6NEzAwj'
[2026-03-29 16:32:18] [INFO    ] [modrinth_service] Modrinth: 1 versiones para 'R6NEzAwj'
[2026-03-29 16:32:18] [INFO    ] [modrinth_service] Mod descargado: ComplementaryUnbound_r5.7.1.zip → C:\Users\geron\.minecraft\profiles\Survival_Pro\shaderpacks
[2026-03-29 16:32:21] [INFO    ] [modrinth_service] Modrinth: 1 versiones para 'ZvMtQlho'
[2026-03-29 16:32:22] [INFO    ] [modrinth_service] Mod descargado: Bliss_v2.1.2_(Chocapic13_Shaders_edit).zip → C:\Users\geron\.minecraft\profiles\Survival_Pro\shaderpacks
[2026-03-29 16:32:26] [INFO    ] [modrinth_service] Modrinth: 1 versiones para 'ZvMtQlho'
[2026-03-29 16:32:26] [DEBUG   ] [downloader] Ya válido, omitiendo: Bliss_v2.1.2_(Chocapic13_Shaders_edit).zip
[2026-03-29 16:32:26] [INFO    ] [modrinth_service] Mod descargado: Bliss_v2.1.2_(Chocapic13_Shaders_edit).zip → C:\Users\geron\.minecraft\profiles\Survival_Pro\shaderpacks
