[2026-03-27 19:35:19] [INFO    ] [logger] Logger iniciado. Archivo de log: logs\launcher_20260327_193519.log
[2026-03-27 19:35:19] [DEBUG   ] [settings] Configuración cargada desde data\launcher_settings.json
[2026-03-27 19:35:19] [INFO    ] [profile_manager] Perfiles cargados: 1
[2026-03-27 19:35:19] [INFO    ] [account_manager] Cuentas cargadas: 1
[2026-03-27 19:35:19] [INFO    ] [version_manager] Actualizando caché de versiones disponibles...
[2026-03-27 19:35:19] [INFO    ] [app] Interfaz Flet iniciada
[2026-03-27 19:35:19] [INFO    ] [installer] Descargando manifest de versiones de Mojang...
[2026-03-27 19:35:19] [INFO    ] [installer] Manifest cargado: 876 versiones disponibles
[2026-03-27 19:35:19] [INFO    ] [version_manager] Caché actualizado: 876 versiones disponibles
[2026-03-27 19:35:29] [INFO    ] [modrinth_service] Modrinth: 20 resultados (type=mod, sort=relevance, offset=0)
[2026-03-27 19:35:39] [INFO    ] [profile_manager] Perfil creado: '<x' — MC 1.9.4
[2026-03-27 19:35:45] [INFO    ] [profile_manager] Perfil eliminado: '<x'
[2026-03-27 19:38:20] [INFO    ] [modrinth_service] Modrinth: 20 resultados (type=mod, sort=relevance, offset=0)
[2026-03-27 19:38:25] [INFO    ] [modrinth_service] Modrinth: 20 resultados (type=mod, sort=follows, offset=0)
[2026-03-27 19:38:27] [INFO    ] [modrinth_service] Modrinth: 20 resultados (type=mod, sort=updated, offset=0)
[2026-03-27 19:38:29] [INFO    ] [modrinth_service] Modrinth: 20 resultados (type=mod, sort=newest, offset=0)
[2026-03-27 19:38:33] [INFO    ] [modrinth_service] Modrinth: 20 resultados (type=mod, sort=relevance, offset=0)
[2026-03-27 19:38:36] [INFO    ] [modrinth_service] Modrinth: 20 resultados (type=resourcepack, sort=relevance, offset=0)
[2026-03-27 19:38:38] [INFO    ] [modrinth_service] Modrinth: 20 resultados (type=shader, sort=relevance, offset=0)
[2026-03-27 19:38:39] [INFO    ] [modrinth_service] Modrinth: 20 resultados (type=modpack, sort=relevance, offset=0)
[2026-03-27 19:38:42] [INFO    ] [modrinth_service] Modrinth: 20 resultados (type=mod, sort=relevance, offset=0)
