[2026-03-28 16:09:33] [INFO    ] [logger] Logger iniciado. Archivo de log: logs\launcher_20260328_160933.log
[2026-03-28 16:09:33] [DEBUG   ] [settings] Configuración cargada desde data\launcher_settings.json
[2026-03-28 16:09:33] [INFO    ] [profile_manager] Perfiles cargados: 2
[2026-03-28 16:09:33] [INFO    ] [account_manager] Cuentas cargadas: 1
[2026-03-28 16:09:33] [INFO    ] [version_manager] Actualizando caché de versiones disponibles...
[2026-03-28 16:09:33] [INFO    ] [app] Interfaz Flet iniciada
[2026-03-28 16:09:33] [INFO    ] [installer] Descargando manifest de versiones de Mojang...
[2026-03-28 16:09:34] [INFO    ] [installer] Manifest cargado: 876 versiones disponibles
[2026-03-28 16:09:34] [INFO    ] [version_manager] Caché actualizado: 876 versiones disponibles
[2026-03-28 16:09:40] [INFO    ] [profile_manager] Perfil actualizado: '1.9.4 Survival'
[2026-03-28 16:09:40] [INFO    ] [loader_manager] Descargando instalador Forge 1.9.4-12.17.0.1908-1.9.4…
[2026-03-28 16:09:41] [INFO    ] [loader_manager] Ejecutando instalador Forge (puede tardar 1-2 min)…
[2026-03-28 16:09:42] [WARNING ] [loader_manager] Instalador Forge salió con código 1
[2026-03-28 16:09:42] [DEBUG   ] [loader_manager] Exception in thread "main" joptsimple.UnrecognizedOptionException: 'installClient' is not a recognized option
	at joptsimple.OptionException.unrecognizedOption(OptionException.java:89)
	at joptsimple.OptionParser.handleLongOptionToken(OptionParser.java:493)
	at joptsimple.OptionParserState$2.handleArgument(OptionParserState.java:56)
	at joptsimple.OptionParser.parse(OptionParser.java:433)
	at net.minecraftforge.installer.SimpleInstaller.main(SimpleInstaller.java:45)

[2026-03-28 16:09:42] [INFO    ] [loader_manager] Forge instalado.
[2026-03-28 16:09:50] [INFO    ] [auth_service] Sesion offline creada para: Geronimin (UUID: 53f57021-5ef5-30dd-88a8-b0839da0642a)
[2026-03-28 16:09:50] [INFO    ] [launcher] === Lanzando Minecraft 1.9.4 para 'Geronimin' ===
[2026-03-28 16:09:50] [INFO    ] [launcher] Sin install_id en loader_meta — lanzando vanilla
[2026-03-28 16:09:50] [INFO    ] [launcher] Versión efectiva de lanzamiento: 1.9.4
[2026-03-28 16:09:50] [INFO    ] [java_manager] Usando Java embebido: C:\Users\geron\.minecraft\runtime\java-runtime-delta\bin\java.exe
[2026-03-28 16:09:50] [DEBUG   ] [launcher] Librería no encontrada: C:\Users\geron\.minecraft\libraries\org\lwjgl\lwjgl\lwjgl\2.9.2-nightly-20140822\lwjgl-2.9.2-nightly-20140822.jar
[2026-03-28 16:09:50] [DEBUG   ] [launcher] Librería no encontrada: C:\Users\geron\.minecraft\libraries\org\lwjgl\lwjgl\lwjgl_util\2.9.2-nightly-20140822\lwjgl_util-2.9.2-nightly-20140822.jar
[2026-03-28 16:09:50] [DEBUG   ] [launcher] Librería no encontrada: C:\Users\geron\.minecraft\libraries\org\lwjgl\lwjgl\lwjgl-platform\2.9.2-nightly-20140822\lwjgl-platform-2.9.2-nightly-20140822.jar
[2026-03-28 16:09:50] [DEBUG   ] [launcher] Librería no encontrada: C:\Users\geron\.minecraft\libraries\net\java\jinput\jinput-platform\2.0.5\jinput-platform-2.0.5.jar
[2026-03-28 16:09:50] [DEBUG   ] [launcher] Classpath con 32 entradas
[2026-03-28 16:09:50] [INFO    ] [launcher] Assets index usado: 1.9
[2026-03-28 16:09:50] [DEBUG   ] [launcher] Comando construido con 32 partes
[2026-03-28 16:09:50] [INFO    ] [launcher] Minecraft iniciado con PID: 16848
[2026-03-28 16:09:52] [DEBUG   ] [launcher] [MC] [16:09:52] [Client thread/INFO]: Setting user: Geronimin
[2026-03-28 16:09:52] [INFO    ] [home_view] [MC] [16:09:52] [Client thread/INFO]: Setting user: Geronimin
[2026-03-28 16:09:53] [DEBUG   ] [launcher] [MC] [16:09:53] [Client thread/INFO]: LWJGL Version: 2.9.4
[2026-03-28 16:09:53] [INFO    ] [home_view] [MC] [16:09:53] [Client thread/INFO]: LWJGL Version: 2.9.4
[2026-03-28 16:09:55] [DEBUG   ] [launcher] [MC] [16:09:55] [Client thread/INFO]: Reloading ResourceManager: Default
[2026-03-28 16:09:55] [INFO    ] [home_view] [MC] [16:09:55] [Client thread/INFO]: Reloading ResourceManager: Default
[2026-03-28 16:09:55] [DEBUG   ] [launcher] [MC] [16:09:55] [Sound Library Loader/INFO]: Starting up SoundSystem...
[2026-03-28 16:09:55] [INFO    ] [home_view] [MC] [16:09:55] [Sound Library Loader/INFO]: Starting up SoundSystem...
[2026-03-28 16:09:56] [DEBUG   ] [launcher] [MC] [16:09:56] [Thread-4/INFO]: Initializing LWJGL OpenAL
[2026-03-28 16:09:56] [INFO    ] [home_view] [MC] [16:09:56] [Thread-4/INFO]: Initializing LWJGL OpenAL
[2026-03-28 16:09:56] [DEBUG   ] [launcher] [MC] [16:09:56] [Thread-4/INFO]: (The LWJGL binding of OpenAL.  For more information, see http://www.lwjgl.org)
[2026-03-28 16:09:56] [INFO    ] [home_view] [MC] [16:09:56] [Thread-4/INFO]: (The LWJGL binding of OpenAL.  For more information, see http://www.lwjgl.org)
[2026-03-28 16:09:56] [DEBUG   ] [launcher] [MC] [16:09:56] [Thread-4/INFO]: OpenAL initialized.
[2026-03-28 16:09:56] [INFO    ] [home_view] [MC] [16:09:56] [Thread-4/INFO]: OpenAL initialized.
[2026-03-28 16:09:56] [DEBUG   ] [launcher] [MC] [16:09:56] [Sound Library Loader/INFO]: Sound engine started
[2026-03-28 16:09:56] [INFO    ] [home_view] [MC] [16:09:56] [Sound Library Loader/INFO]: Sound engine started
[2026-03-28 16:09:57] [DEBUG   ] [launcher] [MC] [16:09:57] [Client thread/INFO]: Created: 1024x512 textures-atlas
[2026-03-28 16:09:57] [INFO    ] [home_view] [MC] [16:09:57] [Client thread/INFO]: Created: 1024x512 textures-atlas
[2026-03-28 16:10:16] [DEBUG   ] [launcher] [MC] [16:10:16] [Realms Notification Availability checker #1/ERROR]: Could not parse RealmsError: com.google.gson.stream.MalformedJsonException: Use JsonReader.setLenient(true) to accept malformed JSON at line 1 column 12
[2026-03-28 16:10:16] [INFO    ] [home_view] [MC] [16:10:16] [Realms Notification Availability checker #1/ERROR]: Could not parse RealmsError: com.google.gson.stream.MalformedJsonException: Use JsonReader.setLenient(true) to accept malformed JSON at line 1 column 12
[2026-03-28 16:10:16] [DEBUG   ] [launcher] [MC] [16:10:16] [Realms Notification Availability checker #1/ERROR]: The error was: <!DOCTYPE HTML PUBLIC "-//IETF//DTD HTML 2.0//EN">
[2026-03-28 16:10:16] [INFO    ] [home_view] [MC] [16:10:16] [Realms Notification Availability checker #1/ERROR]: The error was: <!DOCTYPE HTML PUBLIC "-//IETF//DTD HTML 2.0//EN">
[2026-03-28 16:10:16] [DEBUG   ] [launcher] [MC] <html><head>
[2026-03-28 16:10:16] [INFO    ] [home_view] [MC] <html><head>
[2026-03-28 16:10:16] [DEBUG   ] [launcher] [MC] <title>404 Not Found</title>
[2026-03-28 16:10:16] [INFO    ] [home_view] [MC] <title>404 Not Found</title>
[2026-03-28 16:10:16] [DEBUG   ] [launcher] [MC] </head><body>
[2026-03-28 16:10:16] [INFO    ] [home_view] [MC] </head><body>
[2026-03-28 16:10:16] [DEBUG   ] [launcher] [MC] <h1>Not Found</h1>
[2026-03-28 16:10:16] [INFO    ] [home_view] [MC] <h1>Not Found</h1>
[2026-03-28 16:10:16] [DEBUG   ] [launcher] [MC] <p>The requested URL was not found on this server.</p>
[2026-03-28 16:10:16] [INFO    ] [home_view] [MC] <p>The requested URL was not found on this server.</p>
[2026-03-28 16:10:16] [DEBUG   ] [launcher] [MC] <hr>
[2026-03-28 16:10:16] [INFO    ] [home_view] [MC] <hr>
[2026-03-28 16:10:16] [DEBUG   ] [launcher] [MC] <address>Apache Server at mcoapi.minecraft.net Port 443</address>
[2026-03-28 16:10:16] [INFO    ] [home_view] [MC] <address>Apache Server at mcoapi.minecraft.net Port 443</address>
[2026-03-28 16:10:16] [DEBUG   ] [launcher] [MC] </body></html>
[2026-03-28 16:10:16] [INFO    ] [home_view] [MC] </body></html>
[2026-03-28 16:10:16] [DEBUG   ] [launcher] [MC] [16:10:16] [Realms Notification Availability checker #1/ERROR]: Realms http code: 404 -  error code: 0 -  message: null - raw body: <!DOCTYPE HTML PUBLIC "-//IETF//DTD HTML 2.0//EN">
[2026-03-28 16:10:16] [INFO    ] [home_view] [MC] [16:10:16] [Realms Notification Availability checker #1/ERROR]: Realms http code: 404 -  error code: 0 -  message: null - raw body: <!DOCTYPE HTML PUBLIC "-//IETF//DTD HTML 2.0//EN">
[2026-03-28 16:10:16] [DEBUG   ] [launcher] [MC] <html><head>
[2026-03-28 16:10:16] [INFO    ] [home_view] [MC] <html><head>
[2026-03-28 16:10:16] [DEBUG   ] [launcher] [MC] <title>404 Not Found</title>
[2026-03-28 16:10:16] [INFO    ] [home_view] [MC] <title>404 Not Found</title>
[2026-03-28 16:10:16] [DEBUG   ] [launcher] [MC] </head><body>
[2026-03-28 16:10:16] [INFO    ] [home_view] [MC] </head><body>
[2026-03-28 16:10:16] [DEBUG   ] [launcher] [MC] <h1>Not Found</h1>
[2026-03-28 16:10:16] [INFO    ] [home_view] [MC] <h1>Not Found</h1>
[2026-03-28 16:10:16] [DEBUG   ] [launcher] [MC] <p>The requested URL was not found on this server.</p>
[2026-03-28 16:10:16] [INFO    ] [home_view] [MC] <p>The requested URL was not found on this server.</p>
[2026-03-28 16:10:16] [DEBUG   ] [launcher] [MC] <hr>
[2026-03-28 16:10:16] [INFO    ] [home_view] [MC] <hr>
[2026-03-28 16:10:16] [DEBUG   ] [launcher] [MC] <address>Apache Server at mcoapi.minecraft.net Port 443</address>
[2026-03-28 16:10:16] [INFO    ] [home_view] [MC] <address>Apache Server at mcoapi.minecraft.net Port 443</address>
[2026-03-28 16:10:16] [DEBUG   ] [launcher] [MC] </body></html>
[2026-03-28 16:10:16] [INFO    ] [home_view] [MC] </body></html>
[2026-03-28 16:10:16] [DEBUG   ] [launcher] [MC] [16:10:16] [Client thread/INFO]: Stopping!
[2026-03-28 16:10:16] [INFO    ] [home_view] [MC] [16:10:16] [Client thread/INFO]: Stopping!
[2026-03-28 16:10:16] [DEBUG   ] [launcher] [MC] [16:10:16] [Client thread/INFO]: SoundSystem shutting down...
[2026-03-28 16:10:16] [INFO    ] [home_view] [MC] [16:10:16] [Client thread/INFO]: SoundSystem shutting down...
[2026-03-28 16:10:17] [DEBUG   ] [launcher] [MC] [16:10:17] [Client thread/WARN]: Author: Paul Lamb, www.paulscode.com
[2026-03-28 16:10:17] [INFO    ] [home_view] [MC] [16:10:17] [Client thread/WARN]: Author: Paul Lamb, www.paulscode.com
[2026-03-28 16:10:17] [INFO    ] [home_view] Minecraft cerrado con código: 0
[2026-03-28 16:10:48] [INFO    ] [profile_manager] Perfil creado: '1-12-2 Survivals' — MC 1.12.2
[2026-03-28 16:10:48] [INFO    ] [loader_manager] Descargando instalador Forge 1.12.2-14.23.0.2486…
[2026-03-28 16:10:49] [INFO    ] [loader_manager] Ejecutando instalador Forge (puede tardar 1-2 min)…
[2026-03-28 16:10:49] [WARNING ] [loader_manager] Instalador Forge salió con código 1
[2026-03-28 16:10:49] [DEBUG   ] [loader_manager] Exception in thread "main" joptsimple.UnrecognizedOptionException: 'installClient' is not a recognized option
	at joptsimple.OptionException.unrecognizedOption(OptionException.java:89)
	at joptsimple.OptionParser.handleLongOptionToken(OptionParser.java:493)
	at joptsimple.OptionParserState$2.handleArgument(OptionParserState.java:56)
	at joptsimple.OptionParser.parse(OptionParser.java:433)
	at net.minecraftforge.installer.SimpleInstaller.main(SimpleInstaller.java:45)

[2026-03-28 16:10:49] [INFO    ] [loader_manager] Forge instalado.
[2026-03-28 16:11:41] [INFO    ] [auth_service] Sesion offline creada para: Geronimin (UUID: 53f57021-5ef5-30dd-88a8-b0839da0642a)
[2026-03-28 16:11:41] [INFO    ] [launcher] === Lanzando Minecraft 1.9.4 para 'Geronimin' ===
[2026-03-28 16:11:41] [INFO    ] [launcher] Sin install_id en loader_meta — lanzando vanilla
[2026-03-28 16:11:41] [INFO    ] [launcher] Versión efectiva de lanzamiento: 1.9.4
[2026-03-28 16:11:41] [INFO    ] [java_manager] Usando Java embebido: C:\Users\geron\.minecraft\runtime\java-runtime-delta\bin\java.exe
[2026-03-28 16:11:41] [DEBUG   ] [launcher] Librería no encontrada: C:\Users\geron\.minecraft\libraries\org\lwjgl\lwjgl\lwjgl\2.9.2-nightly-20140822\lwjgl-2.9.2-nightly-20140822.jar
[2026-03-28 16:11:41] [DEBUG   ] [launcher] Librería no encontrada: C:\Users\geron\.minecraft\libraries\org\lwjgl\lwjgl\lwjgl_util\2.9.2-nightly-20140822\lwjgl_util-2.9.2-nightly-20140822.jar
[2026-03-28 16:11:41] [DEBUG   ] [launcher] Librería no encontrada: C:\Users\geron\.minecraft\libraries\org\lwjgl\lwjgl\lwjgl-platform\2.9.2-nightly-20140822\lwjgl-platform-2.9.2-nightly-20140822.jar
[2026-03-28 16:11:41] [DEBUG   ] [launcher] Librería no encontrada: C:\Users\geron\.minecraft\libraries\net\java\jinput\jinput-platform\2.0.5\jinput-platform-2.0.5.jar
[2026-03-28 16:11:41] [DEBUG   ] [launcher] Classpath con 32 entradas
[2026-03-28 16:11:41] [INFO    ] [launcher] Assets index usado: 1.9
[2026-03-28 16:11:41] [DEBUG   ] [launcher] Comando construido con 32 partes
[2026-03-28 16:11:41] [INFO    ] [launcher] Minecraft iniciado con PID: 21536
[2026-03-28 16:11:43] [DEBUG   ] [launcher] [MC] [16:11:43] [Client thread/INFO]: Setting user: Geronimin
[2026-03-28 16:11:43] [INFO    ] [home_view] [MC] [16:11:43] [Client thread/INFO]: Setting user: Geronimin
[2026-03-28 16:11:44] [DEBUG   ] [launcher] [MC] [16:11:44] [Client thread/INFO]: LWJGL Version: 2.9.4
[2026-03-28 16:11:44] [INFO    ] [home_view] [MC] [16:11:44] [Client thread/INFO]: LWJGL Version: 2.9.4
[2026-03-28 16:11:45] [DEBUG   ] [launcher] [MC] [16:11:45] [Client thread/INFO]: Reloading ResourceManager: Default
[2026-03-28 16:11:45] [INFO    ] [home_view] [MC] [16:11:45] [Client thread/INFO]: Reloading ResourceManager: Default
[2026-03-28 16:11:46] [DEBUG   ] [launcher] [MC] [16:11:46] [Sound Library Loader/INFO]: Starting up SoundSystem...
[2026-03-28 16:11:46] [INFO    ] [home_view] [MC] [16:11:46] [Sound Library Loader/INFO]: Starting up SoundSystem...
[2026-03-28 16:11:46] [DEBUG   ] [launcher] [MC] [16:11:46] [Thread-4/INFO]: Initializing LWJGL OpenAL
[2026-03-28 16:11:46] [INFO    ] [home_view] [MC] [16:11:46] [Thread-4/INFO]: Initializing LWJGL OpenAL
[2026-03-28 16:11:46] [DEBUG   ] [launcher] [MC] [16:11:46] [Thread-4/INFO]: (The LWJGL binding of OpenAL.  For more information, see http://www.lwjgl.org)
[2026-03-28 16:11:46] [INFO    ] [home_view] [MC] [16:11:46] [Thread-4/INFO]: (The LWJGL binding of OpenAL.  For more information, see http://www.lwjgl.org)
[2026-03-28 16:11:46] [DEBUG   ] [launcher] [MC] [16:11:46] [Thread-4/INFO]: OpenAL initialized.
[2026-03-28 16:11:46] [INFO    ] [home_view] [MC] [16:11:46] [Thread-4/INFO]: OpenAL initialized.
[2026-03-28 16:11:46] [DEBUG   ] [launcher] [MC] [16:11:46] [Sound Library Loader/INFO]: Sound engine started
[2026-03-28 16:11:46] [INFO    ] [home_view] [MC] [16:11:46] [Sound Library Loader/INFO]: Sound engine started
[2026-03-28 16:11:47] [DEBUG   ] [launcher] [MC] [16:11:47] [Client thread/INFO]: Created: 1024x512 textures-atlas
[2026-03-28 16:11:47] [INFO    ] [home_view] [MC] [16:11:47] [Client thread/INFO]: Created: 1024x512 textures-atlas
[2026-03-28 16:11:47] [DEBUG   ] [launcher] [MC] [16:11:47] [Client thread/INFO]: Stopping!
[2026-03-28 16:11:47] [INFO    ] [home_view] [MC] [16:11:47] [Client thread/INFO]: Stopping!
[2026-03-28 16:11:47] [DEBUG   ] [launcher] [MC] [16:11:47] [Client thread/INFO]: SoundSystem shutting down...
[2026-03-28 16:11:47] [INFO    ] [home_view] [MC] [16:11:47] [Client thread/INFO]: SoundSystem shutting down...
[2026-03-28 16:11:48] [DEBUG   ] [launcher] [MC] [16:11:48] [Client thread/WARN]: Author: Paul Lamb, www.paulscode.com
[2026-03-28 16:11:48] [INFO    ] [home_view] [MC] [16:11:48] [Client thread/WARN]: Author: Paul Lamb, www.paulscode.com
[2026-03-28 16:11:48] [INFO    ] [home_view] Minecraft cerrado con código: 0
[2026-03-28 16:11:50] [INFO    ] [auth_service] Sesion offline creada para: Geronimin (UUID: 53f57021-5ef5-30dd-88a8-b0839da0642a)
[2026-03-28 16:11:50] [INFO    ] [launcher] === Lanzando Minecraft 1.12.2 para 'Geronimin' ===
[2026-03-28 16:11:50] [INFO    ] [launcher] Sin install_id en loader_meta — lanzando vanilla
[2026-03-28 16:11:50] [INFO    ] [launcher] Versión efectiva de lanzamiento: 1.12.2
[2026-03-28 16:11:50] [INFO    ] [java_manager] Usando Java embebido: C:\Users\geron\.minecraft\runtime\java-runtime-delta\bin\java.exe
[2026-03-28 16:11:50] [DEBUG   ] [launcher] Librería no encontrada: C:\Users\geron\.minecraft\libraries\org\lwjgl\lwjgl\lwjgl\2.9.2-nightly-20140822\lwjgl-2.9.2-nightly-20140822.jar
[2026-03-28 16:11:50] [DEBUG   ] [launcher] Librería no encontrada: C:\Users\geron\.minecraft\libraries\org\lwjgl\lwjgl\lwjgl_util\2.9.2-nightly-20140822\lwjgl_util-2.9.2-nightly-20140822.jar
[2026-03-28 16:11:50] [DEBUG   ] [launcher] Librería no encontrada: C:\Users\geron\.minecraft\libraries\org\lwjgl\lwjgl\lwjgl-platform\2.9.2-nightly-20140822\lwjgl-platform-2.9.2-nightly-20140822.jar
[2026-03-28 16:11:50] [DEBUG   ] [launcher] Librería no encontrada: C:\Users\geron\.minecraft\libraries\net\java\jinput\jinput-platform\2.0.5\jinput-platform-2.0.5.jar
[2026-03-28 16:11:50] [DEBUG   ] [launcher] Librería no encontrada: C:\Users\geron\.minecraft\libraries\ca\weblite\java-objc-bridge\1.0.0\java-objc-bridge-1.0.0.jar
[2026-03-28 16:11:50] [DEBUG   ] [launcher] Classpath con 33 entradas
[2026-03-28 16:11:50] [INFO    ] [launcher] Assets index usado: 1.12
[2026-03-28 16:11:50] [DEBUG   ] [launcher] Comando construido con 32 partes
[2026-03-28 16:11:50] [INFO    ] [launcher] Minecraft iniciado con PID: 9444
[2026-03-28 16:11:52] [DEBUG   ] [launcher] [MC] [16:11:52] [Client thread/INFO]: Setting user: Geronimin
[2026-03-28 16:11:52] [INFO    ] [home_view] [MC] [16:11:52] [Client thread/INFO]: Setting user: Geronimin
[2026-03-28 16:11:53] [DEBUG   ] [launcher] [MC] [16:11:53] [Client thread/INFO]: LWJGL Version: 2.9.4
[2026-03-28 16:11:53] [INFO    ] [home_view] [MC] [16:11:53] [Client thread/INFO]: LWJGL Version: 2.9.4
[2026-03-28 16:11:54] [DEBUG   ] [launcher] [MC] [16:11:54] [Client thread/INFO]: Reloading ResourceManager: Default
[2026-03-28 16:11:54] [INFO    ] [home_view] [MC] [16:11:54] [Client thread/INFO]: Reloading ResourceManager: Default
[2026-03-28 16:11:55] [DEBUG   ] [launcher] [MC] [16:11:55] [Sound Library Loader/INFO]: Starting up SoundSystem...
[2026-03-28 16:11:55] [INFO    ] [home_view] [MC] [16:11:55] [Sound Library Loader/INFO]: Starting up SoundSystem...
[2026-03-28 16:11:55] [DEBUG   ] [launcher] [MC] [16:11:55] [Thread-2/INFO]: Initializing LWJGL OpenAL
[2026-03-28 16:11:55] [INFO    ] [home_view] [MC] [16:11:55] [Thread-2/INFO]: Initializing LWJGL OpenAL
[2026-03-28 16:11:55] [DEBUG   ] [launcher] [MC] [16:11:55] [Thread-2/INFO]: (The LWJGL binding of OpenAL.  For more information, see http://www.lwjgl.org)
[2026-03-28 16:11:55] [INFO    ] [home_view] [MC] [16:11:55] [Thread-2/INFO]: (The LWJGL binding of OpenAL.  For more information, see http://www.lwjgl.org)
[2026-03-28 16:11:55] [DEBUG   ] [launcher] [MC] [16:11:55] [Thread-2/INFO]: OpenAL initialized.
[2026-03-28 16:11:55] [INFO    ] [home_view] [MC] [16:11:55] [Thread-2/INFO]: OpenAL initialized.
[2026-03-28 16:11:55] [DEBUG   ] [launcher] [MC] [16:11:55] [Sound Library Loader/INFO]: Sound engine started
[2026-03-28 16:11:55] [INFO    ] [home_view] [MC] [16:11:55] [Sound Library Loader/INFO]: Sound engine started
[2026-03-28 16:12:00] [DEBUG   ] [launcher] [MC] [16:12:00] [Client thread/INFO]: Created: 1024x512 textures-atlas
[2026-03-28 16:12:00] [INFO    ] [home_view] [MC] [16:12:00] [Client thread/INFO]: Created: 1024x512 textures-atlas
[2026-03-28 16:12:01] [DEBUG   ] [launcher] [MC] [16:12:01] [Client thread/INFO]: Narrator library for x64 successfully loaded
[2026-03-28 16:12:01] [INFO    ] [home_view] [MC] [16:12:01] [Client thread/INFO]: Narrator library for x64 successfully loaded
[2026-03-28 16:12:02] [DEBUG   ] [launcher] [MC] [16:12:02] [Realms Notification Availability checker #1/INFO]: Could not authorize you against Realms server: java.lang.RuntimeException: Failed to parse into SignedJWT: 0
[2026-03-28 16:12:02] [INFO    ] [home_view] [MC] [16:12:02] [Realms Notification Availability checker #1/INFO]: Could not authorize you against Realms server: java.lang.RuntimeException: Failed to parse into SignedJWT: 0
[2026-03-28 16:12:06] [DEBUG   ] [launcher] [MC] [16:12:06] [Client thread/INFO]: Stopping!
[2026-03-28 16:12:06] [INFO    ] [home_view] [MC] [16:12:06] [Client thread/INFO]: Stopping!
[2026-03-28 16:12:06] [DEBUG   ] [launcher] [MC] [16:12:06] [Client thread/INFO]: SoundSystem shutting down...
[2026-03-28 16:12:06] [INFO    ] [home_view] [MC] [16:12:06] [Client thread/INFO]: SoundSystem shutting down...
[2026-03-28 16:12:06] [DEBUG   ] [launcher] [MC] [16:12:06] [Client thread/WARN]: Author: Paul Lamb, www.paulscode.com
[2026-03-28 16:12:06] [INFO    ] [home_view] [MC] [16:12:06] [Client thread/WARN]: Author: Paul Lamb, www.paulscode.com
[2026-03-28 16:12:06] [INFO    ] [home_view] Minecraft cerrado con código: 0
