[2026-03-28 10:46:40] [INFO    ] [logger] Logger iniciado. Archivo de log: logs\launcher_20260328_104640.log
[2026-03-28 10:46:40] [DEBUG   ] [settings] Configuración cargada desde data\launcher_settings.json
[2026-03-28 10:46:40] [INFO    ] [profile_manager] Perfiles cargados: 2
[2026-03-28 10:46:40] [INFO    ] [account_manager] Cuentas cargadas: 1
[2026-03-28 10:46:41] [INFO    ] [version_manager] Actualizando caché de versiones disponibles...
[2026-03-28 10:46:41] [INFO    ] [installer] Descargando manifest de versiones de Mojang...
[2026-03-28 10:46:41] [INFO    ] [app] Interfaz Flet iniciada
[2026-03-28 10:46:41] [INFO    ] [installer] Manifest cargado: 876 versiones disponibles
[2026-03-28 10:46:41] [INFO    ] [version_manager] Caché actualizado: 876 versiones disponibles
[2026-03-28 10:46:51] [INFO    ] [auth_service] Sesion offline creada para: Geronimin (UUID: 53f57021-5ef5-30dd-88a8-b0839da0642a)
[2026-03-28 10:46:51] [INFO    ] [launcher] === Lanzando Minecraft 1.9.4 para 'Geronimin' ===
[2026-03-28 10:46:51] [INFO    ] [launcher] Sin install_id en loader_meta — lanzando vanilla
[2026-03-28 10:46:51] [INFO    ] [launcher] Versión efectiva de lanzamiento: 1.9.4
[2026-03-28 10:46:51] [INFO    ] [java_manager] Usando Java embebido: C:\Users\geron\.minecraft\runtime\java-runtime-delta\bin\java.exe
[2026-03-28 10:46:51] [DEBUG   ] [launcher] Librería no encontrada: C:\Users\geron\.minecraft\libraries\org\lwjgl\lwjgl\lwjgl\2.9.2-nightly-20140822\lwjgl-2.9.2-nightly-20140822.jar
[2026-03-28 10:46:51] [DEBUG   ] [launcher] Librería no encontrada: C:\Users\geron\.minecraft\libraries\org\lwjgl\lwjgl\lwjgl_util\2.9.2-nightly-20140822\lwjgl_util-2.9.2-nightly-20140822.jar
[2026-03-28 10:46:51] [DEBUG   ] [launcher] Librería no encontrada: C:\Users\geron\.minecraft\libraries\org\lwjgl\lwjgl\lwjgl-platform\2.9.2-nightly-20140822\lwjgl-platform-2.9.2-nightly-20140822.jar
[2026-03-28 10:46:51] [DEBUG   ] [launcher] Librería no encontrada: C:\Users\geron\.minecraft\libraries\net\java\jinput\jinput-platform\2.0.5\jinput-platform-2.0.5.jar
[2026-03-28 10:46:51] [DEBUG   ] [launcher] Classpath con 32 entradas
[2026-03-28 10:46:51] [INFO    ] [launcher] Assets index usado: 1.9
[2026-03-28 10:46:51] [DEBUG   ] [launcher] Comando construido con 32 partes
[2026-03-28 10:46:51] [INFO    ] [launcher] Minecraft iniciado con PID: 6684
[2026-03-28 10:46:53] [DEBUG   ] [launcher] [MC] [10:46:53] [Client thread/INFO]: Setting user: Geronimin
[2026-03-28 10:46:53] [INFO    ] [home_view] [MC] [10:46:53] [Client thread/INFO]: Setting user: Geronimin
[2026-03-28 10:46:54] [DEBUG   ] [launcher] [MC] [10:46:54] [Client thread/INFO]: LWJGL Version: 2.9.4
[2026-03-28 10:46:54] [INFO    ] [home_view] [MC] [10:46:54] [Client thread/INFO]: LWJGL Version: 2.9.4
[2026-03-28 10:46:56] [DEBUG   ] [launcher] [MC] [10:46:56] [Client thread/INFO]: Reloading ResourceManager: Default
[2026-03-28 10:46:56] [INFO    ] [home_view] [MC] [10:46:56] [Client thread/INFO]: Reloading ResourceManager: Default
[2026-03-28 10:46:56] [DEBUG   ] [launcher] [MC] [10:46:56] [Sound Library Loader/INFO]: Starting up SoundSystem...
[2026-03-28 10:46:56] [INFO    ] [home_view] [MC] [10:46:56] [Sound Library Loader/INFO]: Starting up SoundSystem...
[2026-03-28 10:46:56] [DEBUG   ] [launcher] [MC] [10:46:56] [Thread-3/INFO]: Initializing LWJGL OpenAL
[2026-03-28 10:46:56] [INFO    ] [home_view] [MC] [10:46:56] [Thread-3/INFO]: Initializing LWJGL OpenAL
[2026-03-28 10:46:56] [DEBUG   ] [launcher] [MC] [10:46:56] [Thread-3/INFO]: (The LWJGL binding of OpenAL.  For more information, see http://www.lwjgl.org)
[2026-03-28 10:46:56] [INFO    ] [home_view] [MC] [10:46:56] [Thread-3/INFO]: (The LWJGL binding of OpenAL.  For more information, see http://www.lwjgl.org)
[2026-03-28 10:46:57] [DEBUG   ] [launcher] [MC] [10:46:57] [Thread-3/INFO]: OpenAL initialized.
[2026-03-28 10:46:57] [INFO    ] [home_view] [MC] [10:46:57] [Thread-3/INFO]: OpenAL initialized.
[2026-03-28 10:46:57] [DEBUG   ] [launcher] [MC] [10:46:57] [Sound Library Loader/INFO]: Sound engine started
[2026-03-28 10:46:57] [INFO    ] [home_view] [MC] [10:46:57] [Sound Library Loader/INFO]: Sound engine started
[2026-03-28 10:46:57] [DEBUG   ] [launcher] [MC] [10:46:57] [Client thread/INFO]: Created: 1024x512 textures-atlas
[2026-03-28 10:46:57] [INFO    ] [home_view] [MC] [10:46:57] [Client thread/INFO]: Created: 1024x512 textures-atlas
[2026-03-28 10:46:58] [DEBUG   ] [launcher] [MC] [10:46:58] [Client thread/INFO]: Stopping!
[2026-03-28 10:46:58] [INFO    ] [home_view] [MC] [10:46:58] [Client thread/INFO]: Stopping!
[2026-03-28 10:46:58] [DEBUG   ] [launcher] [MC] [10:46:58] [Client thread/INFO]: SoundSystem shutting down...
[2026-03-28 10:46:58] [INFO    ] [home_view] [MC] [10:46:58] [Client thread/INFO]: SoundSystem shutting down...
[2026-03-28 10:46:59] [DEBUG   ] [launcher] [MC] [10:46:59] [Client thread/WARN]: Author: Paul Lamb, www.paulscode.com
[2026-03-28 10:46:59] [INFO    ] [home_view] [MC] [10:46:59] [Client thread/WARN]: Author: Paul Lamb, www.paulscode.com
[2026-03-28 10:46:59] [INFO    ] [home_view] Minecraft cerrado con código: 0
[2026-03-28 10:47:00] [INFO    ] [modrinth_service] Modrinth: 20 resultados (type=mod, sort=relevance, offset=0)
[2026-03-28 10:47:02] [INFO    ] [modrinth_service] Modrinth: 20 resultados (type=mod, sort=relevance, offset=0)
